【登录信息】
*3d5a228f1082bc550818e18f7971fe57*
`登陆天数: 7天 / 645天
等级: 130
石头: 2271
呼符: 0
体力: 13883.823333333334 / 138
友情点: 0 / 467010`
_2024-05-30 05:07:44_
--------
*6abaffb5ee5ceaf2dd7ed98b206d749f*
`登陆天数: 7天 / 645天
等级: 130
石头: 2536
呼符: 0
体力: 13883.846666666666 / 138
友情点: 0 / 466815`
_2024-05-30 05:07:52_
--------
*f63a615d55b52038a51b0dc3bdadc06a*
`登陆天数: 7天 / 644天
等级: 130
石头: 3857
呼符: 0
体力: 13883.873333333333 / 138
友情点: 0 / 469020`
_2024-05-30 05:08:00_
--------
*0e40a25d9b7cd5711e7a2b10d87c238d*
`登陆天数: 7天 / 645天
等级: 130
石头: 3916
呼符: 0
体力: 13883.9 / 138
友情点: 0 / 466065`
_2024-05-30 05:08:08_
--------
*e18b1c081f46994f811a7d72800eebb5*
`登陆天数: 7天 / 645天
等级: 130
石头: 3766
呼符: 0
体力: 13883.926666666666 / 138
友情点: 0 / 466850`
_2024-05-30 05:08:16_
--------
*d3890b0a09fce4b3116374f3a0132ada*
`登陆天数: 7天 / 645天
等级: 130
石头: 13
呼符: 0
体力: 13883.953333333333 / 138
友情点: 0 / 466570`
_2024-05-30 05:08:23_
--------
*90b0a38d5c1e9caee255c7f85b3abd13*
`登陆天数: 7天 / 645天
等级: 130
石头: 3766
呼符: 0
体力: 13883.98 / 138
友情点: 0 / 466190`
_2024-05-30 05:08:32_
--------
*84a4a9cb3346931358bf9edf442d9c87*
`登陆天数: 7天 / 644天
等级: 130
石头: 3016
呼符: 0
体力: 13884.006666666666 / 138
友情点: 0 / 468720`
_2024-05-30 05:08:39_
--------
*aae09810e10318643494f04886d652d3*
`登陆天数: 7天 / 644天
等级: 130
石头: 2989
呼符: 0
体力: 13884.033333333333 / 138
友情点: 0 / 467855`
_2024-05-30 05:08:47_
--------
*2855350f3242d93bfb042a798b27bda8*
`登陆天数: 8天 / 645天
等级: 130
石头: 3723
呼符: 0
体力: 13884.056666666667 / 138
友情点: 0 / 468345`
_2024-05-30 05:08:55_
--------
*ea44e352ac37eb1bae023ef86b3b62bd*
`登陆天数: 7天 / 644天
等级: 130
石头: 3136
呼符: 0
体力: 13884.083333333334 / 138
友情点: 0 / 468290`
_2024-05-30 05:09:03_
--------
*6b40f136ba3d65a84594e41ebc56b6a3*
`登陆天数: 7天 / 645天
等级: 130
石头: 3637
呼符: 0
体力: 13884.11 / 138
友情点: 0 / 466920`
_2024-05-30 05:09:10_
--------
*d1d58f7c0158360f3b797dfd119e9051*
`登陆天数: 7天 / 644天
等级: 130
石头: 3424
呼符: 0
体力: 13884.136666666667 / 138
友情点: 0 / 469775`
_2024-05-30 05:09:18_
--------
*e7b4738e053dd651b9e278fc07dabc2f*
`登陆天数: 7天 / 645天
等级: 130
石头: 2945
呼符: 0
体力: 13884.163333333334 / 138
友情点: 0 / 466770`
_2024-05-30 05:09:26_
--------
*ad2ba66ee90fff361e63ca47dfb5747d*
`登陆天数: 7天 / 645天
等级: 130
石头: 1600
呼符: 0
体力: 13884.19 / 138
友情点: 0 / 466730`
_2024-05-30 05:09:34_
--------
*65250a9a990f0d7ed4990127bb0d41d7*
`登陆天数: 7天 / 644天
等级: 130
石头: 4014
呼符: 229
体力: 13884.213333333333 / 138
友情点: 0 / 468950`
_2024-05-30 05:09:42_
--------
*8b8be115d7782194e1244a833cc650a3*
`登陆天数: 7天 / 645天
等级: 130
石头: 2116
呼符: 0
体力: 13884.243333333334 / 138
友情点: 0 / 466225`
_2024-05-30 05:09:50_
--------
*f01ffcc9af352d2b15d794c0892908d6*
`登陆天数: 7天 / 645天
等级: 130
石头: 3621
呼符: 0
体力: 13884.273333333333 / 138
友情点: 0 / 465910`
_2024-05-30 05:09:59_
--------
*227f88ee49a278300463381f63f3c724*
`登陆天数: 7天 / 645天
等级: 130
石头: 3907
呼符: 0
体力: 13884.3 / 138
友情点: 0 / 467865`
_2024-05-30 05:10:07_
--------
*94f3b7e552d36542e785c8e44467be89*
`登陆天数: 7天 / 645天
等级: 130
石头: 3919
呼符: 0
体力: 13884.33 / 138
友情点: 0 / 466475`
_2024-05-30 05:10:16_
--------
*d8b6704358386dfe3015f85f59b64b79*
`登陆天数: 7天 / 645天
等级: 130
石头: 3858
呼符: 0
体力: 13884.356666666667 / 138
友情点: 0 / 466500`
_2024-05-30 05:10:25_
--------
*4269a16316ffc1ac21364239ba5b87fe*
`登陆天数: 7天 / 645天
等级: 130
石头: 2688
呼符: 0
体力: 13884.386666666667 / 138
友情点: 0 / 467075`
_2024-05-30 05:10:33_
--------
*c72d8558cefa89a1175654c976c0beab*
`登陆天数: 7天 / 644天
等级: 130
石头: 3496
呼符: 0
体力: 13884.416666666666 / 138
友情点: 0 / 468650`
_2024-05-30 05:10:42_
--------
*bdc8d657256a9e1fd00b040f193b38b9*
`登陆天数: 7天 / 644天
等级: 130
石头: 3704
呼符: 0
体力: 13884.443333333333 / 138
友情点: 0 / 470805`
_2024-05-30 05:10:51_
--------
*48ffd29b98fccb573baef20885d2b97e*
`登陆天数: 7天 / 644天
等级: 130
石头: 2716
呼符: 0
体力: 13884.473333333333 / 138
友情点: 0 / 468700`
_2024-05-30 05:10:59_
--------
*c83224bb597c8cba26239f94419c4589*
`登陆天数: 7天 / 644天
等级: 130
石头: 2659
呼符: 0
体力: 13884.496666666666 / 138
友情点: 0 / 468700`
_2024-05-30 05:11:07_
--------
*c04df84328839272606d25d6f9159ab2*
`登陆天数: 7天 / 644天
等级: 130
石头: 3044
呼符: 0
体力: 13884.523333333333 / 138
友情点: 0 / 468310`
_2024-05-30 05:11:15_
--------
*e40304d9e9ffbf6e25ccd578ba9e1259*
`登陆天数: 7天 / 644天
等级: 130
石头: 3045
呼符: 0
体力: 13884.55 / 138
友情点: 0 / 469380`
_2024-05-30 05:11:23_
--------
*defd823107815253ee48f31d320dd260*
`登陆天数: 7天 / 645天
等级: 130
石头: 1760
呼符: 0
体力: 13884.576666666666 / 138
友情点: 0 / 468395`
_2024-05-30 05:11:30_
--------
*7ca422e311c6d57765d39683e587572b*
`登陆天数: 7天 / 645天
等级: 130
石头: 1703
呼符: 0
体力: 13884.603333333333 / 138
友情点: 0 / 466195`
_2024-05-30 05:11:38_
--------
*fe7bf40c722af72f68fc2a802e3cb54f*
`登陆天数: 7天 / 644天
等级: 130
石头: 3768
呼符: 0
体力: 13884.63 / 138
友情点: 0 / 468750`
_2024-05-30 05:11:46_
--------
*67354c23977de1368fdc3b47a763f868*
`登陆天数: 7天 / 644天
等级: 130
石头: 2755
呼符: 0
体力: 13884.656666666666 / 138
友情点: 0 / 467655`
_2024-05-30 05:11:55_
--------
*688813225857caa674d793db47c94a5e*
`登陆天数: 7天 / 645天
等级: 130
石头: 3647
呼符: 0
体力: 13884.683333333332 / 138
友情点: 0 / 466235`
*連続ログイン7日間到達おめでとうございます！
明日は1日目からリスタートされます。*
`獣の足跡 X 1
呼符 X 1
5月交換券(2024) X 1
`*カルデア・サマーアドベンチャー！ アンケート復刻版 開幕記念 ログインボーナス*
*開催期間中、1日1回 最大21回 ログインボーナスをプレゼント！*
`白銀の果実 X 1
`_2024-05-30 05:12:03_
--------
*3c5947cbb209c8d2b920f60ff7af7afc*
`登陆天数: 7天 / 644天
等级: 130
石头: 3503
呼符: 0
体力: 13884.706666666667 / 138
友情点: 0 / 468435`
*連続ログイン7日間到達おめでとうございます！
明日は1日目からリスタートされます。*
`獣の足跡 X 1
呼符 X 1
5月交換券(2024) X 1
`*カルデア・サマーアドベンチャー！ アンケート復刻版 開幕記念 ログインボーナス*
*開催期間中、1日1回 最大21回 ログインボーナスをプレゼント！*
`白銀の果実 X 1
`_2024-05-30 05:12:10_
--------
*0b1d16a6123aa7c3005cb4f4b5b6d63c*
`登陆天数: 7天 / 645天
等级: 130
石头: 2507
呼符: 0
体力: 13884.736666666666 / 138
友情点: 0 / 465740`
*連続ログイン7日間到達おめでとうございます！
明日は1日目からリスタートされます。*
`獣の足跡 X 1
呼符 X 1
5月交換券(2024) X 1
`*カルデア・サマーアドベンチャー！ アンケート復刻版 開幕記念 ログインボーナス*
*開催期間中、1日1回 最大21回 ログインボーナスをプレゼント！*
`白銀の果実 X 1
`_2024-05-30 05:12:19_
--------
*cb4cf2a0cb65dd6feafa50673c1f65d6*
`登陆天数: 7天 / 644天
等级: 130
石头: 4006
呼符: 71
体力: 13884.763333333334 / 138
友情点: 0 / 468435`
*連続ログイン7日間到達おめでとうございます！
明日は1日目からリスタートされます。*
`獣の足跡 X 1
呼符 X 1
5月交換券(2024) X 1
`*カルデア・サマーアドベンチャー！ アンケート復刻版 開幕記念 ログインボーナス*
*開催期間中、1日1回 最大21回 ログインボーナスをプレゼント！*
`白銀の果実 X 1
`_2024-05-30 05:12:26_
--------
*645957db5ef305d8ad175331ff9c3d50*
`登陆天数: 7天 / 645天
等级: 130
石头: 1699
呼符: 0
体力: 13884.79 / 138
友情点: 0 / 465960`
*連続ログイン7日間到達おめでとうございます！
明日は1日目からリスタートされます。*
`獣の足跡 X 1
呼符 X 1
5月交換券(2024) X 1
`*カルデア・サマーアドベンチャー！ アンケート復刻版 開幕記念 ログインボーナス*
*開催期間中、1日1回 最大21回 ログインボーナスをプレゼント！*
`白銀の果実 X 1
`_2024-05-30 05:12:34_
--------
*8edae1fe51bdc94d09878095d23412a7*
`登陆天数: 7天 / 644天
等级: 130
石头: 3139
呼符: 0
体力: 13884.816666666668 / 138
友情点: 0 / 468445`
*連続ログイン7日間到達おめでとうございます！
明日は1日目からリスタートされます。*
`獣の足跡 X 1
呼符 X 1
5月交換券(2024) X 1
`*カルデア・サマーアドベンチャー！ アンケート復刻版 開幕記念 ログインボーナス*
*開催期間中、1日1回 最大21回 ログインボーナスをプレゼント！*
`白銀の果実 X 1
`_2024-05-30 05:12:42_
--------
*f845edc0e0a95e38a300e03bbc2c235a*
`登陆天数: 7天 / 645天
等级: 130
石头: 2713
呼符: 0
体力: 13884.843333333334 / 138
友情点: 0 / 467770`
*連続ログイン7日間到達おめでとうございます！
明日は1日目からリスタートされます。*
`獣の足跡 X 1
呼符 X 1
5月交換券(2024) X 1
`*カルデア・サマーアドベンチャー！ アンケート復刻版 開幕記念 ログインボーナス*
*開催期間中、1日1回 最大21回 ログインボーナスをプレゼント！*
`白銀の果実 X 1
`_2024-05-30 05:12:50_
--------
*62c0e225a3ef4996956b0f299bc4a62c*
`登陆天数: 7天 / 644天
等级: 130
石头: 3947
呼符: 0
体力: 13884.87 / 138
友情点: 0 / 468045`
*連続ログイン7日間到達おめでとうございます！
明日は1日目からリスタートされます。*
`獣の足跡 X 1
呼符 X 1
5月交換券(2024) X 1
`*カルデア・サマーアドベンチャー！ アンケート復刻版 開幕記念 ログインボーナス*
*開催期間中、1日1回 最大21回 ログインボーナスをプレゼント！*
`白銀の果実 X 1
`_2024-05-30 05:12:58_
--------
*d7f5342037a7a823a785dbd64a88b3e0*
`登陆天数: 7天 / 645天
等级: 130
石头: 3285
呼符: 0
体力: 13884.893333333333 / 138
友情点: 0 / 467590`
*連続ログイン7日間到達おめでとうございます！
明日は1日目からリスタートされます。*
`獣の足跡 X 1
呼符 X 1
5月交換券(2024) X 1
`*カルデア・サマーアドベンチャー！ アンケート復刻版 開幕記念 ログインボーナス*
*開催期間中、1日1回 最大21回 ログインボーナスをプレゼント！*
`白銀の果実 X 1
`_2024-05-30 05:13:06_
--------
*7acddab98e5d6e1bb0e134866c37863c*
`登陆天数: 7天 / 644天
等级: 130
石头: 4014
呼符: 142
体力: 13884.923333333334 / 138
友情点: 0 / 469405`
*連続ログイン7日間到達おめでとうございます！
明日は1日目からリスタートされます。*
`獣の足跡 X 1
呼符 X 1
5月交換券(2024) X 1
`*カルデア・サマーアドベンチャー！ アンケート復刻版 開幕記念 ログインボーナス*
*開催期間中、1日1回 最大21回 ログインボーナスをプレゼント！*
`白銀の果実 X 1
`_2024-05-30 05:13:14_
--------
*dce381eb9407fea2f6744beafff7f243*
`登陆天数: 7天 / 644天
等级: 130
石头: 3500
呼符: 0
体力: 13884.95 / 138
友情点: 0 / 469090`
*連続ログイン7日間到達おめでとうございます！
明日は1日目からリスタートされます。*
`獣の足跡 X 1
呼符 X 1
5月交換券(2024) X 1
`*カルデア・サマーアドベンチャー！ アンケート復刻版 開幕記念 ログインボーナス*
*開催期間中、1日1回 最大21回 ログインボーナスをプレゼント！*
`白銀の果実 X 1
`_2024-05-30 05:13:22_
--------
*208f7c6cd17d052a03d63a2de15989d8*
`登陆天数: 7天 / 645天
等级: 130
石头: 589
呼符: 0
体力: 13884.976666666667 / 138
友情点: 0 / 466615`
*連続ログイン7日間到達おめでとうございます！
明日は1日目からリスタートされます。*
`獣の足跡 X 1
呼符 X 1
5月交換券(2024) X 1
`*カルデア・サマーアドベンチャー！ アンケート復刻版 開幕記念 ログインボーナス*
*開催期間中、1日1回 最大21回 ログインボーナスをプレゼント！*
`白銀の果実 X 1
`_2024-05-30 05:13:30_
--------
*9ca6d2f2132e23f6761aec34e53b845b*
`登陆天数: 7天 / 644天
等级: 130
石头: 3138
呼符: 0
体力: 13885.0 / 138
友情点: 0 / 468360`
*連続ログイン7日間到達おめでとうございます！
明日は1日目からリスタートされます。*
`獣の足跡 X 1
呼符 X 1
5月交換券(2024) X 1
`*カルデア・サマーアドベンチャー！ アンケート復刻版 開幕記念 ログインボーナス*
*開催期間中、1日1回 最大21回 ログインボーナスをプレゼント！*
`白銀の果実 X 1
`_2024-05-30 05:13:38_
--------
*1c160346ee0ca603e7c742fd92dafce9*
`登陆天数: 7天 / 645天
等级: 130
石头: 2451
呼符: 0
体力: 13885.026666666667 / 138
友情点: 0 / 465950`
*連続ログイン7日間到達おめでとうございます！
明日は1日目からリスタートされます。*
`獣の足跡 X 1
呼符 X 1
5月交換券(2024) X 1
`*カルデア・サマーアドベンチャー！ アンケート復刻版 開幕記念 ログインボーナス*
*開催期間中、1日1回 最大21回 ログインボーナスをプレゼント！*
`白銀の果実 X 1
`_2024-05-30 05:13:46_
--------
*c84509cfb4ad377c450bd3960a49a3c4*
`登陆天数: 7天 / 645天
等级: 130
石头: 2032
呼符: 0
体力: 13885.053333333333 / 138
友情点: 0 / 466225`
*連続ログイン7日間到達おめでとうございます！
明日は1日目からリスタートされます。*
`獣の足跡 X 1
呼符 X 1
5月交換券(2024) X 1
`*カルデア・サマーアドベンチャー！ アンケート復刻版 開幕記念 ログインボーナス*
*開催期間中、1日1回 最大21回 ログインボーナスをプレゼント！*
`白銀の果実 X 1
`_2024-05-30 05:13:53_
--------
*52405f19031fac8559b666a148f775b3*
`登陆天数: 7天 / 644天
等级: 130
石头: 2505
呼符: 0
体力: 13885.08 / 138
友情点: 0 / 468465`
*連続ログイン7日間到達おめでとうございます！
明日は1日目からリスタートされます。*
`獣の足跡 X 1
呼符 X 1
5月交換券(2024) X 1
`*カルデア・サマーアドベンチャー！ アンケート復刻版 開幕記念 ログインボーナス*
*開催期間中、1日1回 最大21回 ログインボーナスをプレゼント！*
`白銀の果実 X 1
`_2024-05-30 05:14:01_
--------
*7518a642d74f8ba62456ff7d91fbe4c0*
`登陆天数: 7天 / 645天
等级: 130
石头: 3485
呼符: 0
体力: 13885.106666666667 / 138
友情点: 0 / 466545`
*連続ログイン7日間到達おめでとうございます！
明日は1日目からリスタートされます。*
`獣の足跡 X 1
呼符 X 1
5月交換券(2024) X 1
`*カルデア・サマーアドベンチャー！ アンケート復刻版 開幕記念 ログインボーナス*
*開催期間中、1日1回 最大21回 ログインボーナスをプレゼント！*
`白銀の果実 X 1
`_2024-05-30 05:14:09_
--------
*369a580e4c636db740cc45cd14125989*
`登陆天数: 7天 / 645天
等级: 130
石头: 1907
呼符: 0
体力: 13885.133333333333 / 138
友情点: 0 / 467280`
*連続ログイン7日間到達おめでとうございます！
明日は1日目からリスタートされます。*
`獣の足跡 X 1
呼符 X 1
5月交換券(2024) X 1
`*カルデア・サマーアドベンチャー！ アンケート復刻版 開幕記念 ログインボーナス*
*開催期間中、1日1回 最大21回 ログインボーナスをプレゼント！*
`白銀の果実 X 1
`_2024-05-30 05:14:17_
--------
