【登录信息】
*3d5a228f1082bc550818e18f7971fe57*
`登陆天数: 40天 / 678天
等级: 130
石头: 2271
呼符: 0
体力: 23376.2 / 138
友情点: 0 / 467010`
_2024-07-02 04:09:37_
--------
*6abaffb5ee5ceaf2dd7ed98b206d749f*
`登陆天数: 40天 / 678天
等级: 130
石头: 2625
呼符: 19
体力: 25.96333333333334 / 138
友情点: 0 / 458815`
_2024-07-02 04:09:45_
--------
*f63a615d55b52038a51b0dc3bdadc06a*
`登陆天数: 40天 / 677天
等级: 130
石头: 3948
呼符: 19
体力: 25.933333333333337 / 138
友情点: 0 / 407020`
_2024-07-02 04:09:53_
--------
*0e40a25d9b7cd5711e7a2b10d87c238d*
`登陆天数: 40天 / 678天
等级: 130
石头: 4005
呼符: 19
体力: 25.906666666666666 / 138
友情点: 0 / 404065`
_2024-07-02 04:10:02_
--------
*e18b1c081f46994f811a7d72800eebb5*
`登陆天数: 40天 / 678天
等级: 130
石头: 3855
呼符: 19
体力: 25.879999999999995 / 138
友情点: 0 / 408850`
_2024-07-02 04:10:10_
--------
*d3890b0a09fce4b3116374f3a0132ada*
`登陆天数: 40天 / 678天
等级: 130
石头: 102
呼符: 19
体力: 25.85333333333334 / 138
友情点: 0 / 480570`
_2024-07-02 04:10:18_
--------
*90b0a38d5c1e9caee255c7f85b3abd13*
`登陆天数: 40天 / 678天
等级: 130
石头: 3855
呼符: 19
体力: 25.823333333333338 / 138
友情点: 0 / 414190`
_2024-07-02 04:10:26_
--------
*84a4a9cb3346931358bf9edf442d9c87*
`登陆天数: 40天 / 677天
等级: 130
石头: 3107
呼符: 19
体力: 25.799999999999997 / 138
友情点: 0 / 432720`
_2024-07-02 04:10:35_
--------
*aae09810e10318643494f04886d652d3*
`登陆天数: 40天 / 677天
等级: 130
石头: 3080
呼符: 19
体力: 25.773333333333326 / 138
友情点: 0 / 421855`
_2024-07-02 04:10:43_
--------
*2855350f3242d93bfb042a798b27bda8*
`登陆天数: 41天 / 678天
等级: 130
石头: 3816
呼符: 19
体力: 25.74666666666667 / 138
友情点: 0 / 394345`
_2024-07-02 04:10:51_
--------
*ea44e352ac37eb1bae023ef86b3b62bd*
`登陆天数: 40天 / 677天
等级: 130
石头: 3227
呼符: 19
体力: 25.71666666666667 / 138
友情点: 0 / 414290`
_2024-07-02 04:11:00_
--------
*6b40f136ba3d65a84594e41ebc56b6a3*
`登陆天数: 40天 / 678天
等级: 130
石头: 3726
呼符: 19
体力: 25.689999999999998 / 138
友情点: 0 / 408920`
_2024-07-02 04:11:08_
--------
*d1d58f7c0158360f3b797dfd119e9051*
`登陆天数: 40天 / 677天
等级: 130
石头: 3515
呼符: 19
体力: 25.659999999999997 / 138
友情点: 0 / 431775`
_2024-07-02 04:11:16_
--------
*e7b4738e053dd651b9e278fc07dabc2f*
`登陆天数: 40天 / 678天
等级: 130
石头: 3034
呼符: 19
体力: 25.63333333333334 / 138
友情点: 0 / 422770`
_2024-07-02 04:11:24_
--------
*ad2ba66ee90fff361e63ca47dfb5747d*
`登陆天数: 40天 / 678天
等级: 130
石头: 1689
呼符: 19
体力: 25.60666666666667 / 138
友情点: 0 / 480730`
_2024-07-02 04:11:32_
--------
*65250a9a990f0d7ed4990127bb0d41d7*
`登陆天数: 40天 / 677天
等级: 130
石头: 4105
呼符: 248
体力: 25.58 / 138
友情点: 0 / 342950`
_2024-07-02 04:11:41_
--------
*8b8be115d7782194e1244a833cc650a3*
`登陆天数: 40天 / 678天
等级: 130
石头: 2205
呼符: 19
体力: 25.553333333333327 / 138
友情点: 0 / 480225`
_2024-07-02 04:11:49_
--------
*f01ffcc9af352d2b15d794c0892908d6*
`登陆天数: 40天 / 678天
等级: 130
石头: 3710
呼符: 19
体力: 25.52666666666667 / 138
友情点: 0 / 413910`
_2024-07-02 04:11:57_
--------
*227f88ee49a278300463381f63f3c724*
`登陆天数: 40天 / 678天
等级: 130
石头: 3996
呼符: 19
体力: 25.49666666666667 / 138
友情点: 0 / 403865`
_2024-07-02 04:12:05_
--------
*94f3b7e552d36542e785c8e44467be89*
`登陆天数: 40天 / 678天
等级: 130
石头: 4008
呼符: 19
体力: 25.47 / 138
友情点: 0 / 396475`
_2024-07-02 04:12:13_
--------
*d8b6704358386dfe3015f85f59b64b79*
`登陆天数: 40天 / 678天
等级: 130
石头: 3947
呼符: 19
体力: 25.443333333333328 / 138
友情点: 0 / 408500`
_2024-07-02 04:12:21_
--------
*4269a16316ffc1ac21364239ba5b87fe*
`登陆天数: 40天 / 678天
等级: 130
石头: 2777
呼符: 19
体力: 25.413333333333327 / 138
友情点: 0 / 457075`
_2024-07-02 04:12:29_
--------
*c72d8558cefa89a1175654c976c0beab*
`登陆天数: 40天 / 677天
等级: 130
石头: 3587
呼符: 19
体力: 25.38666666666667 / 138
友情点: 0 / 402650`
_2024-07-02 04:12:37_
--------
*bdc8d657256a9e1fd00b040f193b38b9*
`登陆天数: 40天 / 677天
等级: 130
石头: 3795
呼符: 19
体力: 25.36333333333333 / 138
友情点: 0 / 408805`
_2024-07-02 04:12:46_
--------
*48ffd29b98fccb573baef20885d2b97e*
`登陆天数: 40天 / 677天
等级: 130
石头: 2807
呼符: 19
体力: 25.336666666666673 / 138
友情点: 0 / 464700`
_2024-07-02 04:12:54_
--------
*c83224bb597c8cba26239f94419c4589*
`登陆天数: 40天 / 677天
等级: 130
石头: 2750
呼符: 19
体力: 25.306666666666672 / 138
友情点: 0 / 446700`
_2024-07-02 04:13:02_
--------
*c04df84328839272606d25d6f9159ab2*
`登陆天数: 40天 / 677天
等级: 130
石头: 3135
呼符: 19
体力: 25.28 / 138
友情点: 0 / 450310`
_2024-07-02 04:13:10_
--------
*e40304d9e9ffbf6e25ccd578ba9e1259*
`登陆天数: 40天 / 677天
等级: 130
石头: 3136
呼符: 19
体力: 25.25 / 138
友情点: 0 / 441380`
_2024-07-02 04:13:19_
--------
*defd823107815253ee48f31d320dd260*
`登陆天数: 40天 / 678天
等级: 130
石头: 1849
呼符: 19
体力: 25.226666666666674 / 138
友情点: 0 / 482395`
_2024-07-02 04:13:27_
--------
*7ca422e311c6d57765d39683e587572b*
`登陆天数: 40天 / 678天
等级: 130
石头: 1792
呼符: 19
体力: 25.200000000000003 / 138
友情点: 0 / 480195`
_2024-07-02 04:13:35_
--------
*fe7bf40c722af72f68fc2a802e3cb54f*
`登陆天数: 40天 / 677天
等级: 130
石头: 3859
呼符: 19
体力: 25.173333333333332 / 138
友情点: 0 / 402750`
_2024-07-02 04:13:43_
--------
*67354c23977de1368fdc3b47a763f868*
`登陆天数: 40天 / 677天
等级: 130
石头: 2846
呼符: 19
体力: 25.14666666666666 / 138
友情点: 0 / 447655`
_2024-07-02 04:13:52_
--------
*688813225857caa674d793db47c94a5e*
`登陆天数: 40天 / 678天
等级: 130
石头: 3736
呼符: 19
体力: 25.120000000000005 / 138
友情点: 0 / 418235`
_2024-07-02 04:14:00_
--------
*3c5947cbb209c8d2b920f60ff7af7afc*
`登陆天数: 40天 / 677天
等级: 130
石头: 3594
呼符: 19
体力: 25.090000000000003 / 138
友情点: 0 / 406435`
_2024-07-02 04:14:08_
--------
*0b1d16a6123aa7c3005cb4f4b5b6d63c*
`登陆天数: 40天 / 678天
等级: 130
石头: 2596
呼符: 19
体力: 25.066666666666663 / 138
友情点: 0 / 469740`
_2024-07-02 04:14:17_
--------
*cb4cf2a0cb65dd6feafa50673c1f65d6*
`登陆天数: 40天 / 677天
等级: 130
石头: 4097
呼符: 90
体力: 25.043333333333337 / 138
友情点: 0 / 374435`
_2024-07-02 04:14:25_
--------
*645957db5ef305d8ad175331ff9c3d50*
`登陆天数: 40天 / 678天
等级: 130
石头: 1788
呼符: 19
体力: 25.016666666666666 / 138
友情点: 0 / 479960`
_2024-07-02 04:14:33_
--------
*8edae1fe51bdc94d09878095d23412a7*
`登陆天数: 40天 / 677天
等级: 130
石头: 3230
呼符: 19
体力: 24.989999999999995 / 138
友情点: 0 / 438445`
_2024-07-02 04:14:41_
--------
*f845edc0e0a95e38a300e03bbc2c235a*
`登陆天数: 40天 / 678天
等级: 130
石头: 2802
呼符: 19
体力: 24.959999999999994 / 138
友情点: 0 / 463770`
_2024-07-02 04:14:49_
--------
*62c0e225a3ef4996956b0f299bc4a62c*
`登陆天数: 40天 / 677天
等级: 130
石头: 4038
呼符: 19
体力: 24.936666666666667 / 138
友情点: 0 / 374045`
_2024-07-02 04:14:58_
--------
*d7f5342037a7a823a785dbd64a88b3e0*
`登陆天数: 40天 / 678天
等级: 130
石头: 3374
呼符: 19
体力: 24.906666666666666 / 138
友情点: 0 / 427590`
_2024-07-02 04:15:06_
--------
*7acddab98e5d6e1bb0e134866c37863c*
`登陆天数: 40天 / 677天
等级: 130
石头: 4105
呼符: 161
体力: 24.876666666666665 / 138
友情点: 0 / 371405`
_2024-07-02 04:15:15_
--------
*dce381eb9407fea2f6744beafff7f243*
`登陆天数: 40天 / 677天
等级: 130
石头: 3591
呼符: 19
体力: 24.849999999999994 / 138
友情点: 0 / 397090`
_2024-07-02 04:15:23_
--------
*208f7c6cd17d052a03d63a2de15989d8*
`登陆天数: 40天 / 678天
等级: 130
石头: 678
呼符: 19
体力: 24.819999999999993 / 138
友情点: 0 / 480615`
_2024-07-02 04:15:31_
--------
*9ca6d2f2132e23f6761aec34e53b845b*
`登陆天数: 40天 / 677天
等级: 130
石头: 3229
呼符: 19
体力: 24.793333333333337 / 138
友情点: 0 / 442360`
_2024-07-02 04:15:39_
--------
*1c160346ee0ca603e7c742fd92dafce9*
`登陆天数: 40天 / 678天
等级: 130
石头: 2540
呼符: 19
体力: 24.766666666666666 / 138
友情点: 0 / 479950`
_2024-07-02 04:15:47_
--------
*c84509cfb4ad377c450bd3960a49a3c4*
`登陆天数: 40天 / 678天
等级: 130
石头: 2121
呼符: 19
体力: 24.739999999999995 / 138
友情点: 0 / 480225`
_2024-07-02 04:15:55_
--------
*52405f19031fac8559b666a148f775b3*
`登陆天数: 40天 / 677天
等级: 130
石头: 2596
呼符: 19
体力: 24.71333333333334 / 138
友情点: 0 / 474465`
_2024-07-02 04:16:04_
--------
*7518a642d74f8ba62456ff7d91fbe4c0*
`登陆天数: 40天 / 678天
等级: 130
石头: 3574
呼符: 19
体力: 24.683333333333337 / 138
友情点: 0 / 412545`
_2024-07-02 04:16:12_
--------
*369a580e4c636db740cc45cd14125989*
`登陆天数: 40天 / 678天
等级: 130
石头: 1996
呼符: 19
体力: 24.659999999999997 / 138
友情点: 0 / 481280`
_2024-07-02 04:16:20_
--------
