【登录信息】
*3d5a228f1082bc550818e18f7971fe57*
`登陆天数: 9天 / 647天
等级: 130
石头: 2271
呼符: 0
体力: 14452.126666666667 / 138
友情点: 0 / 467010`
*連続ログイン2日目
※ログインが途切れるか、7日到達すると
1日目から再開されます*
`聖晶石 X 1
6月交換券(2024) X 1
`*カルデア・サマーアドベンチャー！ アンケート復刻版 開幕記念 ログインボーナス*
*開催期間中、1日1回 最大21回 ログインボーナスをプレゼント！*
`白銀の果実 X 1
`_2024-06-01 04:29:15_
--------
*6abaffb5ee5ceaf2dd7ed98b206d749f*
`登陆天数: 9天 / 647天
等级: 130
石头: 2536
呼符: 0
体力: 14452.153333333334 / 138
友情点: 0 / 466815`
*連続ログイン2日目
※ログインが途切れるか、7日到達すると
1日目から再開されます*
`聖晶石 X 1
6月交換券(2024) X 1
`*カルデア・サマーアドベンチャー！ アンケート復刻版 開幕記念 ログインボーナス*
*開催期間中、1日1回 最大21回 ログインボーナスをプレゼント！*
`白銀の果実 X 1
`_2024-06-01 04:29:23_
--------
*f63a615d55b52038a51b0dc3bdadc06a*
`登陆天数: 9天 / 646天
等级: 130
石头: 3857
呼符: 0
体力: 14452.183333333332 / 138
友情点: 0 / 469020`
*連続ログイン2日目
※ログインが途切れるか、7日到達すると
1日目から再開されます*
`聖晶石 X 1
6月交換券(2024) X 1
`*カルデア・サマーアドベンチャー！ アンケート復刻版 開幕記念 ログインボーナス*
*開催期間中、1日1回 最大21回 ログインボーナスをプレゼント！*
`白銀の果実 X 1
`_2024-06-01 04:29:32_
--------
*0e40a25d9b7cd5711e7a2b10d87c238d*
`登陆天数: 9天 / 647天
等级: 130
石头: 3916
呼符: 0
体力: 14452.21 / 138
友情点: 0 / 466065`
*連続ログイン2日目
※ログインが途切れるか、7日到達すると
1日目から再開されます*
`聖晶石 X 1
6月交換券(2024) X 1
`*カルデア・サマーアドベンチャー！ アンケート復刻版 開幕記念 ログインボーナス*
*開催期間中、1日1回 最大21回 ログインボーナスをプレゼント！*
`白銀の果実 X 1
`_2024-06-01 04:29:40_
--------
*e18b1c081f46994f811a7d72800eebb5*
`登陆天数: 9天 / 647天
等级: 130
石头: 3766
呼符: 0
体力: 14452.236666666666 / 138
友情点: 0 / 466850`
*連続ログイン2日目
※ログインが途切れるか、7日到達すると
1日目から再開されます*
`聖晶石 X 1
6月交換券(2024) X 1
`*カルデア・サマーアドベンチャー！ アンケート復刻版 開幕記念 ログインボーナス*
*開催期間中、1日1回 最大21回 ログインボーナスをプレゼント！*
`白銀の果実 X 1
`_2024-06-01 04:29:48_
--------
*d3890b0a09fce4b3116374f3a0132ada*
`登陆天数: 9天 / 647天
等级: 130
石头: 13
呼符: 0
体力: 14452.27 / 138
友情点: 0 / 466570`
*連続ログイン2日目
※ログインが途切れるか、7日到達すると
1日目から再開されます*
`聖晶石 X 1
6月交換券(2024) X 1
`*カルデア・サマーアドベンチャー！ アンケート復刻版 開幕記念 ログインボーナス*
*開催期間中、1日1回 最大21回 ログインボーナスをプレゼント！*
`白銀の果実 X 1
`_2024-06-01 04:29:57_
--------
*90b0a38d5c1e9caee255c7f85b3abd13*
`登陆天数: 9天 / 647天
等级: 130
石头: 3766
呼符: 0
体力: 14452.296666666667 / 138
友情点: 0 / 466190`
*連続ログイン2日目
※ログインが途切れるか、7日到達すると
1日目から再開されます*
`聖晶石 X 1
6月交換券(2024) X 1
`*カルデア・サマーアドベンチャー！ アンケート復刻版 開幕記念 ログインボーナス*
*開催期間中、1日1回 最大21回 ログインボーナスをプレゼント！*
`白銀の果実 X 1
`_2024-06-01 04:30:06_
--------
*84a4a9cb3346931358bf9edf442d9c87*
`登陆天数: 9天 / 646天
等级: 130
石头: 3016
呼符: 0
体力: 14452.33 / 138
友情点: 0 / 468720`
*連続ログイン2日目
※ログインが途切れるか、7日到達すると
1日目から再開されます*
`聖晶石 X 1
6月交換券(2024) X 1
`*カルデア・サマーアドベンチャー！ アンケート復刻版 開幕記念 ログインボーナス*
*開催期間中、1日1回 最大21回 ログインボーナスをプレゼント！*
`白銀の果実 X 1
`_2024-06-01 04:30:16_
--------
*aae09810e10318643494f04886d652d3*
`登陆天数: 9天 / 646天
等级: 130
石头: 2989
呼符: 0
体力: 14452.356666666667 / 138
友情点: 0 / 467855`
*連続ログイン2日目
※ログインが途切れるか、7日到達すると
1日目から再開されます*
`聖晶石 X 1
6月交換券(2024) X 1
`*カルデア・サマーアドベンチャー！ アンケート復刻版 開幕記念 ログインボーナス*
*開催期間中、1日1回 最大21回 ログインボーナスをプレゼント！*
`白銀の果実 X 1
`_2024-06-01 04:30:24_
--------
*2855350f3242d93bfb042a798b27bda8*
`登陆天数: 10天 / 647天
等级: 130
石头: 3723
呼符: 0
体力: 14452.386666666667 / 138
友情点: 0 / 468345`
*連続ログイン3日目
※ログインが途切れるか、7日到達すると
1日目から再開されます*
`叡智の業火 X 1
6月交換券(2024) X 1
`*カルデア・サマーアドベンチャー！ アンケート復刻版 開幕記念 ログインボーナス*
*開催期間中、1日1回 最大21回 ログインボーナスをプレゼント！*
`白銀の果実 X 1
`_2024-06-01 04:30:33_
--------
*ea44e352ac37eb1bae023ef86b3b62bd*
`登陆天数: 9天 / 646天
等级: 130
石头: 3136
呼符: 0
体力: 14452.413333333334 / 138
友情点: 0 / 468290`
*連続ログイン2日目
※ログインが途切れるか、7日到達すると
1日目から再開されます*
`聖晶石 X 1
6月交換券(2024) X 1
`*カルデア・サマーアドベンチャー！ アンケート復刻版 開幕記念 ログインボーナス*
*開催期間中、1日1回 最大21回 ログインボーナスをプレゼント！*
`白銀の果実 X 1
`_2024-06-01 04:30:41_
--------
*6b40f136ba3d65a84594e41ebc56b6a3*
`登陆天数: 9天 / 647天
等级: 130
石头: 3637
呼符: 0
体力: 14452.44 / 138
友情点: 0 / 466920`
*連続ログイン2日目
※ログインが途切れるか、7日到達すると
1日目から再開されます*
`聖晶石 X 1
6月交換券(2024) X 1
`*カルデア・サマーアドベンチャー！ アンケート復刻版 開幕記念 ログインボーナス*
*開催期間中、1日1回 最大21回 ログインボーナスをプレゼント！*
`白銀の果実 X 1
`_2024-06-01 04:30:49_
--------
*d1d58f7c0158360f3b797dfd119e9051*
`登陆天数: 9天 / 646天
等级: 130
石头: 3424
呼符: 0
体力: 14452.47 / 138
友情点: 0 / 469775`
*連続ログイン2日目
※ログインが途切れるか、7日到達すると
1日目から再開されます*
`聖晶石 X 1
6月交換券(2024) X 1
`*カルデア・サマーアドベンチャー！ アンケート復刻版 開幕記念 ログインボーナス*
*開催期間中、1日1回 最大21回 ログインボーナスをプレゼント！*
`白銀の果実 X 1
`_2024-06-01 04:30:57_
--------
*e7b4738e053dd651b9e278fc07dabc2f*
`登陆天数: 9天 / 647天
等级: 130
石头: 2945
呼符: 0
体力: 14452.496666666666 / 138
友情点: 0 / 466770`
*連続ログイン2日目
※ログインが途切れるか、7日到達すると
1日目から再開されます*
`聖晶石 X 1
6月交換券(2024) X 1
`*カルデア・サマーアドベンチャー！ アンケート復刻版 開幕記念 ログインボーナス*
*開催期間中、1日1回 最大21回 ログインボーナスをプレゼント！*
`白銀の果実 X 1
`_2024-06-01 04:31:06_
--------
*ad2ba66ee90fff361e63ca47dfb5747d*
`登陆天数: 9天 / 647天
等级: 130
石头: 1600
呼符: 0
体力: 14452.523333333333 / 138
友情点: 0 / 466730`
*連続ログイン2日目
※ログインが途切れるか、7日到達すると
1日目から再開されます*
`聖晶石 X 1
6月交換券(2024) X 1
`*カルデア・サマーアドベンチャー！ アンケート復刻版 開幕記念 ログインボーナス*
*開催期間中、1日1回 最大21回 ログインボーナスをプレゼント！*
`白銀の果実 X 1
`_2024-06-01 04:31:14_
--------
*65250a9a990f0d7ed4990127bb0d41d7*
`登陆天数: 9天 / 646天
等级: 130
石头: 4014
呼符: 229
体力: 14452.553333333333 / 138
友情点: 0 / 468950`
*連続ログイン2日目
※ログインが途切れるか、7日到達すると
1日目から再開されます*
`聖晶石 X 1
6月交換券(2024) X 1
`*カルデア・サマーアドベンチャー！ アンケート復刻版 開幕記念 ログインボーナス*
*開催期間中、1日1回 最大21回 ログインボーナスをプレゼント！*
`白銀の果実 X 1
`_2024-06-01 04:31:23_
--------
*8b8be115d7782194e1244a833cc650a3*
`登陆天数: 9天 / 647天
等级: 130
石头: 2116
呼符: 0
体力: 14452.58 / 138
友情点: 0 / 466225`
*連続ログイン2日目
※ログインが途切れるか、7日到達すると
1日目から再開されます*
`聖晶石 X 1
6月交換券(2024) X 1
`*カルデア・サマーアドベンチャー！ アンケート復刻版 開幕記念 ログインボーナス*
*開催期間中、1日1回 最大21回 ログインボーナスをプレゼント！*
`白銀の果実 X 1
`_2024-06-01 04:31:31_
--------
*f01ffcc9af352d2b15d794c0892908d6*
`登陆天数: 9天 / 647天
等级: 130
石头: 3621
呼符: 0
体力: 14452.606666666667 / 138
友情点: 0 / 465910`
*連続ログイン2日目
※ログインが途切れるか、7日到達すると
1日目から再開されます*
`聖晶石 X 1
6月交換券(2024) X 1
`*カルデア・サマーアドベンチャー！ アンケート復刻版 開幕記念 ログインボーナス*
*開催期間中、1日1回 最大21回 ログインボーナスをプレゼント！*
`白銀の果実 X 1
`_2024-06-01 04:31:39_
--------
*227f88ee49a278300463381f63f3c724*
`登陆天数: 9天 / 647天
等级: 130
石头: 3907
呼符: 0
体力: 14452.636666666667 / 138
友情点: 0 / 467865`
*連続ログイン2日目
※ログインが途切れるか、7日到達すると
1日目から再開されます*
`聖晶石 X 1
6月交換券(2024) X 1
`*カルデア・サマーアドベンチャー！ アンケート復刻版 開幕記念 ログインボーナス*
*開催期間中、1日1回 最大21回 ログインボーナスをプレゼント！*
`白銀の果実 X 1
`_2024-06-01 04:31:48_
--------
*94f3b7e552d36542e785c8e44467be89*
`登陆天数: 9天 / 647天
等级: 130
石头: 3919
呼符: 0
体力: 14452.663333333334 / 138
友情点: 0 / 466475`
*連続ログイン2日目
※ログインが途切れるか、7日到達すると
1日目から再開されます*
`聖晶石 X 1
6月交換券(2024) X 1
`*カルデア・サマーアドベンチャー！ アンケート復刻版 開幕記念 ログインボーナス*
*開催期間中、1日1回 最大21回 ログインボーナスをプレゼント！*
`白銀の果実 X 1
`_2024-06-01 04:31:56_
--------
*d8b6704358386dfe3015f85f59b64b79*
`登陆天数: 9天 / 647天
等级: 130
石头: 3858
呼符: 0
体力: 14452.69 / 138
友情点: 0 / 466500`
*連続ログイン2日目
※ログインが途切れるか、7日到達すると
1日目から再開されます*
`聖晶石 X 1
6月交換券(2024) X 1
`*カルデア・サマーアドベンチャー！ アンケート復刻版 開幕記念 ログインボーナス*
*開催期間中、1日1回 最大21回 ログインボーナスをプレゼント！*
`白銀の果実 X 1
`_2024-06-01 04:32:04_
--------
*4269a16316ffc1ac21364239ba5b87fe*
`登陆天数: 9天 / 647天
等级: 130
石头: 2688
呼符: 0
体力: 14452.716666666667 / 138
友情点: 0 / 467075`
*連続ログイン2日目
※ログインが途切れるか、7日到達すると
1日目から再開されます*
`聖晶石 X 1
6月交換券(2024) X 1
`*カルデア・サマーアドベンチャー！ アンケート復刻版 開幕記念 ログインボーナス*
*開催期間中、1日1回 最大21回 ログインボーナスをプレゼント！*
`白銀の果実 X 1
`_2024-06-01 04:32:12_
--------
*c72d8558cefa89a1175654c976c0beab*
`登陆天数: 9天 / 646天
等级: 130
石头: 3496
呼符: 0
体力: 14452.743333333334 / 138
友情点: 0 / 468650`
*連続ログイン2日目
※ログインが途切れるか、7日到達すると
1日目から再開されます*
`聖晶石 X 1
6月交換券(2024) X 1
`*カルデア・サマーアドベンチャー！ アンケート復刻版 開幕記念 ログインボーナス*
*開催期間中、1日1回 最大21回 ログインボーナスをプレゼント！*
`白銀の果実 X 1
`_2024-06-01 04:32:21_
--------
*bdc8d657256a9e1fd00b040f193b38b9*
`登陆天数: 9天 / 646天
等级: 130
石头: 3704
呼符: 0
体力: 14452.773333333333 / 138
友情点: 0 / 470805`
*連続ログイン2日目
※ログインが途切れるか、7日到達すると
1日目から再開されます*
`聖晶石 X 1
6月交換券(2024) X 1
`*カルデア・サマーアドベンチャー！ アンケート復刻版 開幕記念 ログインボーナス*
*開催期間中、1日1回 最大21回 ログインボーナスをプレゼント！*
`白銀の果実 X 1
`_2024-06-01 04:32:29_
--------
*48ffd29b98fccb573baef20885d2b97e*
`登陆天数: 9天 / 646天
等级: 130
石头: 2716
呼符: 0
体力: 14452.8 / 138
友情点: 0 / 468700`
*連続ログイン2日目
※ログインが途切れるか、7日到達すると
1日目から再開されます*
`聖晶石 X 1
6月交換券(2024) X 1
`*カルデア・サマーアドベンチャー！ アンケート復刻版 開幕記念 ログインボーナス*
*開催期間中、1日1回 最大21回 ログインボーナスをプレゼント！*
`白銀の果実 X 1
`_2024-06-01 04:32:37_
--------
*c83224bb597c8cba26239f94419c4589*
`登陆天数: 9天 / 646天
等级: 130
石头: 2659
呼符: 0
体力: 14452.83 / 138
友情点: 0 / 468700`
*連続ログイン2日目
※ログインが途切れるか、7日到達すると
1日目から再開されます*
`聖晶石 X 1
6月交換券(2024) X 1
`*カルデア・サマーアドベンチャー！ アンケート復刻版 開幕記念 ログインボーナス*
*開催期間中、1日1回 最大21回 ログインボーナスをプレゼント！*
`白銀の果実 X 1
`_2024-06-01 04:32:46_
--------
*c04df84328839272606d25d6f9159ab2*
`登陆天数: 9天 / 646天
等级: 130
石头: 3044
呼符: 0
体力: 14452.856666666667 / 138
友情点: 0 / 468310`
*連続ログイン2日目
※ログインが途切れるか、7日到達すると
1日目から再開されます*
`聖晶石 X 1
6月交換券(2024) X 1
`*カルデア・サマーアドベンチャー！ アンケート復刻版 開幕記念 ログインボーナス*
*開催期間中、1日1回 最大21回 ログインボーナスをプレゼント！*
`白銀の果実 X 1
`_2024-06-01 04:32:54_
--------
*e40304d9e9ffbf6e25ccd578ba9e1259*
`登陆天数: 9天 / 646天
等级: 130
石头: 3045
呼符: 0
体力: 14452.886666666667 / 138
友情点: 0 / 469380`
*連続ログイン2日目
※ログインが途切れるか、7日到達すると
1日目から再開されます*
`聖晶石 X 1
6月交換券(2024) X 1
`*カルデア・サマーアドベンチャー！ アンケート復刻版 開幕記念 ログインボーナス*
*開催期間中、1日1回 最大21回 ログインボーナスをプレゼント！*
`白銀の果実 X 1
`_2024-06-01 04:33:03_
--------
*defd823107815253ee48f31d320dd260*
`登陆天数: 9天 / 647天
等级: 130
石头: 1760
呼符: 0
体力: 14452.913333333334 / 138
友情点: 0 / 468395`
*連続ログイン2日目
※ログインが途切れるか、7日到達すると
1日目から再開されます*
`聖晶石 X 1
6月交換券(2024) X 1
`*カルデア・サマーアドベンチャー！ アンケート復刻版 開幕記念 ログインボーナス*
*開催期間中、1日1回 最大21回 ログインボーナスをプレゼント！*
`白銀の果実 X 1
`_2024-06-01 04:33:11_
--------
*7ca422e311c6d57765d39683e587572b*
`登陆天数: 9天 / 647天
等级: 130
石头: 1703
呼符: 0
体力: 14452.94 / 138
友情点: 0 / 466195`
*連続ログイン2日目
※ログインが途切れるか、7日到達すると
1日目から再開されます*
`聖晶石 X 1
6月交換券(2024) X 1
`*カルデア・サマーアドベンチャー！ アンケート復刻版 開幕記念 ログインボーナス*
*開催期間中、1日1回 最大21回 ログインボーナスをプレゼント！*
`白銀の果実 X 1
`_2024-06-01 04:33:19_
--------
*fe7bf40c722af72f68fc2a802e3cb54f*
`登陆天数: 9天 / 646天
等级: 130
石头: 3768
呼符: 0
体力: 14452.966666666667 / 138
友情点: 0 / 468750`
*連続ログイン2日目
※ログインが途切れるか、7日到達すると
1日目から再開されます*
`聖晶石 X 1
6月交換券(2024) X 1
`*カルデア・サマーアドベンチャー！ アンケート復刻版 開幕記念 ログインボーナス*
*開催期間中、1日1回 最大21回 ログインボーナスをプレゼント！*
`白銀の果実 X 1
`_2024-06-01 04:33:28_
--------
*67354c23977de1368fdc3b47a763f868*
`登陆天数: 9天 / 646天
等级: 130
石头: 2755
呼符: 0
体力: 14452.996666666666 / 138
友情点: 0 / 467655`
*連続ログイン2日目
※ログインが途切れるか、7日到達すると
1日目から再開されます*
`聖晶石 X 1
6月交換券(2024) X 1
`*カルデア・サマーアドベンチャー！ アンケート復刻版 開幕記念 ログインボーナス*
*開催期間中、1日1回 最大21回 ログインボーナスをプレゼント！*
`白銀の果実 X 1
`_2024-06-01 04:33:36_
--------
*688813225857caa674d793db47c94a5e*
`登陆天数: 9天 / 647天
等级: 130
石头: 3647
呼符: 0
体力: 14453.023333333333 / 138
友情点: 0 / 466235`
*連続ログイン2日目
※ログインが途切れるか、7日到達すると
1日目から再開されます*
`聖晶石 X 1
6月交換券(2024) X 1
`*カルデア・サマーアドベンチャー！ アンケート復刻版 開幕記念 ログインボーナス*
*開催期間中、1日1回 最大21回 ログインボーナスをプレゼント！*
`白銀の果実 X 1
`_2024-06-01 04:33:44_
--------
*3c5947cbb209c8d2b920f60ff7af7afc*
`登陆天数: 9天 / 646天
等级: 130
石头: 3503
呼符: 0
体力: 14453.046666666667 / 138
友情点: 0 / 468435`
*連続ログイン2日目
※ログインが途切れるか、7日到達すると
1日目から再開されます*
`聖晶石 X 1
6月交換券(2024) X 1
`*カルデア・サマーアドベンチャー！ アンケート復刻版 開幕記念 ログインボーナス*
*開催期間中、1日1回 最大21回 ログインボーナスをプレゼント！*
`白銀の果実 X 1
`_2024-06-01 04:33:52_
--------
*0b1d16a6123aa7c3005cb4f4b5b6d63c*
`登陆天数: 9天 / 647天
等级: 130
石头: 2507
呼符: 0
体力: 14453.076666666666 / 138
友情点: 0 / 465740`
*連続ログイン2日目
※ログインが途切れるか、7日到達すると
1日目から再開されます*
`聖晶石 X 1
6月交換券(2024) X 1
`*カルデア・サマーアドベンチャー！ アンケート復刻版 開幕記念 ログインボーナス*
*開催期間中、1日1回 最大21回 ログインボーナスをプレゼント！*
`白銀の果実 X 1
`_2024-06-01 04:34:00_
--------
*cb4cf2a0cb65dd6feafa50673c1f65d6*
`登陆天数: 9天 / 646天
等级: 130
石头: 4006
呼符: 71
体力: 14453.103333333333 / 138
友情点: 0 / 468435`
*連続ログイン2日目
※ログインが途切れるか、7日到達すると
1日目から再開されます*
`聖晶石 X 1
6月交換券(2024) X 1
`*カルデア・サマーアドベンチャー！ アンケート復刻版 開幕記念 ログインボーナス*
*開催期間中、1日1回 最大21回 ログインボーナスをプレゼント！*
`白銀の果実 X 1
`_2024-06-01 04:34:09_
--------
*645957db5ef305d8ad175331ff9c3d50*
`登陆天数: 9天 / 647天
等级: 130
石头: 1699
呼符: 0
体力: 14453.133333333333 / 138
友情点: 0 / 465960`
*連続ログイン2日目
※ログインが途切れるか、7日到達すると
1日目から再開されます*
`聖晶石 X 1
6月交換券(2024) X 1
`*カルデア・サマーアドベンチャー！ アンケート復刻版 開幕記念 ログインボーナス*
*開催期間中、1日1回 最大21回 ログインボーナスをプレゼント！*
`白銀の果実 X 1
`_2024-06-01 04:34:17_
--------
*8edae1fe51bdc94d09878095d23412a7*
`登陆天数: 9天 / 646天
等级: 130
石头: 3139
呼符: 0
体力: 14453.16 / 138
友情点: 0 / 468445`
*連続ログイン2日目
※ログインが途切れるか、7日到達すると
1日目から再開されます*
`聖晶石 X 1
6月交換券(2024) X 1
`*カルデア・サマーアドベンチャー！ アンケート復刻版 開幕記念 ログインボーナス*
*開催期間中、1日1回 最大21回 ログインボーナスをプレゼント！*
`白銀の果実 X 1
`_2024-06-01 04:34:25_
--------
*f845edc0e0a95e38a300e03bbc2c235a*
`登陆天数: 9天 / 647天
等级: 130
石头: 2713
呼符: 0
体力: 14453.186666666666 / 138
友情点: 0 / 467770`
*連続ログイン2日目
※ログインが途切れるか、7日到達すると
1日目から再開されます*
`聖晶石 X 1
6月交換券(2024) X 1
`*カルデア・サマーアドベンチャー！ アンケート復刻版 開幕記念 ログインボーナス*
*開催期間中、1日1回 最大21回 ログインボーナスをプレゼント！*
`白銀の果実 X 1
`_2024-06-01 04:34:33_
--------
*62c0e225a3ef4996956b0f299bc4a62c*
`登陆天数: 9天 / 646天
等级: 130
石头: 3947
呼符: 0
体力: 14453.213333333333 / 138
友情点: 0 / 468045`
*連続ログイン2日目
※ログインが途切れるか、7日到達すると
1日目から再開されます*
`聖晶石 X 1
6月交換券(2024) X 1
`*カルデア・サマーアドベンチャー！ アンケート復刻版 開幕記念 ログインボーナス*
*開催期間中、1日1回 最大21回 ログインボーナスをプレゼント！*
`白銀の果実 X 1
`_2024-06-01 04:34:42_
--------
*d7f5342037a7a823a785dbd64a88b3e0*
`登陆天数: 9天 / 647天
等级: 130
石头: 3285
呼符: 0
体力: 14453.24 / 138
友情点: 0 / 467590`
*連続ログイン2日目
※ログインが途切れるか、7日到達すると
1日目から再開されます*
`聖晶石 X 1
6月交換券(2024) X 1
`*カルデア・サマーアドベンチャー！ アンケート復刻版 開幕記念 ログインボーナス*
*開催期間中、1日1回 最大21回 ログインボーナスをプレゼント！*
`白銀の果実 X 1
`_2024-06-01 04:34:50_
--------
*7acddab98e5d6e1bb0e134866c37863c*
`登陆天数: 9天 / 646天
等级: 130
石头: 4014
呼符: 142
体力: 14453.266666666666 / 138
友情点: 0 / 469405`
*連続ログイン2日目
※ログインが途切れるか、7日到達すると
1日目から再開されます*
`聖晶石 X 1
6月交換券(2024) X 1
`*カルデア・サマーアドベンチャー！ アンケート復刻版 開幕記念 ログインボーナス*
*開催期間中、1日1回 最大21回 ログインボーナスをプレゼント！*
`白銀の果実 X 1
`_2024-06-01 04:34:58_
--------
*dce381eb9407fea2f6744beafff7f243*
`登陆天数: 9天 / 646天
等级: 130
石头: 3500
呼符: 0
体力: 14453.296666666667 / 138
友情点: 0 / 469090`
*連続ログイン2日目
※ログインが途切れるか、7日到達すると
1日目から再開されます*
`聖晶石 X 1
6月交換券(2024) X 1
`*カルデア・サマーアドベンチャー！ アンケート復刻版 開幕記念 ログインボーナス*
*開催期間中、1日1回 最大21回 ログインボーナスをプレゼント！*
`白銀の果実 X 1
`_2024-06-01 04:35:06_
--------
*208f7c6cd17d052a03d63a2de15989d8*
`登陆天数: 9天 / 647天
等级: 130
石头: 589
呼符: 0
体力: 14453.323333333334 / 138
友情点: 0 / 466615`
*連続ログイン2日目
※ログインが途切れるか、7日到達すると
1日目から再開されます*
`聖晶石 X 1
6月交換券(2024) X 1
`*カルデア・サマーアドベンチャー！ アンケート復刻版 開幕記念 ログインボーナス*
*開催期間中、1日1回 最大21回 ログインボーナスをプレゼント！*
`白銀の果実 X 1
`_2024-06-01 04:35:14_
--------
*9ca6d2f2132e23f6761aec34e53b845b*
`登陆天数: 9天 / 646天
等级: 130
石头: 3138
呼符: 0
体力: 14453.35 / 138
友情点: 0 / 468360`
*連続ログイン2日目
※ログインが途切れるか、7日到達すると
1日目から再開されます*
`聖晶石 X 1
6月交換券(2024) X 1
`*カルデア・サマーアドベンチャー！ アンケート復刻版 開幕記念 ログインボーナス*
*開催期間中、1日1回 最大21回 ログインボーナスをプレゼント！*
`白銀の果実 X 1
`_2024-06-01 04:35:22_
--------
*1c160346ee0ca603e7c742fd92dafce9*
`登陆天数: 9天 / 647天
等级: 130
石头: 2451
呼符: 0
体力: 14453.38 / 138
友情点: 0 / 465950`
*連続ログイン2日目
※ログインが途切れるか、7日到達すると
1日目から再開されます*
`聖晶石 X 1
6月交換券(2024) X 1
`*カルデア・サマーアドベンチャー！ アンケート復刻版 開幕記念 ログインボーナス*
*開催期間中、1日1回 最大21回 ログインボーナスをプレゼント！*
`白銀の果実 X 1
`_2024-06-01 04:35:31_
--------
*c84509cfb4ad377c450bd3960a49a3c4*
`登陆天数: 9天 / 647天
等级: 130
石头: 2032
呼符: 0
体力: 14453.406666666666 / 138
友情点: 0 / 466225`
*連続ログイン2日目
※ログインが途切れるか、7日到達すると
1日目から再開されます*
`聖晶石 X 1
6月交換券(2024) X 1
`*カルデア・サマーアドベンチャー！ アンケート復刻版 開幕記念 ログインボーナス*
*開催期間中、1日1回 最大21回 ログインボーナスをプレゼント！*
`白銀の果実 X 1
`_2024-06-01 04:35:39_
--------
*52405f19031fac8559b666a148f775b3*
`登陆天数: 9天 / 646天
等级: 130
石头: 2505
呼符: 0
体力: 14453.436666666666 / 138
友情点: 0 / 468465`
*連続ログイン2日目
※ログインが途切れるか、7日到達すると
1日目から再開されます*
`聖晶石 X 1
6月交換券(2024) X 1
`*カルデア・サマーアドベンチャー！ アンケート復刻版 開幕記念 ログインボーナス*
*開催期間中、1日1回 最大21回 ログインボーナスをプレゼント！*
`白銀の果実 X 1
`_2024-06-01 04:35:48_
--------
*7518a642d74f8ba62456ff7d91fbe4c0*
`登陆天数: 9天 / 647天
等级: 130
石头: 3485
呼符: 0
体力: 14453.463333333333 / 138
友情点: 0 / 466545`
*連続ログイン2日目
※ログインが途切れるか、7日到達すると
1日目から再開されます*
`聖晶石 X 1
6月交換券(2024) X 1
`*カルデア・サマーアドベンチャー！ アンケート復刻版 開幕記念 ログインボーナス*
*開催期間中、1日1回 最大21回 ログインボーナスをプレゼント！*
`白銀の果実 X 1
`_2024-06-01 04:35:56_
--------
*369a580e4c636db740cc45cd14125989*
`登陆天数: 9天 / 647天
等级: 130
石头: 1907
呼符: 0
体力: 14453.49 / 138
友情点: 0 / 467280`
*連続ログイン2日目
※ログインが途切れるか、7日到達すると
1日目から再開されます*
`聖晶石 X 1
6月交換券(2024) X 1
`*カルデア・サマーアドベンチャー！ アンケート復刻版 開幕記念 ログインボーナス*
*開催期間中、1日1回 最大21回 ログインボーナスをプレゼント！*
`白銀の果実 X 1
`_2024-06-01 04:36:04_
--------
