【登录信息】
*3d5a228f1082bc550818e18f7971fe57*
`登陆天数: 10天 / 648天
等级: 130
石头: 2271
呼符: 0
体力: 14740.456666666667 / 138
友情点: 0 / 467010`
*連続ログイン3日目
※ログインが途切れるか、7日到達すると
1日目から再開されます*
`叡智の業火 X 1
6月交換券(2024) X 1
`*カルデア・サマーアドベンチャー！ アンケート復刻版 開幕記念 ログインボーナス*
*開催期間中、1日1回 最大21回 ログインボーナスをプレゼント！*
`白銀の果実 X 1
`_2024-06-02 04:30:54_
--------
*6abaffb5ee5ceaf2dd7ed98b206d749f*
`登陆天数: 10天 / 648天
等级: 130
石头: 2536
呼符: 0
体力: 14740.483333333334 / 138
友情点: 0 / 466815`
*連続ログイン3日目
※ログインが途切れるか、7日到達すると
1日目から再開されます*
`叡智の業火 X 1
6月交換券(2024) X 1
`*カルデア・サマーアドベンチャー！ アンケート復刻版 開幕記念 ログインボーナス*
*開催期間中、1日1回 最大21回 ログインボーナスをプレゼント！*
`白銀の果実 X 1
`_2024-06-02 04:31:02_
--------
*f63a615d55b52038a51b0dc3bdadc06a*
`登陆天数: 10天 / 647天
等级: 130
石头: 3857
呼符: 0
体力: 14740.51 / 138
友情点: 0 / 469020`
*連続ログイン3日目
※ログインが途切れるか、7日到達すると
1日目から再開されます*
`叡智の業火 X 1
6月交換券(2024) X 1
`*カルデア・サマーアドベンチャー！ アンケート復刻版 開幕記念 ログインボーナス*
*開催期間中、1日1回 最大21回 ログインボーナスをプレゼント！*
`白銀の果実 X 1
`_2024-06-02 04:31:10_
--------
*0e40a25d9b7cd5711e7a2b10d87c238d*
`登陆天数: 10天 / 648天
等级: 130
石头: 3916
呼符: 0
体力: 14740.54 / 138
友情点: 0 / 466065`
*連続ログイン3日目
※ログインが途切れるか、7日到達すると
1日目から再開されます*
`叡智の業火 X 1
6月交換券(2024) X 1
`*カルデア・サマーアドベンチャー！ アンケート復刻版 開幕記念 ログインボーナス*
*開催期間中、1日1回 最大21回 ログインボーナスをプレゼント！*
`白銀の果実 X 1
`_2024-06-02 04:31:18_
--------
*e18b1c081f46994f811a7d72800eebb5*
`登陆天数: 10天 / 648天
等级: 130
石头: 3766
呼符: 0
体力: 14740.566666666668 / 138
友情点: 0 / 466850`
*連続ログイン3日目
※ログインが途切れるか、7日到達すると
1日目から再開されます*
`叡智の業火 X 1
6月交換券(2024) X 1
`*カルデア・サマーアドベンチャー！ アンケート復刻版 開幕記念 ログインボーナス*
*開催期間中、1日1回 最大21回 ログインボーナスをプレゼント！*
`白銀の果実 X 1
`_2024-06-02 04:31:27_
--------
*d3890b0a09fce4b3116374f3a0132ada*
`登陆天数: 10天 / 648天
等级: 130
石头: 13
呼符: 0
体力: 14740.593333333334 / 138
友情点: 0 / 466570`
*連続ログイン3日目
※ログインが途切れるか、7日到達すると
1日目から再開されます*
`叡智の業火 X 1
6月交換券(2024) X 1
`*カルデア・サマーアドベンチャー！ アンケート復刻版 開幕記念 ログインボーナス*
*開催期間中、1日1回 最大21回 ログインボーナスをプレゼント！*
`白銀の果実 X 1
`_2024-06-02 04:31:35_
--------
*90b0a38d5c1e9caee255c7f85b3abd13*
`登陆天数: 10天 / 648天
等级: 130
石头: 3766
呼符: 0
体力: 14740.62 / 138
友情点: 0 / 466190`
*連続ログイン3日目
※ログインが途切れるか、7日到達すると
1日目から再開されます*
`叡智の業火 X 1
6月交換券(2024) X 1
`*カルデア・サマーアドベンチャー！ アンケート復刻版 開幕記念 ログインボーナス*
*開催期間中、1日1回 最大21回 ログインボーナスをプレゼント！*
`白銀の果実 X 1
`_2024-06-02 04:31:43_
--------
*84a4a9cb3346931358bf9edf442d9c87*
`登陆天数: 10天 / 647天
等级: 130
石头: 3016
呼符: 0
体力: 14740.65 / 138
友情点: 0 / 468720`
*連続ログイン3日目
※ログインが途切れるか、7日到達すると
1日目から再開されます*
`叡智の業火 X 1
6月交換券(2024) X 1
`*カルデア・サマーアドベンチャー！ アンケート復刻版 開幕記念 ログインボーナス*
*開催期間中、1日1回 最大21回 ログインボーナスをプレゼント！*
`白銀の果実 X 1
`_2024-06-02 04:31:52_
--------
*aae09810e10318643494f04886d652d3*
`登陆天数: 10天 / 647天
等级: 130
石头: 2989
呼符: 0
体力: 14740.673333333334 / 138
友情点: 0 / 467855`
*連続ログイン3日目
※ログインが途切れるか、7日到達すると
1日目から再開されます*
`叡智の業火 X 1
6月交換券(2024) X 1
`*カルデア・サマーアドベンチャー！ アンケート復刻版 開幕記念 ログインボーナス*
*開催期間中、1日1回 最大21回 ログインボーナスをプレゼント！*
`白銀の果実 X 1
`_2024-06-02 04:32:00_
--------
*2855350f3242d93bfb042a798b27bda8*
`登陆天数: 11天 / 648天
等级: 130
石头: 3723
呼符: 0
体力: 14740.7 / 138
友情点: 0 / 468345`
*連続ログイン4日目
※ログインが途切れるか、7日到達すると
1日目から再開されます*
`聖晶石 X 1
6月交換券(2024) X 1
`*カルデア・サマーアドベンチャー！ アンケート復刻版 開幕記念 ログインボーナス*
*開催期間中、1日1回 最大21回 ログインボーナスをプレゼント！*
`白銀の果実 X 1
`_2024-06-02 04:32:08_
--------
*ea44e352ac37eb1bae023ef86b3b62bd*
`登陆天数: 10天 / 647天
等级: 130
石头: 3136
呼符: 0
体力: 14740.726666666667 / 138
友情点: 0 / 468290`
*連続ログイン3日目
※ログインが途切れるか、7日到達すると
1日目から再開されます*
`叡智の業火 X 1
6月交換券(2024) X 1
`*カルデア・サマーアドベンチャー！ アンケート復刻版 開幕記念 ログインボーナス*
*開催期間中、1日1回 最大21回 ログインボーナスをプレゼント！*
`白銀の果実 X 1
`_2024-06-02 04:32:16_
--------
*6b40f136ba3d65a84594e41ebc56b6a3*
`登陆天数: 10天 / 648天
等级: 130
石头: 3637
呼符: 0
体力: 14740.753333333334 / 138
友情点: 0 / 466920`
*連続ログイン3日目
※ログインが途切れるか、7日到達すると
1日目から再開されます*
`叡智の業火 X 1
6月交換券(2024) X 1
`*カルデア・サマーアドベンチャー！ アンケート復刻版 開幕記念 ログインボーナス*
*開催期間中、1日1回 最大21回 ログインボーナスをプレゼント！*
`白銀の果実 X 1
`_2024-06-02 04:32:23_
--------
*d1d58f7c0158360f3b797dfd119e9051*
`登陆天数: 10天 / 647天
等级: 130
石头: 3424
呼符: 0
体力: 14740.78 / 138
友情点: 0 / 469775`
*連続ログイン3日目
※ログインが途切れるか、7日到達すると
1日目から再開されます*
`叡智の業火 X 1
6月交換券(2024) X 1
`*カルデア・サマーアドベンチャー！ アンケート復刻版 開幕記念 ログインボーナス*
*開催期間中、1日1回 最大21回 ログインボーナスをプレゼント！*
`白銀の果実 X 1
`_2024-06-02 04:32:32_
--------
*e7b4738e053dd651b9e278fc07dabc2f*
`登陆天数: 10天 / 648天
等级: 130
石头: 2945
呼符: 0
体力: 14740.81 / 138
友情点: 0 / 466770`
*連続ログイン3日目
※ログインが途切れるか、7日到達すると
1日目から再開されます*
`叡智の業火 X 1
6月交換券(2024) X 1
`*カルデア・サマーアドベンチャー！ アンケート復刻版 開幕記念 ログインボーナス*
*開催期間中、1日1回 最大21回 ログインボーナスをプレゼント！*
`白銀の果実 X 1
`_2024-06-02 04:32:40_
--------
*ad2ba66ee90fff361e63ca47dfb5747d*
`登陆天数: 10天 / 648天
等级: 130
石头: 1600
呼符: 0
体力: 14740.836666666666 / 138
友情点: 0 / 466730`
*連続ログイン3日目
※ログインが途切れるか、7日到達すると
1日目から再開されます*
`叡智の業火 X 1
6月交換券(2024) X 1
`*カルデア・サマーアドベンチャー！ アンケート復刻版 開幕記念 ログインボーナス*
*開催期間中、1日1回 最大21回 ログインボーナスをプレゼント！*
`白銀の果実 X 1
`_2024-06-02 04:32:48_
--------
*65250a9a990f0d7ed4990127bb0d41d7*
`登陆天数: 10天 / 647天
等级: 130
石头: 4014
呼符: 229
体力: 14740.863333333333 / 138
友情点: 0 / 468950`
*連続ログイン3日目
※ログインが途切れるか、7日到達すると
1日目から再開されます*
`叡智の業火 X 1
6月交換券(2024) X 1
`*カルデア・サマーアドベンチャー！ アンケート復刻版 開幕記念 ログインボーナス*
*開催期間中、1日1回 最大21回 ログインボーナスをプレゼント！*
`白銀の果実 X 1
`_2024-06-02 04:32:57_
--------
*8b8be115d7782194e1244a833cc650a3*
`登陆天数: 10天 / 648天
等级: 130
石头: 2116
呼符: 0
体力: 14740.89 / 138
友情点: 0 / 466225`
*連続ログイン3日目
※ログインが途切れるか、7日到達すると
1日目から再開されます*
`叡智の業火 X 1
6月交換券(2024) X 1
`*カルデア・サマーアドベンチャー！ アンケート復刻版 開幕記念 ログインボーナス*
*開催期間中、1日1回 最大21回 ログインボーナスをプレゼント！*
`白銀の果実 X 1
`_2024-06-02 04:33:04_
--------
*f01ffcc9af352d2b15d794c0892908d6*
`登陆天数: 10天 / 648天
等级: 130
石头: 3621
呼符: 0
体力: 14740.916666666666 / 138
友情点: 0 / 465910`
*連続ログイン3日目
※ログインが途切れるか、7日到達すると
1日目から再開されます*
`叡智の業火 X 1
6月交換券(2024) X 1
`*カルデア・サマーアドベンチャー！ アンケート復刻版 開幕記念 ログインボーナス*
*開催期間中、1日1回 最大21回 ログインボーナスをプレゼント！*
`白銀の果実 X 1
`_2024-06-02 04:33:12_
--------
*227f88ee49a278300463381f63f3c724*
`登陆天数: 10天 / 648天
等级: 130
石头: 3907
呼符: 0
体力: 14740.943333333333 / 138
友情点: 0 / 467865`
*連続ログイン3日目
※ログインが途切れるか、7日到達すると
1日目から再開されます*
`叡智の業火 X 1
6月交換券(2024) X 1
`*カルデア・サマーアドベンチャー！ アンケート復刻版 開幕記念 ログインボーナス*
*開催期間中、1日1回 最大21回 ログインボーナスをプレゼント！*
`白銀の果実 X 1
`_2024-06-02 04:33:20_
--------
*94f3b7e552d36542e785c8e44467be89*
`登陆天数: 10天 / 648天
等级: 130
石头: 3919
呼符: 0
体力: 14740.97 / 138
友情点: 0 / 466475`
*連続ログイン3日目
※ログインが途切れるか、7日到達すると
1日目から再開されます*
`叡智の業火 X 1
6月交換券(2024) X 1
`*カルデア・サマーアドベンチャー！ アンケート復刻版 開幕記念 ログインボーナス*
*開催期間中、1日1回 最大21回 ログインボーナスをプレゼント！*
`白銀の果実 X 1
`_2024-06-02 04:33:28_
--------
*d8b6704358386dfe3015f85f59b64b79*
`登陆天数: 10天 / 648天
等级: 130
石头: 3858
呼符: 0
体力: 14740.996666666666 / 138
友情点: 0 / 466500`
*連続ログイン3日目
※ログインが途切れるか、7日到達すると
1日目から再開されます*
`叡智の業火 X 1
6月交換券(2024) X 1
`*カルデア・サマーアドベンチャー！ アンケート復刻版 開幕記念 ログインボーナス*
*開催期間中、1日1回 最大21回 ログインボーナスをプレゼント！*
`白銀の果実 X 1
`_2024-06-02 04:33:36_
--------
*4269a16316ffc1ac21364239ba5b87fe*
`登陆天数: 10天 / 648天
等级: 130
石头: 2688
呼符: 0
体力: 14741.023333333333 / 138
友情点: 0 / 467075`
*連続ログイン3日目
※ログインが途切れるか、7日到達すると
1日目から再開されます*
`叡智の業火 X 1
6月交換券(2024) X 1
`*カルデア・サマーアドベンチャー！ アンケート復刻版 開幕記念 ログインボーナス*
*開催期間中、1日1回 最大21回 ログインボーナスをプレゼント！*
`白銀の果実 X 1
`_2024-06-02 04:33:44_
--------
*c72d8558cefa89a1175654c976c0beab*
`登陆天数: 10天 / 647天
等级: 130
石头: 3496
呼符: 0
体力: 14741.05 / 138
友情点: 0 / 468650`
*連続ログイン3日目
※ログインが途切れるか、7日到達すると
1日目から再開されます*
`叡智の業火 X 1
6月交換券(2024) X 1
`*カルデア・サマーアドベンチャー！ アンケート復刻版 開幕記念 ログインボーナス*
*開催期間中、1日1回 最大21回 ログインボーナスをプレゼント！*
`白銀の果実 X 1
`_2024-06-02 04:33:52_
--------
*bdc8d657256a9e1fd00b040f193b38b9*
`登陆天数: 10天 / 647天
等级: 130
石头: 3704
呼符: 0
体力: 14741.076666666666 / 138
友情点: 0 / 470805`
*連続ログイン3日目
※ログインが途切れるか、7日到達すると
1日目から再開されます*
`叡智の業火 X 1
6月交換券(2024) X 1
`*カルデア・サマーアドベンチャー！ アンケート復刻版 開幕記念 ログインボーナス*
*開催期間中、1日1回 最大21回 ログインボーナスをプレゼント！*
`白銀の果実 X 1
`_2024-06-02 04:34:00_
--------
*48ffd29b98fccb573baef20885d2b97e*
`登陆天数: 10天 / 647天
等级: 130
石头: 2716
呼符: 0
体力: 14741.103333333333 / 138
友情点: 0 / 468700`
*連続ログイン3日目
※ログインが途切れるか、7日到達すると
1日目から再開されます*
`叡智の業火 X 1
6月交換券(2024) X 1
`*カルデア・サマーアドベンチャー！ アンケート復刻版 開幕記念 ログインボーナス*
*開催期間中、1日1回 最大21回 ログインボーナスをプレゼント！*
`白銀の果実 X 1
`_2024-06-02 04:34:08_
--------
*c83224bb597c8cba26239f94419c4589*
`登陆天数: 10天 / 647天
等级: 130
石头: 2659
呼符: 0
体力: 14741.13 / 138
友情点: 0 / 468700`
*連続ログイン3日目
※ログインが途切れるか、7日到達すると
1日目から再開されます*
`叡智の業火 X 1
6月交換券(2024) X 1
`*カルデア・サマーアドベンチャー！ アンケート復刻版 開幕記念 ログインボーナス*
*開催期間中、1日1回 最大21回 ログインボーナスをプレゼント！*
`白銀の果実 X 1
`_2024-06-02 04:34:16_
--------
*c04df84328839272606d25d6f9159ab2*
`登陆天数: 10天 / 647天
等级: 130
石头: 3044
呼符: 0
体力: 14741.156666666666 / 138
友情点: 0 / 468310`
*連続ログイン3日目
※ログインが途切れるか、7日到達すると
1日目から再開されます*
`叡智の業火 X 1
6月交換券(2024) X 1
`*カルデア・サマーアドベンチャー！ アンケート復刻版 開幕記念 ログインボーナス*
*開催期間中、1日1回 最大21回 ログインボーナスをプレゼント！*
`白銀の果実 X 1
`_2024-06-02 04:34:24_
--------
*e40304d9e9ffbf6e25ccd578ba9e1259*
`登陆天数: 10天 / 647天
等级: 130
石头: 3045
呼符: 0
体力: 14741.183333333332 / 138
友情点: 0 / 469380`
*連続ログイン3日目
※ログインが途切れるか、7日到達すると
1日目から再開されます*
`叡智の業火 X 1
6月交換券(2024) X 1
`*カルデア・サマーアドベンチャー！ アンケート復刻版 開幕記念 ログインボーナス*
*開催期間中、1日1回 最大21回 ログインボーナスをプレゼント！*
`白銀の果実 X 1
`_2024-06-02 04:34:32_
--------
*defd823107815253ee48f31d320dd260*
`登陆天数: 10天 / 648天
等级: 130
石头: 1760
呼符: 0
体力: 14741.21 / 138
友情点: 0 / 468395`
*連続ログイン3日目
※ログインが途切れるか、7日到達すると
1日目から再開されます*
`叡智の業火 X 1
6月交換券(2024) X 1
`*カルデア・サマーアドベンチャー！ アンケート復刻版 開幕記念 ログインボーナス*
*開催期間中、1日1回 最大21回 ログインボーナスをプレゼント！*
`白銀の果実 X 1
`_2024-06-02 04:34:40_
--------
*7ca422e311c6d57765d39683e587572b*
`登陆天数: 10天 / 648天
等级: 130
石头: 1703
呼符: 0
体力: 14741.236666666666 / 138
友情点: 0 / 466195`
*連続ログイン3日目
※ログインが途切れるか、7日到達すると
1日目から再開されます*
`叡智の業火 X 1
6月交換券(2024) X 1
`*カルデア・サマーアドベンチャー！ アンケート復刻版 開幕記念 ログインボーナス*
*開催期間中、1日1回 最大21回 ログインボーナスをプレゼント！*
`白銀の果実 X 1
`_2024-06-02 04:34:48_
--------
*fe7bf40c722af72f68fc2a802e3cb54f*
`登陆天数: 10天 / 647天
等级: 130
石头: 3768
呼符: 0
体力: 14741.263333333334 / 138
友情点: 0 / 468750`
*連続ログイン3日目
※ログインが途切れるか、7日到達すると
1日目から再開されます*
`叡智の業火 X 1
6月交換券(2024) X 1
`*カルデア・サマーアドベンチャー！ アンケート復刻版 開幕記念 ログインボーナス*
*開催期間中、1日1回 最大21回 ログインボーナスをプレゼント！*
`白銀の果実 X 1
`_2024-06-02 04:34:56_
--------
*67354c23977de1368fdc3b47a763f868*
`登陆天数: 10天 / 647天
等级: 130
石头: 2755
呼符: 0
体力: 14741.29 / 138
友情点: 0 / 467655`
*連続ログイン3日目
※ログインが途切れるか、7日到達すると
1日目から再開されます*
`叡智の業火 X 1
6月交換券(2024) X 1
`*カルデア・サマーアドベンチャー！ アンケート復刻版 開幕記念 ログインボーナス*
*開催期間中、1日1回 最大21回 ログインボーナスをプレゼント！*
`白銀の果実 X 1
`_2024-06-02 04:35:05_
--------
*688813225857caa674d793db47c94a5e*
`登陆天数: 10天 / 648天
等级: 130
石头: 3647
呼符: 0
体力: 14741.316666666668 / 138
友情点: 0 / 466235`
*連続ログイン3日目
※ログインが途切れるか、7日到達すると
1日目から再開されます*
`叡智の業火 X 1
6月交換券(2024) X 1
`*カルデア・サマーアドベンチャー！ アンケート復刻版 開幕記念 ログインボーナス*
*開催期間中、1日1回 最大21回 ログインボーナスをプレゼント！*
`白銀の果実 X 1
`_2024-06-02 04:35:13_
--------
*3c5947cbb209c8d2b920f60ff7af7afc*
`登陆天数: 10天 / 647天
等级: 130
石头: 3503
呼符: 0
体力: 14741.34 / 138
友情点: 0 / 468435`
*連続ログイン3日目
※ログインが途切れるか、7日到達すると
1日目から再開されます*
`叡智の業火 X 1
6月交換券(2024) X 1
`*カルデア・サマーアドベンチャー！ アンケート復刻版 開幕記念 ログインボーナス*
*開催期間中、1日1回 最大21回 ログインボーナスをプレゼント！*
`白銀の果実 X 1
`_2024-06-02 04:35:20_
--------
*0b1d16a6123aa7c3005cb4f4b5b6d63c*
`登陆天数: 10天 / 648天
等级: 130
石头: 2507
呼符: 0
体力: 14741.366666666667 / 138
友情点: 0 / 465740`
*連続ログイン3日目
※ログインが途切れるか、7日到達すると
1日目から再開されます*
`叡智の業火 X 1
6月交換券(2024) X 1
`*カルデア・サマーアドベンチャー！ アンケート復刻版 開幕記念 ログインボーナス*
*開催期間中、1日1回 最大21回 ログインボーナスをプレゼント！*
`白銀の果実 X 1
`_2024-06-02 04:35:28_
--------
*cb4cf2a0cb65dd6feafa50673c1f65d6*
`登陆天数: 10天 / 647天
等级: 130
石头: 4006
呼符: 71
体力: 14741.393333333333 / 138
友情点: 0 / 468435`
*連続ログイン3日目
※ログインが途切れるか、7日到達すると
1日目から再開されます*
`叡智の業火 X 1
6月交換券(2024) X 1
`*カルデア・サマーアドベンチャー！ アンケート復刻版 開幕記念 ログインボーナス*
*開催期間中、1日1回 最大21回 ログインボーナスをプレゼント！*
`白銀の果実 X 1
`_2024-06-02 04:35:36_
--------
*645957db5ef305d8ad175331ff9c3d50*
`登陆天数: 10天 / 648天
等级: 130
石头: 1699
呼符: 0
体力: 14741.42 / 138
友情点: 0 / 465960`
*連続ログイン3日目
※ログインが途切れるか、7日到達すると
1日目から再開されます*
`叡智の業火 X 1
6月交換券(2024) X 1
`*カルデア・サマーアドベンチャー！ アンケート復刻版 開幕記念 ログインボーナス*
*開催期間中、1日1回 最大21回 ログインボーナスをプレゼント！*
`白銀の果実 X 1
`_2024-06-02 04:35:43_
--------
*8edae1fe51bdc94d09878095d23412a7*
`登陆天数: 10天 / 647天
等级: 130
石头: 3139
呼符: 0
体力: 14741.446666666667 / 138
友情点: 0 / 468445`
*連続ログイン3日目
※ログインが途切れるか、7日到達すると
1日目から再開されます*
`叡智の業火 X 1
6月交換券(2024) X 1
`*カルデア・サマーアドベンチャー！ アンケート復刻版 開幕記念 ログインボーナス*
*開催期間中、1日1回 最大21回 ログインボーナスをプレゼント！*
`白銀の果実 X 1
`_2024-06-02 04:35:52_
--------
*f845edc0e0a95e38a300e03bbc2c235a*
`登陆天数: 10天 / 648天
等级: 130
石头: 2713
呼符: 0
体力: 14741.473333333333 / 138
友情点: 0 / 467770`
*連続ログイン3日目
※ログインが途切れるか、7日到達すると
1日目から再開されます*
`叡智の業火 X 1
6月交換券(2024) X 1
`*カルデア・サマーアドベンチャー！ アンケート復刻版 開幕記念 ログインボーナス*
*開催期間中、1日1回 最大21回 ログインボーナスをプレゼント！*
`白銀の果実 X 1
`_2024-06-02 04:35:59_
--------
*62c0e225a3ef4996956b0f299bc4a62c*
`登陆天数: 10天 / 647天
等级: 130
石头: 3947
呼符: 0
体力: 14741.5 / 138
友情点: 0 / 468045`
*連続ログイン3日目
※ログインが途切れるか、7日到達すると
1日目から再開されます*
`叡智の業火 X 1
6月交換券(2024) X 1
`*カルデア・サマーアドベンチャー！ アンケート復刻版 開幕記念 ログインボーナス*
*開催期間中、1日1回 最大21回 ログインボーナスをプレゼント！*
`白銀の果実 X 1
`_2024-06-02 04:36:08_
--------
*d7f5342037a7a823a785dbd64a88b3e0*
`登陆天数: 10天 / 648天
等级: 130
石头: 3285
呼符: 0
体力: 14741.523333333333 / 138
友情点: 0 / 467590`
*連続ログイン3日目
※ログインが途切れるか、7日到達すると
1日目から再開されます*
`叡智の業火 X 1
6月交換券(2024) X 1
`*カルデア・サマーアドベンチャー！ アンケート復刻版 開幕記念 ログインボーナス*
*開催期間中、1日1回 最大21回 ログインボーナスをプレゼント！*
`白銀の果実 X 1
`_2024-06-02 04:36:15_
--------
*7acddab98e5d6e1bb0e134866c37863c*
`登陆天数: 10天 / 647天
等级: 130
石头: 4014
呼符: 142
体力: 14741.553333333333 / 138
友情点: 0 / 469405`
*連続ログイン3日目
※ログインが途切れるか、7日到達すると
1日目から再開されます*
`叡智の業火 X 1
6月交換券(2024) X 1
`*カルデア・サマーアドベンチャー！ アンケート復刻版 開幕記念 ログインボーナス*
*開催期間中、1日1回 最大21回 ログインボーナスをプレゼント！*
`白銀の果実 X 1
`_2024-06-02 04:36:23_
--------
*dce381eb9407fea2f6744beafff7f243*
`登陆天数: 10天 / 647天
等级: 130
石头: 3500
呼符: 0
体力: 14741.576666666666 / 138
友情点: 0 / 469090`
*連続ログイン3日目
※ログインが途切れるか、7日到達すると
1日目から再開されます*
`叡智の業火 X 1
6月交換券(2024) X 1
`*カルデア・サマーアドベンチャー！ アンケート復刻版 開幕記念 ログインボーナス*
*開催期間中、1日1回 最大21回 ログインボーナスをプレゼント！*
`白銀の果実 X 1
`_2024-06-02 04:36:31_
--------
*208f7c6cd17d052a03d63a2de15989d8*
`登陆天数: 10天 / 648天
等级: 130
石头: 589
呼符: 0
体力: 14741.606666666667 / 138
友情点: 0 / 466615`
*連続ログイン3日目
※ログインが途切れるか、7日到達すると
1日目から再開されます*
`叡智の業火 X 1
6月交換券(2024) X 1
`*カルデア・サマーアドベンチャー！ アンケート復刻版 開幕記念 ログインボーナス*
*開催期間中、1日1回 最大21回 ログインボーナスをプレゼント！*
`白銀の果実 X 1
`_2024-06-02 04:36:39_
--------
*9ca6d2f2132e23f6761aec34e53b845b*
`登陆天数: 10天 / 647天
等级: 130
石头: 3138
呼符: 0
体力: 14741.633333333333 / 138
友情点: 0 / 468360`
*連続ログイン3日目
※ログインが途切れるか、7日到達すると
1日目から再開されます*
`叡智の業火 X 1
6月交換券(2024) X 1
`*カルデア・サマーアドベンチャー！ アンケート復刻版 開幕記念 ログインボーナス*
*開催期間中、1日1回 最大21回 ログインボーナスをプレゼント！*
`白銀の果実 X 1
`_2024-06-02 04:36:47_
--------
*1c160346ee0ca603e7c742fd92dafce9*
`登陆天数: 10天 / 648天
等级: 130
石头: 2451
呼符: 0
体力: 14741.66 / 138
友情点: 0 / 465950`
*連続ログイン3日目
※ログインが途切れるか、7日到達すると
1日目から再開されます*
`叡智の業火 X 1
6月交換券(2024) X 1
`*カルデア・サマーアドベンチャー！ アンケート復刻版 開幕記念 ログインボーナス*
*開催期間中、1日1回 最大21回 ログインボーナスをプレゼント！*
`白銀の果実 X 1
`_2024-06-02 04:36:55_
--------
*c84509cfb4ad377c450bd3960a49a3c4*
`登陆天数: 10天 / 648天
等级: 130
石头: 2032
呼符: 0
体力: 14741.686666666666 / 138
友情点: 0 / 466225`
*連続ログイン3日目
※ログインが途切れるか、7日到達すると
1日目から再開されます*
`叡智の業火 X 1
6月交換券(2024) X 1
`*カルデア・サマーアドベンチャー！ アンケート復刻版 開幕記念 ログインボーナス*
*開催期間中、1日1回 最大21回 ログインボーナスをプレゼント！*
`白銀の果実 X 1
`_2024-06-02 04:37:03_
--------
*52405f19031fac8559b666a148f775b3*
`登陆天数: 10天 / 647天
等级: 130
石头: 2505
呼符: 0
体力: 14741.713333333333 / 138
友情点: 0 / 468465`
*連続ログイン3日目
※ログインが途切れるか、7日到達すると
1日目から再開されます*
`叡智の業火 X 1
6月交換券(2024) X 1
`*カルデア・サマーアドベンチャー！ アンケート復刻版 開幕記念 ログインボーナス*
*開催期間中、1日1回 最大21回 ログインボーナスをプレゼント！*
`白銀の果実 X 1
`_2024-06-02 04:37:11_
--------
*7518a642d74f8ba62456ff7d91fbe4c0*
`登陆天数: 10天 / 648天
等级: 130
石头: 3485
呼符: 0
体力: 14741.74 / 138
友情点: 0 / 466545`
*連続ログイン3日目
※ログインが途切れるか、7日到達すると
1日目から再開されます*
`叡智の業火 X 1
6月交換券(2024) X 1
`*カルデア・サマーアドベンチャー！ アンケート復刻版 開幕記念 ログインボーナス*
*開催期間中、1日1回 最大21回 ログインボーナスをプレゼント！*
`白銀の果実 X 1
`_2024-06-02 04:37:19_
--------
*369a580e4c636db740cc45cd14125989*
`登陆天数: 10天 / 648天
等级: 130
石头: 1907
呼符: 0
体力: 14741.766666666666 / 138
友情点: 0 / 467280`
*連続ログイン3日目
※ログインが途切れるか、7日到達すると
1日目から再開されます*
`叡智の業火 X 1
6月交換券(2024) X 1
`*カルデア・サマーアドベンチャー！ アンケート復刻版 開幕記念 ログインボーナス*
*開催期間中、1日1回 最大21回 ログインボーナスをプレゼント！*
`白銀の果実 X 1
`_2024-06-02 04:37:27_
--------
