【登录信息】
*3d5a228f1082bc550818e18f7971fe57*
`登陆天数: 14天 / 652天
等级: 130
石头: 2271
呼符: 0
体力: 15892.25 / 138
友情点: 0 / 467010`
*連続ログイン7日間到達おめでとうございます！
明日は1日目からリスタートされます。*
`獣の足跡 X 1
呼符 X 1
6月交換券(2024) X 1
`*カルデア・サマーアドベンチャー！ アンケート復刻版 開幕記念 ログインボーナス*
*開催期間中、1日1回 最大21回 ログインボーナスをプレゼント！*
`白銀の果実 X 1
`_2024-06-06 04:29:53_
--------
*6abaffb5ee5ceaf2dd7ed98b206d749f*
`登陆天数: 14天 / 652天
等级: 130
石头: 2536
呼符: 0
体力: 15892.28 / 138
友情点: 0 / 466815`
*連続ログイン7日間到達おめでとうございます！
明日は1日目からリスタートされます。*
`獣の足跡 X 1
呼符 X 1
6月交換券(2024) X 1
`*カルデア・サマーアドベンチャー！ アンケート復刻版 開幕記念 ログインボーナス*
*開催期間中、1日1回 最大21回 ログインボーナスをプレゼント！*
`白銀の果実 X 1
`_2024-06-06 04:30:01_
--------
*f63a615d55b52038a51b0dc3bdadc06a*
`登陆天数: 14天 / 651天
等级: 130
石头: 3857
呼符: 0
体力: 15892.306666666667 / 138
友情点: 0 / 469020`
*連続ログイン7日間到達おめでとうございます！
明日は1日目からリスタートされます。*
`獣の足跡 X 1
呼符 X 1
6月交換券(2024) X 1
`*カルデア・サマーアドベンチャー！ アンケート復刻版 開幕記念 ログインボーナス*
*開催期間中、1日1回 最大21回 ログインボーナスをプレゼント！*
`白銀の果実 X 1
`_2024-06-06 04:30:09_
--------
*0e40a25d9b7cd5711e7a2b10d87c238d*
`登陆天数: 14天 / 652天
等级: 130
石头: 3916
呼符: 0
体力: 15892.333333333334 / 138
友情点: 0 / 466065`
*連続ログイン7日間到達おめでとうございます！
明日は1日目からリスタートされます。*
`獣の足跡 X 1
呼符 X 1
6月交換券(2024) X 1
`*カルデア・サマーアドベンチャー！ アンケート復刻版 開幕記念 ログインボーナス*
*開催期間中、1日1回 最大21回 ログインボーナスをプレゼント！*
`白銀の果実 X 1
`_2024-06-06 04:30:17_
--------
*e18b1c081f46994f811a7d72800eebb5*
`登陆天数: 14天 / 652天
等级: 130
石头: 3766
呼符: 0
体力: 15892.36 / 138
友情点: 0 / 466850`
*連続ログイン7日間到達おめでとうございます！
明日は1日目からリスタートされます。*
`獣の足跡 X 1
呼符 X 1
6月交換券(2024) X 1
`*カルデア・サマーアドベンチャー！ アンケート復刻版 開幕記念 ログインボーナス*
*開催期間中、1日1回 最大21回 ログインボーナスをプレゼント！*
`白銀の果実 X 1
`_2024-06-06 04:30:25_
--------
*d3890b0a09fce4b3116374f3a0132ada*
`登陆天数: 14天 / 652天
等级: 130
石头: 13
呼符: 0
体力: 15892.386666666667 / 138
友情点: 0 / 466570`
*連続ログイン7日間到達おめでとうございます！
明日は1日目からリスタートされます。*
`獣の足跡 X 1
呼符 X 1
6月交換券(2024) X 1
`*カルデア・サマーアドベンチャー！ アンケート復刻版 開幕記念 ログインボーナス*
*開催期間中、1日1回 最大21回 ログインボーナスをプレゼント！*
`白銀の果実 X 1
`_2024-06-06 04:30:33_
--------
*90b0a38d5c1e9caee255c7f85b3abd13*
`登陆天数: 14天 / 652天
等级: 130
石头: 3766
呼符: 0
体力: 15892.416666666666 / 138
友情点: 0 / 466190`
*連続ログイン7日間到達おめでとうございます！
明日は1日目からリスタートされます。*
`獣の足跡 X 1
呼符 X 1
6月交換券(2024) X 1
`*カルデア・サマーアドベンチャー！ アンケート復刻版 開幕記念 ログインボーナス*
*開催期間中、1日1回 最大21回 ログインボーナスをプレゼント！*
`白銀の果実 X 1
`_2024-06-06 04:30:42_
--------
*84a4a9cb3346931358bf9edf442d9c87*
`登陆天数: 14天 / 651天
等级: 130
石头: 3016
呼符: 0
体力: 15892.443333333333 / 138
友情点: 0 / 468720`
*連続ログイン7日間到達おめでとうございます！
明日は1日目からリスタートされます。*
`獣の足跡 X 1
呼符 X 1
6月交換券(2024) X 1
`*カルデア・サマーアドベンチャー！ アンケート復刻版 開幕記念 ログインボーナス*
*開催期間中、1日1回 最大21回 ログインボーナスをプレゼント！*
`白銀の果実 X 1
`_2024-06-06 04:30:50_
--------
*aae09810e10318643494f04886d652d3*
`登陆天数: 14天 / 651天
等级: 130
石头: 2989
呼符: 0
体力: 15892.47 / 138
友情点: 0 / 467855`
*連続ログイン7日間到達おめでとうございます！
明日は1日目からリスタートされます。*
`獣の足跡 X 1
呼符 X 1
6月交換券(2024) X 1
`*カルデア・サマーアドベンチャー！ アンケート復刻版 開幕記念 ログインボーナス*
*開催期間中、1日1回 最大21回 ログインボーナスをプレゼント！*
`白銀の果実 X 1
`_2024-06-06 04:30:58_
--------
*2855350f3242d93bfb042a798b27bda8*
`登陆天数: 15天 / 652天
等级: 130
石头: 3723
呼符: 0
体力: 15892.496666666666 / 138
友情点: 0 / 468345`
*連続ログイン1日目
※ログインが途切れるか、7日到達すると
1日目から再開されます*
`フレンドポイント X 2000
6月交換券(2024) X 1
`*カルデア・サマーアドベンチャー！ アンケート復刻版 開幕記念 ログインボーナス*
*開催期間中、1日1回 最大21回 ログインボーナスをプレゼント！*
`黄金の果実 X 1
`_2024-06-06 04:31:07_
--------
*ea44e352ac37eb1bae023ef86b3b62bd*
`登陆天数: 14天 / 651天
等级: 130
石头: 3136
呼符: 0
体力: 15892.523333333333 / 138
友情点: 0 / 468290`
*連続ログイン7日間到達おめでとうございます！
明日は1日目からリスタートされます。*
`獣の足跡 X 1
呼符 X 1
6月交換券(2024) X 1
`*カルデア・サマーアドベンチャー！ アンケート復刻版 開幕記念 ログインボーナス*
*開催期間中、1日1回 最大21回 ログインボーナスをプレゼント！*
`白銀の果実 X 1
`_2024-06-06 04:31:14_
--------
*6b40f136ba3d65a84594e41ebc56b6a3*
`登陆天数: 14天 / 652天
等级: 130
石头: 3637
呼符: 0
体力: 15892.55 / 138
友情点: 0 / 466920`
*連続ログイン7日間到達おめでとうございます！
明日は1日目からリスタートされます。*
`獣の足跡 X 1
呼符 X 1
6月交換券(2024) X 1
`*カルデア・サマーアドベンチャー！ アンケート復刻版 開幕記念 ログインボーナス*
*開催期間中、1日1回 最大21回 ログインボーナスをプレゼント！*
`白銀の果実 X 1
`_2024-06-06 04:31:22_
--------
*d1d58f7c0158360f3b797dfd119e9051*
`登陆天数: 14天 / 651天
等级: 130
石头: 3424
呼符: 0
体力: 15892.576666666666 / 138
友情点: 0 / 469775`
*連続ログイン7日間到達おめでとうございます！
明日は1日目からリスタートされます。*
`獣の足跡 X 1
呼符 X 1
6月交換券(2024) X 1
`*カルデア・サマーアドベンチャー！ アンケート復刻版 開幕記念 ログインボーナス*
*開催期間中、1日1回 最大21回 ログインボーナスをプレゼント！*
`白銀の果実 X 1
`_2024-06-06 04:31:31_
--------
*e7b4738e053dd651b9e278fc07dabc2f*
`登陆天数: 14天 / 652天
等级: 130
石头: 2945
呼符: 0
体力: 15892.606666666667 / 138
友情点: 0 / 466770`
*連続ログイン7日間到達おめでとうございます！
明日は1日目からリスタートされます。*
`獣の足跡 X 1
呼符 X 1
6月交換券(2024) X 1
`*カルデア・サマーアドベンチャー！ アンケート復刻版 開幕記念 ログインボーナス*
*開催期間中、1日1回 最大21回 ログインボーナスをプレゼント！*
`白銀の果実 X 1
`_2024-06-06 04:31:39_
--------
*ad2ba66ee90fff361e63ca47dfb5747d*
`登陆天数: 14天 / 652天
等级: 130
石头: 1600
呼符: 0
体力: 15892.633333333333 / 138
友情点: 0 / 466730`
*連続ログイン7日間到達おめでとうございます！
明日は1日目からリスタートされます。*
`獣の足跡 X 1
呼符 X 1
6月交換券(2024) X 1
`*カルデア・サマーアドベンチャー！ アンケート復刻版 開幕記念 ログインボーナス*
*開催期間中、1日1回 最大21回 ログインボーナスをプレゼント！*
`白銀の果実 X 1
`_2024-06-06 04:31:47_
--------
*65250a9a990f0d7ed4990127bb0d41d7*
`登陆天数: 14天 / 651天
等级: 130
石头: 4014
呼符: 229
体力: 15892.66 / 138
友情点: 0 / 468950`
*連続ログイン7日間到達おめでとうございます！
明日は1日目からリスタートされます。*
`獣の足跡 X 1
呼符 X 1
6月交換券(2024) X 1
`*カルデア・サマーアドベンチャー！ アンケート復刻版 開幕記念 ログインボーナス*
*開催期間中、1日1回 最大21回 ログインボーナスをプレゼント！*
`白銀の果実 X 1
`_2024-06-06 04:31:56_
--------
*8b8be115d7782194e1244a833cc650a3*
`登陆天数: 14天 / 652天
等级: 130
石头: 2116
呼符: 0
体力: 15892.686666666666 / 138
友情点: 0 / 466225`
*連続ログイン7日間到達おめでとうございます！
明日は1日目からリスタートされます。*
`獣の足跡 X 1
呼符 X 1
6月交換券(2024) X 1
`*カルデア・サマーアドベンチャー！ アンケート復刻版 開幕記念 ログインボーナス*
*開催期間中、1日1回 最大21回 ログインボーナスをプレゼント！*
`白銀の果実 X 1
`_2024-06-06 04:32:04_
--------
*f01ffcc9af352d2b15d794c0892908d6*
`登陆天数: 14天 / 652天
等级: 130
石头: 3621
呼符: 0
体力: 15892.716666666667 / 138
友情点: 0 / 465910`
*連続ログイン7日間到達おめでとうございます！
明日は1日目からリスタートされます。*
`獣の足跡 X 1
呼符 X 1
6月交換券(2024) X 1
`*カルデア・サマーアドベンチャー！ アンケート復刻版 開幕記念 ログインボーナス*
*開催期間中、1日1回 最大21回 ログインボーナスをプレゼント！*
`白銀の果実 X 1
`_2024-06-06 04:32:12_
--------
*227f88ee49a278300463381f63f3c724*
`登陆天数: 14天 / 652天
等级: 130
石头: 3907
呼符: 0
体力: 15892.743333333334 / 138
友情点: 0 / 467865`
*連続ログイン7日間到達おめでとうございます！
明日は1日目からリスタートされます。*
`獣の足跡 X 1
呼符 X 1
6月交換券(2024) X 1
`*カルデア・サマーアドベンチャー！ アンケート復刻版 開幕記念 ログインボーナス*
*開催期間中、1日1回 最大21回 ログインボーナスをプレゼント！*
`白銀の果実 X 1
`_2024-06-06 04:32:20_
--------
*94f3b7e552d36542e785c8e44467be89*
`登陆天数: 14天 / 652天
等级: 130
石头: 3919
呼符: 0
体力: 15892.77 / 138
友情点: 0 / 466475`
*連続ログイン7日間到達おめでとうございます！
明日は1日目からリスタートされます。*
`獣の足跡 X 1
呼符 X 1
6月交換券(2024) X 1
`*カルデア・サマーアドベンチャー！ アンケート復刻版 開幕記念 ログインボーナス*
*開催期間中、1日1回 最大21回 ログインボーナスをプレゼント！*
`白銀の果実 X 1
`_2024-06-06 04:32:28_
--------
*d8b6704358386dfe3015f85f59b64b79*
`登陆天数: 14天 / 652天
等级: 130
石头: 3858
呼符: 0
体力: 15892.793333333333 / 138
友情点: 0 / 466500`
*連続ログイン7日間到達おめでとうございます！
明日は1日目からリスタートされます。*
`獣の足跡 X 1
呼符 X 1
6月交換券(2024) X 1
`*カルデア・サマーアドベンチャー！ アンケート復刻版 開幕記念 ログインボーナス*
*開催期間中、1日1回 最大21回 ログインボーナスをプレゼント！*
`白銀の果実 X 1
`_2024-06-06 04:32:36_
--------
*4269a16316ffc1ac21364239ba5b87fe*
`登陆天数: 14天 / 652天
等级: 130
石头: 2688
呼符: 0
体力: 15892.823333333334 / 138
友情点: 0 / 467075`
*連続ログイン7日間到達おめでとうございます！
明日は1日目からリスタートされます。*
`獣の足跡 X 1
呼符 X 1
6月交換券(2024) X 1
`*カルデア・サマーアドベンチャー！ アンケート復刻版 開幕記念 ログインボーナス*
*開催期間中、1日1回 最大21回 ログインボーナスをプレゼント！*
`白銀の果実 X 1
`_2024-06-06 04:32:44_
--------
*c72d8558cefa89a1175654c976c0beab*
`登陆天数: 14天 / 651天
等级: 130
石头: 3496
呼符: 0
体力: 15892.85 / 138
友情点: 0 / 468650`
*連続ログイン7日間到達おめでとうございます！
明日は1日目からリスタートされます。*
`獣の足跡 X 1
呼符 X 1
6月交換券(2024) X 1
`*カルデア・サマーアドベンチャー！ アンケート復刻版 開幕記念 ログインボーナス*
*開催期間中、1日1回 最大21回 ログインボーナスをプレゼント！*
`白銀の果実 X 1
`_2024-06-06 04:32:52_
--------
*bdc8d657256a9e1fd00b040f193b38b9*
`登陆天数: 14天 / 651天
等级: 130
石头: 3704
呼符: 0
体力: 15892.88 / 138
友情点: 0 / 470805`
*連続ログイン7日間到達おめでとうございます！
明日は1日目からリスタートされます。*
`獣の足跡 X 1
呼符 X 1
6月交換券(2024) X 1
`*カルデア・サマーアドベンチャー！ アンケート復刻版 開幕記念 ログインボーナス*
*開催期間中、1日1回 最大21回 ログインボーナスをプレゼント！*
`白銀の果実 X 1
`_2024-06-06 04:33:01_
--------
*48ffd29b98fccb573baef20885d2b97e*
`登陆天数: 14天 / 651天
等级: 130
石头: 2716
呼符: 0
体力: 15892.906666666666 / 138
友情点: 0 / 468700`
*連続ログイン7日間到達おめでとうございます！
明日は1日目からリスタートされます。*
`獣の足跡 X 1
呼符 X 1
6月交換券(2024) X 1
`*カルデア・サマーアドベンチャー！ アンケート復刻版 開幕記念 ログインボーナス*
*開催期間中、1日1回 最大21回 ログインボーナスをプレゼント！*
`白銀の果実 X 1
`_2024-06-06 04:33:09_
--------
*c83224bb597c8cba26239f94419c4589*
`登陆天数: 14天 / 651天
等级: 130
石头: 2659
呼符: 0
体力: 15892.93 / 138
友情点: 0 / 468700`
*連続ログイン7日間到達おめでとうございます！
明日は1日目からリスタートされます。*
`獣の足跡 X 1
呼符 X 1
6月交換券(2024) X 1
`*カルデア・サマーアドベンチャー！ アンケート復刻版 開幕記念 ログインボーナス*
*開催期間中、1日1回 最大21回 ログインボーナスをプレゼント！*
`白銀の果実 X 1
`_2024-06-06 04:33:17_
--------
*c04df84328839272606d25d6f9159ab2*
`登陆天数: 14天 / 651天
等级: 130
石头: 3044
呼符: 0
体力: 15892.956666666667 / 138
友情点: 0 / 468310`
*連続ログイン7日間到達おめでとうございます！
明日は1日目からリスタートされます。*
`獣の足跡 X 1
呼符 X 1
6月交換券(2024) X 1
`*カルデア・サマーアドベンチャー！ アンケート復刻版 開幕記念 ログインボーナス*
*開催期間中、1日1回 最大21回 ログインボーナスをプレゼント！*
`白銀の果実 X 1
`_2024-06-06 04:33:25_
--------
*e40304d9e9ffbf6e25ccd578ba9e1259*
`登陆天数: 14天 / 651天
等级: 130
石头: 3045
呼符: 0
体力: 15892.983333333334 / 138
友情点: 0 / 469380`
*連続ログイン7日間到達おめでとうございます！
明日は1日目からリスタートされます。*
`獣の足跡 X 1
呼符 X 1
6月交換券(2024) X 1
`*カルデア・サマーアドベンチャー！ アンケート復刻版 開幕記念 ログインボーナス*
*開催期間中、1日1回 最大21回 ログインボーナスをプレゼント！*
`白銀の果実 X 1
`_2024-06-06 04:33:32_
--------
*defd823107815253ee48f31d320dd260*
`登陆天数: 14天 / 652天
等级: 130
石头: 1760
呼符: 0
体力: 15893.01 / 138
友情点: 0 / 468395`
*連続ログイン7日間到達おめでとうございます！
明日は1日目からリスタートされます。*
`獣の足跡 X 1
呼符 X 1
6月交換券(2024) X 1
`*カルデア・サマーアドベンチャー！ アンケート復刻版 開幕記念 ログインボーナス*
*開催期間中、1日1回 最大21回 ログインボーナスをプレゼント！*
`白銀の果実 X 1
`_2024-06-06 04:33:40_
--------
*7ca422e311c6d57765d39683e587572b*
`登陆天数: 14天 / 652天
等级: 130
石头: 1703
呼符: 0
体力: 15893.036666666667 / 138
友情点: 0 / 466195`
*連続ログイン7日間到達おめでとうございます！
明日は1日目からリスタートされます。*
`獣の足跡 X 1
呼符 X 1
6月交換券(2024) X 1
`*カルデア・サマーアドベンチャー！ アンケート復刻版 開幕記念 ログインボーナス*
*開催期間中、1日1回 最大21回 ログインボーナスをプレゼント！*
`白銀の果実 X 1
`_2024-06-06 04:33:48_
--------
*fe7bf40c722af72f68fc2a802e3cb54f*
`登陆天数: 14天 / 651天
等级: 130
石头: 3768
呼符: 0
体力: 15893.063333333334 / 138
友情点: 0 / 468750`
*連続ログイン7日間到達おめでとうございます！
明日は1日目からリスタートされます。*
`獣の足跡 X 1
呼符 X 1
6月交換券(2024) X 1
`*カルデア・サマーアドベンチャー！ アンケート復刻版 開幕記念 ログインボーナス*
*開催期間中、1日1回 最大21回 ログインボーナスをプレゼント！*
`白銀の果実 X 1
`_2024-06-06 04:33:56_
--------
*67354c23977de1368fdc3b47a763f868*
`登陆天数: 14天 / 651天
等级: 130
石头: 2755
呼符: 0
体力: 15893.09 / 138
友情点: 0 / 467655`
*連続ログイン7日間到達おめでとうございます！
明日は1日目からリスタートされます。*
`獣の足跡 X 1
呼符 X 1
6月交換券(2024) X 1
`*カルデア・サマーアドベンチャー！ アンケート復刻版 開幕記念 ログインボーナス*
*開催期間中、1日1回 最大21回 ログインボーナスをプレゼント！*
`白銀の果実 X 1
`_2024-06-06 04:34:04_
--------
*688813225857caa674d793db47c94a5e*
`登陆天数: 14天 / 652天
等级: 130
石头: 3647
呼符: 0
体力: 15893.116666666667 / 138
友情点: 0 / 466235`
*連続ログイン7日間到達おめでとうございます！
明日は1日目からリスタートされます。*
`獣の足跡 X 1
呼符 X 1
6月交換券(2024) X 1
`*カルデア・サマーアドベンチャー！ アンケート復刻版 開幕記念 ログインボーナス*
*開催期間中、1日1回 最大21回 ログインボーナスをプレゼント！*
`白銀の果実 X 1
`_2024-06-06 04:34:13_
--------
*3c5947cbb209c8d2b920f60ff7af7afc*
`登陆天数: 14天 / 651天
等级: 130
石头: 3503
呼符: 0
体力: 15893.14 / 138
友情点: 0 / 468435`
*連続ログイン7日間到達おめでとうございます！
明日は1日目からリスタートされます。*
`獣の足跡 X 1
呼符 X 1
6月交換券(2024) X 1
`*カルデア・サマーアドベンチャー！ アンケート復刻版 開幕記念 ログインボーナス*
*開催期間中、1日1回 最大21回 ログインボーナスをプレゼント！*
`白銀の果実 X 1
`_2024-06-06 04:34:21_
--------
*0b1d16a6123aa7c3005cb4f4b5b6d63c*
`登陆天数: 14天 / 652天
等级: 130
石头: 2507
呼符: 0
体力: 15893.17 / 138
友情点: 0 / 465740`
*連続ログイン7日間到達おめでとうございます！
明日は1日目からリスタートされます。*
`獣の足跡 X 1
呼符 X 1
6月交換券(2024) X 1
`*カルデア・サマーアドベンチャー！ アンケート復刻版 開幕記念 ログインボーナス*
*開催期間中、1日1回 最大21回 ログインボーナスをプレゼント！*
`白銀の果実 X 1
`_2024-06-06 04:34:28_
--------
*cb4cf2a0cb65dd6feafa50673c1f65d6*
`登陆天数: 14天 / 651天
等级: 130
石头: 4006
呼符: 71
体力: 15893.196666666667 / 138
友情点: 0 / 468435`
*連続ログイン7日間到達おめでとうございます！
明日は1日目からリスタートされます。*
`獣の足跡 X 1
呼符 X 1
6月交換券(2024) X 1
`*カルデア・サマーアドベンチャー！ アンケート復刻版 開幕記念 ログインボーナス*
*開催期間中、1日1回 最大21回 ログインボーナスをプレゼント！*
`白銀の果実 X 1
`_2024-06-06 04:34:36_
--------
*645957db5ef305d8ad175331ff9c3d50*
`登陆天数: 14天 / 652天
等级: 130
石头: 1699
呼符: 0
体力: 15893.223333333333 / 138
友情点: 0 / 465960`
*連続ログイン7日間到達おめでとうございます！
明日は1日目からリスタートされます。*
`獣の足跡 X 1
呼符 X 1
6月交換券(2024) X 1
`*カルデア・サマーアドベンチャー！ アンケート復刻版 開幕記念 ログインボーナス*
*開催期間中、1日1回 最大21回 ログインボーナスをプレゼント！*
`白銀の果実 X 1
`_2024-06-06 04:34:44_
--------
*8edae1fe51bdc94d09878095d23412a7*
`登陆天数: 14天 / 651天
等级: 130
石头: 3139
呼符: 0
体力: 15893.25 / 138
友情点: 0 / 468445`
*連続ログイン7日間到達おめでとうございます！
明日は1日目からリスタートされます。*
`獣の足跡 X 1
呼符 X 1
6月交換券(2024) X 1
`*カルデア・サマーアドベンチャー！ アンケート復刻版 開幕記念 ログインボーナス*
*開催期間中、1日1回 最大21回 ログインボーナスをプレゼント！*
`白銀の果実 X 1
`_2024-06-06 04:34:52_
--------
*f845edc0e0a95e38a300e03bbc2c235a*
`登陆天数: 14天 / 652天
等级: 130
石头: 2713
呼符: 0
体力: 15893.276666666667 / 138
友情点: 0 / 467770`
*連続ログイン7日間到達おめでとうございます！
明日は1日目からリスタートされます。*
`獣の足跡 X 1
呼符 X 1
6月交換券(2024) X 1
`*カルデア・サマーアドベンチャー！ アンケート復刻版 開幕記念 ログインボーナス*
*開催期間中、1日1回 最大21回 ログインボーナスをプレゼント！*
`白銀の果実 X 1
`_2024-06-06 04:35:00_
--------
*62c0e225a3ef4996956b0f299bc4a62c*
`登陆天数: 14天 / 651天
等级: 130
石头: 3947
呼符: 0
体力: 15893.303333333333 / 138
友情点: 0 / 468045`
*連続ログイン7日間到達おめでとうございます！
明日は1日目からリスタートされます。*
`獣の足跡 X 1
呼符 X 1
6月交換券(2024) X 1
`*カルデア・サマーアドベンチャー！ アンケート復刻版 開幕記念 ログインボーナス*
*開催期間中、1日1回 最大21回 ログインボーナスをプレゼント！*
`白銀の果実 X 1
`_2024-06-06 04:35:09_
--------
*d7f5342037a7a823a785dbd64a88b3e0*
`登陆天数: 14天 / 652天
等级: 130
石头: 3285
呼符: 0
体力: 15893.33 / 138
友情点: 0 / 467590`
*連続ログイン7日間到達おめでとうございます！
明日は1日目からリスタートされます。*
`獣の足跡 X 1
呼符 X 1
6月交換券(2024) X 1
`*カルデア・サマーアドベンチャー！ アンケート復刻版 開幕記念 ログインボーナス*
*開催期間中、1日1回 最大21回 ログインボーナスをプレゼント！*
`白銀の果実 X 1
`_2024-06-06 04:35:17_
--------
*7acddab98e5d6e1bb0e134866c37863c*
`登陆天数: 14天 / 651天
等级: 130
石头: 4014
呼符: 142
体力: 15893.356666666667 / 138
友情点: 0 / 469405`
*連続ログイン7日間到達おめでとうございます！
明日は1日目からリスタートされます。*
`獣の足跡 X 1
呼符 X 1
6月交換券(2024) X 1
`*カルデア・サマーアドベンチャー！ アンケート復刻版 開幕記念 ログインボーナス*
*開催期間中、1日1回 最大21回 ログインボーナスをプレゼント！*
`白銀の果実 X 1
`_2024-06-06 04:35:25_
--------
*dce381eb9407fea2f6744beafff7f243*
`登陆天数: 14天 / 651天
等级: 130
石头: 3500
呼符: 0
体力: 15893.383333333333 / 138
友情点: 0 / 469090`
*連続ログイン7日間到達おめでとうございます！
明日は1日目からリスタートされます。*
`獣の足跡 X 1
呼符 X 1
6月交換券(2024) X 1
`*カルデア・サマーアドベンチャー！ アンケート復刻版 開幕記念 ログインボーナス*
*開催期間中、1日1回 最大21回 ログインボーナスをプレゼント！*
`白銀の果実 X 1
`_2024-06-06 04:35:33_
--------
*208f7c6cd17d052a03d63a2de15989d8*
`登陆天数: 14天 / 652天
等级: 130
石头: 589
呼符: 0
体力: 15893.41 / 138
友情点: 0 / 466615`
*連続ログイン7日間到達おめでとうございます！
明日は1日目からリスタートされます。*
`獣の足跡 X 1
呼符 X 1
6月交換券(2024) X 1
`*カルデア・サマーアドベンチャー！ アンケート復刻版 開幕記念 ログインボーナス*
*開催期間中、1日1回 最大21回 ログインボーナスをプレゼント！*
`白銀の果実 X 1
`_2024-06-06 04:35:40_
--------
*9ca6d2f2132e23f6761aec34e53b845b*
`登陆天数: 14天 / 651天
等级: 130
石头: 3138
呼符: 0
体力: 15893.436666666666 / 138
友情点: 0 / 468360`
*連続ログイン7日間到達おめでとうございます！
明日は1日目からリスタートされます。*
`獣の足跡 X 1
呼符 X 1
6月交換券(2024) X 1
`*カルデア・サマーアドベンチャー！ アンケート復刻版 開幕記念 ログインボーナス*
*開催期間中、1日1回 最大21回 ログインボーナスをプレゼント！*
`白銀の果実 X 1
`_2024-06-06 04:35:48_
--------
*1c160346ee0ca603e7c742fd92dafce9*
`登陆天数: 14天 / 652天
等级: 130
石头: 2451
呼符: 0
体力: 15893.463333333333 / 138
友情点: 0 / 465950`
*連続ログイン7日間到達おめでとうございます！
明日は1日目からリスタートされます。*
`獣の足跡 X 1
呼符 X 1
6月交換券(2024) X 1
`*カルデア・サマーアドベンチャー！ アンケート復刻版 開幕記念 ログインボーナス*
*開催期間中、1日1回 最大21回 ログインボーナスをプレゼント！*
`白銀の果実 X 1
`_2024-06-06 04:35:56_
--------
*c84509cfb4ad377c450bd3960a49a3c4*
`登陆天数: 14天 / 652天
等级: 130
石头: 2032
呼符: 0
体力: 15893.486666666666 / 138
友情点: 0 / 466225`
*連続ログイン7日間到達おめでとうございます！
明日は1日目からリスタートされます。*
`獣の足跡 X 1
呼符 X 1
6月交換券(2024) X 1
`*カルデア・サマーアドベンチャー！ アンケート復刻版 開幕記念 ログインボーナス*
*開催期間中、1日1回 最大21回 ログインボーナスをプレゼント！*
`白銀の果実 X 1
`_2024-06-06 04:36:04_
--------
*52405f19031fac8559b666a148f775b3*
`登陆天数: 14天 / 651天
等级: 130
石头: 2505
呼符: 0
体力: 15893.516666666666 / 138
友情点: 0 / 468465`
*連続ログイン7日間到達おめでとうございます！
明日は1日目からリスタートされます。*
`獣の足跡 X 1
呼符 X 1
6月交換券(2024) X 1
`*カルデア・サマーアドベンチャー！ アンケート復刻版 開幕記念 ログインボーナス*
*開催期間中、1日1回 最大21回 ログインボーナスをプレゼント！*
`白銀の果実 X 1
`_2024-06-06 04:36:12_
--------
*7518a642d74f8ba62456ff7d91fbe4c0*
`登陆天数: 14天 / 652天
等级: 130
石头: 3485
呼符: 0
体力: 15893.543333333333 / 138
友情点: 0 / 466545`
*連続ログイン7日間到達おめでとうございます！
明日は1日目からリスタートされます。*
`獣の足跡 X 1
呼符 X 1
6月交換券(2024) X 1
`*カルデア・サマーアドベンチャー！ アンケート復刻版 開幕記念 ログインボーナス*
*開催期間中、1日1回 最大21回 ログインボーナスをプレゼント！*
`白銀の果実 X 1
`_2024-06-06 04:36:20_
--------
*369a580e4c636db740cc45cd14125989*
`登陆天数: 14天 / 652天
等级: 130
石头: 1907
呼符: 0
体力: 15893.57 / 138
友情点: 0 / 467280`
*連続ログイン7日間到達おめでとうございます！
明日は1日目からリスタートされます。*
`獣の足跡 X 1
呼符 X 1
6月交換券(2024) X 1
`*カルデア・サマーアドベンチャー！ アンケート復刻版 開幕記念 ログインボーナス*
*開催期間中、1日1回 最大21回 ログインボーナスをプレゼント！*
`白銀の果実 X 1
`_2024-06-06 04:36:28_
--------
