【登录信息】
*3d5a228f1082bc550818e18f7971fe57*
`登陆天数: 15天 / 653天
等级: 130
石头: 2271
呼符: 0
体力: 16286.803333333333 / 138
友情点: 0 / 467010`
*連続ログイン1日目
※ログインが途切れるか、7日到達すると
1日目から再開されます*
`フレンドポイント X 2000
6月交換券(2024) X 1
`*螺旋証明世界 リリムハーロット ～喝采なき薔薇～ アンケート復刻版
開幕記念 ログインボーナス*
*開催期間中、1日1回 最大21回 ログインボーナスをプレゼント！*
`黄金の果実 X 1
`_2024-06-07 13:22:38_
--------
*6abaffb5ee5ceaf2dd7ed98b206d749f*
`登陆天数: 15天 / 653天
等级: 130
石头: 2536
呼符: 0
体力: 16286.83 / 138
友情点: 0 / 466815`
*連続ログイン1日目
※ログインが途切れるか、7日到達すると
1日目から再開されます*
`フレンドポイント X 2000
6月交換券(2024) X 1
`*螺旋証明世界 リリムハーロット ～喝采なき薔薇～ アンケート復刻版
開幕記念 ログインボーナス*
*開催期間中、1日1回 最大21回 ログインボーナスをプレゼント！*
`黄金の果実 X 1
`_2024-06-07 13:22:46_
--------
*f63a615d55b52038a51b0dc3bdadc06a*
`登陆天数: 15天 / 652天
等级: 130
石头: 3857
呼符: 0
体力: 16286.86 / 138
友情点: 0 / 469020`
*連続ログイン1日目
※ログインが途切れるか、7日到達すると
1日目から再開されます*
`フレンドポイント X 2000
6月交換券(2024) X 1
`*螺旋証明世界 リリムハーロット ～喝采なき薔薇～ アンケート復刻版
開幕記念 ログインボーナス*
*開催期間中、1日1回 最大21回 ログインボーナスをプレゼント！*
`黄金の果実 X 1
`_2024-06-07 13:22:55_
--------
*0e40a25d9b7cd5711e7a2b10d87c238d*
`登陆天数: 15天 / 653天
等级: 130
石头: 3916
呼符: 0
体力: 16286.886666666667 / 138
友情点: 0 / 466065`
*連続ログイン1日目
※ログインが途切れるか、7日到達すると
1日目から再開されます*
`フレンドポイント X 2000
6月交換券(2024) X 1
`*螺旋証明世界 リリムハーロット ～喝采なき薔薇～ アンケート復刻版
開幕記念 ログインボーナス*
*開催期間中、1日1回 最大21回 ログインボーナスをプレゼント！*
`黄金の果実 X 1
`_2024-06-07 13:23:03_
--------
*e18b1c081f46994f811a7d72800eebb5*
`登陆天数: 15天 / 653天
等级: 130
石头: 3766
呼符: 0
体力: 16286.913333333334 / 138
友情点: 0 / 466850`
*連続ログイン1日目
※ログインが途切れるか、7日到達すると
1日目から再開されます*
`フレンドポイント X 2000
6月交換券(2024) X 1
`*螺旋証明世界 リリムハーロット ～喝采なき薔薇～ アンケート復刻版
開幕記念 ログインボーナス*
*開催期間中、1日1回 最大21回 ログインボーナスをプレゼント！*
`黄金の果実 X 1
`_2024-06-07 13:23:12_
--------
*d3890b0a09fce4b3116374f3a0132ada*
`登陆天数: 15天 / 653天
等级: 130
石头: 13
呼符: 0
体力: 16286.94 / 138
友情点: 0 / 466570`
*連続ログイン1日目
※ログインが途切れるか、7日到達すると
1日目から再開されます*
`フレンドポイント X 2000
6月交換券(2024) X 1
`*螺旋証明世界 リリムハーロット ～喝采なき薔薇～ アンケート復刻版
開幕記念 ログインボーナス*
*開催期間中、1日1回 最大21回 ログインボーナスをプレゼント！*
`黄金の果実 X 1
`_2024-06-07 13:23:20_
--------
*90b0a38d5c1e9caee255c7f85b3abd13*
`登陆天数: 15天 / 653天
等级: 130
石头: 3766
呼符: 0
体力: 16286.97 / 138
友情点: 0 / 466190`
*連続ログイン1日目
※ログインが途切れるか、7日到達すると
1日目から再開されます*
`フレンドポイント X 2000
6月交換券(2024) X 1
`*螺旋証明世界 リリムハーロット ～喝采なき薔薇～ アンケート復刻版
開幕記念 ログインボーナス*
*開催期間中、1日1回 最大21回 ログインボーナスをプレゼント！*
`黄金の果実 X 1
`_2024-06-07 13:23:28_
--------
*84a4a9cb3346931358bf9edf442d9c87*
`登陆天数: 15天 / 652天
等级: 130
石头: 3016
呼符: 0
体力: 16286.996666666666 / 138
友情点: 0 / 468720`
*連続ログイン1日目
※ログインが途切れるか、7日到達すると
1日目から再開されます*
`フレンドポイント X 2000
6月交換券(2024) X 1
`*螺旋証明世界 リリムハーロット ～喝采なき薔薇～ アンケート復刻版
開幕記念 ログインボーナス*
*開催期間中、1日1回 最大21回 ログインボーナスをプレゼント！*
`黄金の果実 X 1
`_2024-06-07 13:23:37_
--------
*aae09810e10318643494f04886d652d3*
`登陆天数: 15天 / 652天
等级: 130
石头: 2989
呼符: 0
体力: 16287.023333333333 / 138
友情点: 0 / 467855`
*連続ログイン1日目
※ログインが途切れるか、7日到達すると
1日目から再開されます*
`フレンドポイント X 2000
6月交換券(2024) X 1
`*螺旋証明世界 リリムハーロット ～喝采なき薔薇～ アンケート復刻版
開幕記念 ログインボーナス*
*開催期間中、1日1回 最大21回 ログインボーナスをプレゼント！*
`黄金の果実 X 1
`_2024-06-07 13:23:45_
--------
*2855350f3242d93bfb042a798b27bda8*
`登陆天数: 16天 / 653天
等级: 130
石头: 3723
呼符: 0
体力: 16287.06 / 138
友情点: 0 / 468345`
*連続ログイン2日目
※ログインが途切れるか、7日到達すると
1日目から再開されます*
`聖晶石 X 1
6月交換券(2024) X 1
`*螺旋証明世界 リリムハーロット ～喝采なき薔薇～ アンケート復刻版
開幕記念 ログインボーナス*
*開催期間中、1日1回 最大21回 ログインボーナスをプレゼント！*
`黄金の果実 X 1
`_2024-06-07 13:23:53_
--------
*ea44e352ac37eb1bae023ef86b3b62bd*
`登陆天数: 15天 / 652天
等级: 130
石头: 3136
呼符: 0
体力: 16287.086666666666 / 138
友情点: 0 / 468290`
*連続ログイン1日目
※ログインが途切れるか、7日到達すると
1日目から再開されます*
`フレンドポイント X 2000
6月交換券(2024) X 1
`*螺旋証明世界 リリムハーロット ～喝采なき薔薇～ アンケート復刻版
開幕記念 ログインボーナス*
*開催期間中、1日1回 最大21回 ログインボーナスをプレゼント！*
`黄金の果実 X 1
`_2024-06-07 13:24:03_
--------
*6b40f136ba3d65a84594e41ebc56b6a3*
`登陆天数: 15天 / 653天
等级: 130
石头: 3637
呼符: 0
体力: 16287.113333333333 / 138
友情点: 0 / 466920`
*連続ログイン1日目
※ログインが途切れるか、7日到達すると
1日目から再開されます*
`フレンドポイント X 2000
6月交換券(2024) X 1
`*螺旋証明世界 リリムハーロット ～喝采なき薔薇～ アンケート復刻版
開幕記念 ログインボーナス*
*開催期間中、1日1回 最大21回 ログインボーナスをプレゼント！*
`黄金の果実 X 1
`_2024-06-07 13:24:12_
--------
*d1d58f7c0158360f3b797dfd119e9051*
`登陆天数: 15天 / 652天
等级: 130
石头: 3424
呼符: 0
体力: 16287.14 / 138
友情点: 0 / 469775`
*連続ログイン1日目
※ログインが途切れるか、7日到達すると
1日目から再開されます*
`フレンドポイント X 2000
6月交換券(2024) X 1
`*螺旋証明世界 リリムハーロット ～喝采なき薔薇～ アンケート復刻版
開幕記念 ログインボーナス*
*開催期間中、1日1回 最大21回 ログインボーナスをプレゼント！*
`黄金の果実 X 1
`_2024-06-07 13:24:20_
--------
*e7b4738e053dd651b9e278fc07dabc2f*
`登陆天数: 15天 / 653天
等级: 130
石头: 2945
呼符: 0
体力: 16287.173333333334 / 138
友情点: 0 / 466770`
*連続ログイン1日目
※ログインが途切れるか、7日到達すると
1日目から再開されます*
`フレンドポイント X 2000
6月交換券(2024) X 1
`*螺旋証明世界 リリムハーロット ～喝采なき薔薇～ アンケート復刻版
開幕記念 ログインボーナス*
*開催期間中、1日1回 最大21回 ログインボーナスをプレゼント！*
`黄金の果実 X 1
`_2024-06-07 13:24:28_
--------
*ad2ba66ee90fff361e63ca47dfb5747d*
`登陆天数: 15天 / 653天
等级: 130
石头: 1600
呼符: 0
体力: 16287.203333333333 / 138
友情点: 0 / 466730`
*連続ログイン1日目
※ログインが途切れるか、7日到達すると
1日目から再開されます*
`フレンドポイント X 2000
6月交換券(2024) X 1
`*螺旋証明世界 リリムハーロット ～喝采なき薔薇～ アンケート復刻版
開幕記念 ログインボーナス*
*開催期間中、1日1回 最大21回 ログインボーナスをプレゼント！*
`黄金の果実 X 1
`_2024-06-07 13:24:38_
--------
*65250a9a990f0d7ed4990127bb0d41d7*
`登陆天数: 15天 / 652天
等级: 130
石头: 4014
呼符: 229
体力: 16287.23 / 138
友情点: 0 / 468950`
*連続ログイン1日目
※ログインが途切れるか、7日到達すると
1日目から再開されます*
`フレンドポイント X 2000
6月交換券(2024) X 1
`*螺旋証明世界 リリムハーロット ～喝采なき薔薇～ アンケート復刻版
開幕記念 ログインボーナス*
*開催期間中、1日1回 最大21回 ログインボーナスをプレゼント！*
`黄金の果実 X 1
`_2024-06-07 13:24:46_
--------
*8b8be115d7782194e1244a833cc650a3*
`登陆天数: 15天 / 653天
等级: 130
石头: 2116
呼符: 0
体力: 16287.256666666666 / 138
友情点: 0 / 466225`
*連続ログイン1日目
※ログインが途切れるか、7日到達すると
1日目から再開されます*
`フレンドポイント X 2000
6月交換券(2024) X 1
`*螺旋証明世界 リリムハーロット ～喝采なき薔薇～ アンケート復刻版
開幕記念 ログインボーナス*
*開催期間中、1日1回 最大21回 ログインボーナスをプレゼント！*
`黄金の果実 X 1
`_2024-06-07 13:24:54_
--------
*f01ffcc9af352d2b15d794c0892908d6*
`登陆天数: 15天 / 653天
等级: 130
石头: 3621
呼符: 0
体力: 16287.286666666667 / 138
友情点: 0 / 465910`
*連続ログイン1日目
※ログインが途切れるか、7日到達すると
1日目から再開されます*
`フレンドポイント X 2000
6月交換券(2024) X 1
`*螺旋証明世界 リリムハーロット ～喝采なき薔薇～ アンケート復刻版
開幕記念 ログインボーナス*
*開催期間中、1日1回 最大21回 ログインボーナスをプレゼント！*
`黄金の果実 X 1
`_2024-06-07 13:25:03_
--------
*227f88ee49a278300463381f63f3c724*
`登陆天数: 15天 / 653天
等级: 130
石头: 3907
呼符: 0
体力: 16287.313333333334 / 138
友情点: 0 / 467865`
*連続ログイン1日目
※ログインが途切れるか、7日到達すると
1日目から再開されます*
`フレンドポイント X 2000
6月交換券(2024) X 1
`*螺旋証明世界 リリムハーロット ～喝采なき薔薇～ アンケート復刻版
開幕記念 ログインボーナス*
*開催期間中、1日1回 最大21回 ログインボーナスをプレゼント！*
`黄金の果実 X 1
`_2024-06-07 13:25:11_
--------
*94f3b7e552d36542e785c8e44467be89*
`登陆天数: 15天 / 653天
等级: 130
石头: 3919
呼符: 0
体力: 16287.34 / 138
友情点: 0 / 466475`
*連続ログイン1日目
※ログインが途切れるか、7日到達すると
1日目から再開されます*
`フレンドポイント X 2000
6月交換券(2024) X 1
`*螺旋証明世界 リリムハーロット ～喝采なき薔薇～ アンケート復刻版
開幕記念 ログインボーナス*
*開催期間中、1日1回 最大21回 ログインボーナスをプレゼント！*
`黄金の果実 X 1
`_2024-06-07 13:25:19_
--------
*d8b6704358386dfe3015f85f59b64b79*
`登陆天数: 15天 / 653天
等级: 130
石头: 3858
呼符: 0
体力: 16287.366666666667 / 138
友情点: 0 / 466500`
*連続ログイン1日目
※ログインが途切れるか、7日到達すると
1日目から再開されます*
`フレンドポイント X 2000
6月交換券(2024) X 1
`*螺旋証明世界 リリムハーロット ～喝采なき薔薇～ アンケート復刻版
開幕記念 ログインボーナス*
*開催期間中、1日1回 最大21回 ログインボーナスをプレゼント！*
`黄金の果実 X 1
`_2024-06-07 13:25:28_
--------
*4269a16316ffc1ac21364239ba5b87fe*
`登陆天数: 15天 / 653天
等级: 130
石头: 2688
呼符: 0
体力: 16287.396666666667 / 138
友情点: 0 / 467075`
*連続ログイン1日目
※ログインが途切れるか、7日到達すると
1日目から再開されます*
`フレンドポイント X 2000
6月交換券(2024) X 1
`*螺旋証明世界 リリムハーロット ～喝采なき薔薇～ アンケート復刻版
開幕記念 ログインボーナス*
*開催期間中、1日1回 最大21回 ログインボーナスをプレゼント！*
`黄金の果実 X 1
`_2024-06-07 13:25:36_
--------
*c72d8558cefa89a1175654c976c0beab*
`登陆天数: 15天 / 652天
等级: 130
石头: 3496
呼符: 0
体力: 16287.423333333334 / 138
友情点: 0 / 468650`
*連続ログイン1日目
※ログインが途切れるか、7日到達すると
1日目から再開されます*
`フレンドポイント X 2000
6月交換券(2024) X 1
`*螺旋証明世界 リリムハーロット ～喝采なき薔薇～ アンケート復刻版
開幕記念 ログインボーナス*
*開催期間中、1日1回 最大21回 ログインボーナスをプレゼント！*
`黄金の果実 X 1
`_2024-06-07 13:25:44_
--------
*bdc8d657256a9e1fd00b040f193b38b9*
`登陆天数: 15天 / 652天
等级: 130
石头: 3704
呼符: 0
体力: 16287.45 / 138
友情点: 0 / 470805`
*連続ログイン1日目
※ログインが途切れるか、7日到達すると
1日目から再開されます*
`フレンドポイント X 2000
6月交換券(2024) X 1
`*螺旋証明世界 リリムハーロット ～喝采なき薔薇～ アンケート復刻版
開幕記念 ログインボーナス*
*開催期間中、1日1回 最大21回 ログインボーナスをプレゼント！*
`黄金の果実 X 1
`_2024-06-07 13:25:52_
--------
*48ffd29b98fccb573baef20885d2b97e*
`登陆天数: 15天 / 652天
等级: 130
石头: 2716
呼符: 0
体力: 16287.476666666667 / 138
友情点: 0 / 468700`
*連続ログイン1日目
※ログインが途切れるか、7日到達すると
1日目から再開されます*
`フレンドポイント X 2000
6月交換券(2024) X 1
`*螺旋証明世界 リリムハーロット ～喝采なき薔薇～ アンケート復刻版
開幕記念 ログインボーナス*
*開催期間中、1日1回 最大21回 ログインボーナスをプレゼント！*
`黄金の果実 X 1
`_2024-06-07 13:26:01_
--------
*c83224bb597c8cba26239f94419c4589*
`登陆天数: 15天 / 652天
等级: 130
石头: 2659
呼符: 0
体力: 16287.503333333334 / 138
友情点: 0 / 468700`
*連続ログイン1日目
※ログインが途切れるか、7日到達すると
1日目から再開されます*
`フレンドポイント X 2000
6月交換券(2024) X 1
`*螺旋証明世界 リリムハーロット ～喝采なき薔薇～ アンケート復刻版
開幕記念 ログインボーナス*
*開催期間中、1日1回 最大21回 ログインボーナスをプレゼント！*
`黄金の果実 X 1
`_2024-06-07 13:26:09_
--------
*c04df84328839272606d25d6f9159ab2*
`登陆天数: 15天 / 652天
等级: 130
石头: 3044
呼符: 0
体力: 16287.533333333333 / 138
友情点: 0 / 468310`
*連続ログイン1日目
※ログインが途切れるか、7日到達すると
1日目から再開されます*
`フレンドポイント X 2000
6月交換券(2024) X 1
`*螺旋証明世界 リリムハーロット ～喝采なき薔薇～ アンケート復刻版
開幕記念 ログインボーナス*
*開催期間中、1日1回 最大21回 ログインボーナスをプレゼント！*
`黄金の果実 X 1
`_2024-06-07 13:26:17_
--------
*e40304d9e9ffbf6e25ccd578ba9e1259*
`登陆天数: 15天 / 652天
等级: 130
石头: 3045
呼符: 0
体力: 16287.57 / 138
友情点: 0 / 469380`
*連続ログイン1日目
※ログインが途切れるか、7日到達すると
1日目から再開されます*
`フレンドポイント X 2000
6月交換券(2024) X 1
`*螺旋証明世界 リリムハーロット ～喝采なき薔薇～ アンケート復刻版
開幕記念 ログインボーナス*
*開催期間中、1日1回 最大21回 ログインボーナスをプレゼント！*
`黄金の果実 X 1
`_2024-06-07 13:26:25_
--------
*defd823107815253ee48f31d320dd260*
`登陆天数: 15天 / 653天
等级: 130
石头: 1760
呼符: 0
体力: 16287.596666666666 / 138
友情点: 0 / 468395`
*連続ログイン1日目
※ログインが途切れるか、7日到達すると
1日目から再開されます*
`フレンドポイント X 2000
6月交換券(2024) X 1
`*螺旋証明世界 リリムハーロット ～喝采なき薔薇～ アンケート復刻版
開幕記念 ログインボーナス*
*開催期間中、1日1回 最大21回 ログインボーナスをプレゼント！*
`黄金の果実 X 1
`_2024-06-07 13:26:36_
--------
*7ca422e311c6d57765d39683e587572b*
`登陆天数: 15天 / 653天
等级: 130
石头: 1703
呼符: 0
体力: 16287.626666666667 / 138
友情点: 0 / 466195`
*連続ログイン1日目
※ログインが途切れるか、7日到達すると
1日目から再開されます*
`フレンドポイント X 2000
6月交換券(2024) X 1
`*螺旋証明世界 リリムハーロット ～喝采なき薔薇～ アンケート復刻版
開幕記念 ログインボーナス*
*開催期間中、1日1回 最大21回 ログインボーナスをプレゼント！*
`黄金の果実 X 1
`_2024-06-07 13:26:45_
--------
*fe7bf40c722af72f68fc2a802e3cb54f*
`登陆天数: 15天 / 652天
等级: 130
石头: 3768
呼符: 0
体力: 16287.653333333334 / 138
友情点: 0 / 468750`
*連続ログイン1日目
※ログインが途切れるか、7日到達すると
1日目から再開されます*
`フレンドポイント X 2000
6月交換券(2024) X 1
`*螺旋証明世界 リリムハーロット ～喝采なき薔薇～ アンケート復刻版
開幕記念 ログインボーナス*
*開催期間中、1日1回 最大21回 ログインボーナスをプレゼント！*
`黄金の果実 X 1
`_2024-06-07 13:26:53_
--------
*67354c23977de1368fdc3b47a763f868*
`登陆天数: 15天 / 652天
等级: 130
石头: 2755
呼符: 0
体力: 16287.68 / 138
友情点: 0 / 467655`
*連続ログイン1日目
※ログインが途切れるか、7日到達すると
1日目から再開されます*
`フレンドポイント X 2000
6月交換券(2024) X 1
`*螺旋証明世界 リリムハーロット ～喝采なき薔薇～ アンケート復刻版
開幕記念 ログインボーナス*
*開催期間中、1日1回 最大21回 ログインボーナスをプレゼント！*
`黄金の果実 X 1
`_2024-06-07 13:27:01_
--------
*688813225857caa674d793db47c94a5e*
`登陆天数: 15天 / 653天
等级: 130
石头: 3647
呼符: 0
体力: 16287.706666666667 / 138
友情点: 0 / 466235`
*連続ログイン1日目
※ログインが途切れるか、7日到達すると
1日目から再開されます*
`フレンドポイント X 2000
6月交換券(2024) X 1
`*螺旋証明世界 リリムハーロット ～喝采なき薔薇～ アンケート復刻版
開幕記念 ログインボーナス*
*開催期間中、1日1回 最大21回 ログインボーナスをプレゼント！*
`黄金の果実 X 1
`_2024-06-07 13:27:09_
--------
*3c5947cbb209c8d2b920f60ff7af7afc*
`登陆天数: 15天 / 652天
等级: 130
石头: 3503
呼符: 0
体力: 16287.733333333334 / 138
友情点: 0 / 468435`
*連続ログイン1日目
※ログインが途切れるか、7日到達すると
1日目から再開されます*
`フレンドポイント X 2000
6月交換券(2024) X 1
`*螺旋証明世界 リリムハーロット ～喝采なき薔薇～ アンケート復刻版
開幕記念 ログインボーナス*
*開催期間中、1日1回 最大21回 ログインボーナスをプレゼント！*
`黄金の果実 X 1
`_2024-06-07 13:27:18_
--------
*0b1d16a6123aa7c3005cb4f4b5b6d63c*
`登陆天数: 15天 / 653天
等级: 130
石头: 2507
呼符: 0
体力: 16287.763333333334 / 138
友情点: 0 / 465740`
*連続ログイン1日目
※ログインが途切れるか、7日到達すると
1日目から再開されます*
`フレンドポイント X 2000
6月交換券(2024) X 1
`*螺旋証明世界 リリムハーロット ～喝采なき薔薇～ アンケート復刻版
開幕記念 ログインボーナス*
*開催期間中、1日1回 最大21回 ログインボーナスをプレゼント！*
`黄金の果実 X 1
`_2024-06-07 13:27:26_
--------
*cb4cf2a0cb65dd6feafa50673c1f65d6*
`登陆天数: 15天 / 652天
等级: 130
石头: 4006
呼符: 71
体力: 16287.79 / 138
友情点: 0 / 468435`
*連続ログイン1日目
※ログインが途切れるか、7日到達すると
1日目から再開されます*
`フレンドポイント X 2000
6月交換券(2024) X 1
`*螺旋証明世界 リリムハーロット ～喝采なき薔薇～ アンケート復刻版
開幕記念 ログインボーナス*
*開催期間中、1日1回 最大21回 ログインボーナスをプレゼント！*
`黄金の果実 X 1
`_2024-06-07 13:27:35_
--------
*645957db5ef305d8ad175331ff9c3d50*
`登陆天数: 15天 / 653天
等级: 130
石头: 1699
呼符: 0
体力: 16287.82 / 138
友情点: 0 / 465960`
*連続ログイン1日目
※ログインが途切れるか、7日到達すると
1日目から再開されます*
`フレンドポイント X 2000
6月交換券(2024) X 1
`*螺旋証明世界 リリムハーロット ～喝采なき薔薇～ アンケート復刻版
開幕記念 ログインボーナス*
*開催期間中、1日1回 最大21回 ログインボーナスをプレゼント！*
`黄金の果実 X 1
`_2024-06-07 13:27:43_
--------
*8edae1fe51bdc94d09878095d23412a7*
`登陆天数: 15天 / 652天
等级: 130
石头: 3139
呼符: 0
体力: 16287.85 / 138
友情点: 0 / 468445`
*連続ログイン1日目
※ログインが途切れるか、7日到達すると
1日目から再開されます*
`フレンドポイント X 2000
6月交換券(2024) X 1
`*螺旋証明世界 リリムハーロット ～喝采なき薔薇～ アンケート復刻版
開幕記念 ログインボーナス*
*開催期間中、1日1回 最大21回 ログインボーナスをプレゼント！*
`黄金の果実 X 1
`_2024-06-07 13:27:52_
--------
*f845edc0e0a95e38a300e03bbc2c235a*
`登陆天数: 15天 / 653天
等级: 130
石头: 2713
呼符: 0
体力: 16287.876666666667 / 138
友情点: 0 / 467770`
*連続ログイン1日目
※ログインが途切れるか、7日到達すると
1日目から再開されます*
`フレンドポイント X 2000
6月交換券(2024) X 1
`*螺旋証明世界 リリムハーロット ～喝采なき薔薇～ アンケート復刻版
開幕記念 ログインボーナス*
*開催期間中、1日1回 最大21回 ログインボーナスをプレゼント！*
`黄金の果実 X 1
`_2024-06-07 13:28:00_
--------
*62c0e225a3ef4996956b0f299bc4a62c*
`登陆天数: 15天 / 652天
等级: 130
石头: 3947
呼符: 0
体力: 16287.906666666666 / 138
友情点: 0 / 468045`
*連続ログイン1日目
※ログインが途切れるか、7日到達すると
1日目から再開されます*
`フレンドポイント X 2000
6月交換券(2024) X 1
`*螺旋証明世界 リリムハーロット ～喝采なき薔薇～ アンケート復刻版
開幕記念 ログインボーナス*
*開催期間中、1日1回 最大21回 ログインボーナスをプレゼント！*
`黄金の果実 X 1
`_2024-06-07 13:28:09_
--------
*d7f5342037a7a823a785dbd64a88b3e0*
`登陆天数: 15天 / 653天
等级: 130
石头: 3285
呼符: 0
体力: 16287.93 / 138
友情点: 0 / 467590`
*連続ログイン1日目
※ログインが途切れるか、7日到達すると
1日目から再開されます*
`フレンドポイント X 2000
6月交換券(2024) X 1
`*螺旋証明世界 リリムハーロット ～喝采なき薔薇～ アンケート復刻版
開幕記念 ログインボーナス*
*開催期間中、1日1回 最大21回 ログインボーナスをプレゼント！*
`黄金の果実 X 1
`_2024-06-07 13:28:17_
--------
*7acddab98e5d6e1bb0e134866c37863c*
`登陆天数: 15天 / 652天
等级: 130
石头: 4014
呼符: 142
体力: 16287.96 / 138
友情点: 0 / 469405`
*連続ログイン1日目
※ログインが途切れるか、7日到達すると
1日目から再開されます*
`フレンドポイント X 2000
6月交換券(2024) X 1
`*螺旋証明世界 リリムハーロット ～喝采なき薔薇～ アンケート復刻版
開幕記念 ログインボーナス*
*開催期間中、1日1回 最大21回 ログインボーナスをプレゼント！*
`黄金の果実 X 1
`_2024-06-07 13:28:26_
--------
*dce381eb9407fea2f6744beafff7f243*
`登陆天数: 15天 / 652天
等级: 130
石头: 3500
呼符: 0
体力: 16287.99 / 138
友情点: 0 / 469090`
*連続ログイン1日目
※ログインが途切れるか、7日到達すると
1日目から再開されます*
`フレンドポイント X 2000
6月交換券(2024) X 1
`*螺旋証明世界 リリムハーロット ～喝采なき薔薇～ アンケート復刻版
開幕記念 ログインボーナス*
*開催期間中、1日1回 最大21回 ログインボーナスをプレゼント！*
`黄金の果実 X 1
`_2024-06-07 13:28:34_
--------
*208f7c6cd17d052a03d63a2de15989d8*
`登陆天数: 15天 / 653天
等级: 130
石头: 589
呼符: 0
体力: 16288.016666666666 / 138
友情点: 0 / 466615`
*連続ログイン1日目
※ログインが途切れるか、7日到達すると
1日目から再開されます*
`フレンドポイント X 2000
6月交換券(2024) X 1
`*螺旋証明世界 リリムハーロット ～喝采なき薔薇～ アンケート復刻版
開幕記念 ログインボーナス*
*開催期間中、1日1回 最大21回 ログインボーナスをプレゼント！*
`黄金の果実 X 1
`_2024-06-07 13:28:42_
--------
*9ca6d2f2132e23f6761aec34e53b845b*
`登陆天数: 15天 / 652天
等级: 130
石头: 3138
呼符: 0
体力: 16288.046666666667 / 138
友情点: 0 / 468360`
*連続ログイン1日目
※ログインが途切れるか、7日到達すると
1日目から再開されます*
`フレンドポイント X 2000
6月交換券(2024) X 1
`*螺旋証明世界 リリムハーロット ～喝采なき薔薇～ アンケート復刻版
開幕記念 ログインボーナス*
*開催期間中、1日1回 最大21回 ログインボーナスをプレゼント！*
`黄金の果実 X 1
`_2024-06-07 13:28:51_
--------
*1c160346ee0ca603e7c742fd92dafce9*
`登陆天数: 15天 / 653天
等级: 130
石头: 2451
呼符: 0
体力: 16288.073333333334 / 138
友情点: 0 / 465950`
*連続ログイン1日目
※ログインが途切れるか、7日到達すると
1日目から再開されます*
`フレンドポイント X 2000
6月交換券(2024) X 1
`*螺旋証明世界 リリムハーロット ～喝采なき薔薇～ アンケート復刻版
開幕記念 ログインボーナス*
*開催期間中、1日1回 最大21回 ログインボーナスをプレゼント！*
`黄金の果実 X 1
`_2024-06-07 13:28:59_
--------
*c84509cfb4ad377c450bd3960a49a3c4*
`登陆天数: 15天 / 653天
等级: 130
石头: 2032
呼符: 0
体力: 16288.1 / 138
友情点: 0 / 466225`
*連続ログイン1日目
※ログインが途切れるか、7日到達すると
1日目から再開されます*
`フレンドポイント X 2000
6月交換券(2024) X 1
`*螺旋証明世界 リリムハーロット ～喝采なき薔薇～ アンケート復刻版
開幕記念 ログインボーナス*
*開催期間中、1日1回 最大21回 ログインボーナスをプレゼント！*
`黄金の果実 X 1
`_2024-06-07 13:29:08_
--------
*52405f19031fac8559b666a148f775b3*
`登陆天数: 15天 / 652天
等级: 130
石头: 2505
呼符: 0
体力: 16288.13 / 138
友情点: 0 / 468465`
*連続ログイン1日目
※ログインが途切れるか、7日到達すると
1日目から再開されます*
`フレンドポイント X 2000
6月交換券(2024) X 1
`*螺旋証明世界 リリムハーロット ～喝采なき薔薇～ アンケート復刻版
開幕記念 ログインボーナス*
*開催期間中、1日1回 最大21回 ログインボーナスをプレゼント！*
`黄金の果実 X 1
`_2024-06-07 13:29:16_
--------
*7518a642d74f8ba62456ff7d91fbe4c0*
`登陆天数: 15天 / 653天
等级: 130
石头: 3485
呼符: 0
体力: 16288.156666666666 / 138
友情点: 0 / 466545`
*連続ログイン1日目
※ログインが途切れるか、7日到達すると
1日目から再開されます*
`フレンドポイント X 2000
6月交換券(2024) X 1
`*螺旋証明世界 リリムハーロット ～喝采なき薔薇～ アンケート復刻版
開幕記念 ログインボーナス*
*開催期間中、1日1回 最大21回 ログインボーナスをプレゼント！*
`黄金の果実 X 1
`_2024-06-07 13:29:25_
--------
*369a580e4c636db740cc45cd14125989*
`登陆天数: 15天 / 653天
等级: 130
石头: 1907
呼符: 0
体力: 16288.186666666666 / 138
友情点: 0 / 467280`
*連続ログイン1日目
※ログインが途切れるか、7日到達すると
1日目から再開されます*
`フレンドポイント X 2000
6月交換券(2024) X 1
`*螺旋証明世界 リリムハーロット ～喝采なき薔薇～ アンケート復刻版
開幕記念 ログインボーナス*
*開催期間中、1日1回 最大21回 ログインボーナスをプレゼント！*
`黄金の果実 X 1
`_2024-06-07 13:29:33_
--------
