【登录信息】
*3d5a228f1082bc550818e18f7971fe57*
`登陆天数: 16天 / 654天
等级: 130
石头: 2271
呼符: 0
体力: 16468.36 / 138
友情点: 0 / 467010`
_2024-06-08 04:30:25_
--------
*6abaffb5ee5ceaf2dd7ed98b206d749f*
`登陆天数: 16天 / 654天
等级: 130
石头: 2585
呼符: 9
体力: 12.833333333333329 / 138
友情点: 0 / 470815`
_2024-06-08 04:30:33_
--------
*f63a615d55b52038a51b0dc3bdadc06a*
`登陆天数: 16天 / 653天
等级: 130
石头: 3908
呼符: 9
体力: 12.803333333333327 / 138
友情点: 0 / 471020`
_2024-06-08 04:30:41_
--------
*0e40a25d9b7cd5711e7a2b10d87c238d*
`登陆天数: 16天 / 654天
等级: 130
石头: 3965
呼符: 9
体力: 12.773333333333326 / 138
友情点: 0 / 470065`
_2024-06-08 04:30:49_
--------
*e18b1c081f46994f811a7d72800eebb5*
`登陆天数: 16天 / 654天
等级: 130
石头: 3815
呼符: 9
体力: 12.74666666666667 / 138
友情点: 0 / 470850`
_2024-06-08 04:30:57_
--------
*d3890b0a09fce4b3116374f3a0132ada*
`登陆天数: 16天 / 654天
等级: 130
石头: 62
呼符: 9
体力: 12.716666666666669 / 138
友情点: 0 / 474570`
_2024-06-08 04:31:04_
--------
*90b0a38d5c1e9caee255c7f85b3abd13*
`登陆天数: 16天 / 654天
等级: 130
石头: 3815
呼符: 9
体力: 12.693333333333328 / 138
友情点: 0 / 470190`
_2024-06-08 04:31:12_
--------
*84a4a9cb3346931358bf9edf442d9c87*
`登陆天数: 16天 / 653天
等级: 130
石头: 3067
呼符: 9
体力: 12.666666666666671 / 138
友情点: 0 / 470720`
_2024-06-08 04:31:20_
--------
*aae09810e10318643494f04886d652d3*
`登陆天数: 16天 / 653天
等级: 130
石头: 3040
呼符: 9
体力: 12.64 / 138
友情点: 0 / 469855`
_2024-06-08 04:31:28_
--------
*2855350f3242d93bfb042a798b27bda8*
`登陆天数: 17天 / 654天
等级: 130
石头: 3774
呼符: 9
体力: 12.61 / 138
友情点: 0 / 470345`
_2024-06-08 04:31:36_
--------
*ea44e352ac37eb1bae023ef86b3b62bd*
`登陆天数: 16天 / 653天
等级: 130
石头: 3187
呼符: 9
体力: 12.579999999999998 / 138
友情点: 0 / 470290`
_2024-06-08 04:31:44_
--------
*6b40f136ba3d65a84594e41ebc56b6a3*
`登陆天数: 16天 / 654天
等级: 130
石头: 3686
呼符: 9
体力: 12.553333333333327 / 138
友情点: 0 / 470920`
_2024-06-08 04:31:51_
--------
*d1d58f7c0158360f3b797dfd119e9051*
`登陆天数: 16天 / 653天
等级: 130
石头: 3475
呼符: 9
体力: 12.519999999999996 / 138
友情点: 0 / 471775`
_2024-06-08 04:31:59_
--------
*e7b4738e053dd651b9e278fc07dabc2f*
`登陆天数: 16天 / 654天
等级: 130
石头: 2994
呼符: 9
体力: 12.489999999999995 / 138
友情点: 0 / 470770`
_2024-06-08 04:32:07_
--------
*ad2ba66ee90fff361e63ca47dfb5747d*
`登陆天数: 16天 / 654天
等级: 130
石头: 1649
呼符: 9
体力: 12.463333333333338 / 138
友情点: 0 / 474730`
_2024-06-08 04:32:15_
--------
*65250a9a990f0d7ed4990127bb0d41d7*
`登陆天数: 16天 / 653天
等级: 130
石头: 4065
呼符: 238
体力: 12.439999999999998 / 138
友情点: 0 / 470950`
_2024-06-08 04:32:22_
--------
*8b8be115d7782194e1244a833cc650a3*
`登陆天数: 16天 / 654天
等级: 130
石头: 2165
呼符: 9
体力: 12.413333333333327 / 138
友情点: 0 / 474225`
_2024-06-08 04:32:30_
--------
*f01ffcc9af352d2b15d794c0892908d6*
`登陆天数: 16天 / 654天
等级: 130
石头: 3670
呼符: 9
体力: 12.38666666666667 / 138
友情点: 0 / 469910`
_2024-06-08 04:32:38_
--------
*227f88ee49a278300463381f63f3c724*
`登陆天数: 16天 / 654天
等级: 130
石头: 3956
呼符: 9
体力: 12.36 / 138
友情点: 0 / 471865`
_2024-06-08 04:32:46_
--------
*94f3b7e552d36542e785c8e44467be89*
`登陆天数: 16天 / 654天
等级: 130
石头: 3968
呼符: 9
体力: 12.329999999999998 / 138
友情点: 0 / 470475`
_2024-06-08 04:32:53_
--------
*d8b6704358386dfe3015f85f59b64b79*
`登陆天数: 16天 / 654天
等级: 130
石头: 3907
呼符: 9
体力: 12.303333333333327 / 138
友情点: 0 / 470500`
_2024-06-08 04:33:01_
--------
*4269a16316ffc1ac21364239ba5b87fe*
`登陆天数: 16天 / 654天
等级: 130
石头: 2737
呼符: 9
体力: 12.27666666666667 / 138
友情点: 0 / 471075`
_2024-06-08 04:33:09_
--------
*c72d8558cefa89a1175654c976c0beab*
`登陆天数: 16天 / 653天
等级: 130
石头: 3547
呼符: 9
体力: 12.24666666666667 / 138
友情点: 0 / 470650`
_2024-06-08 04:33:17_
--------
*bdc8d657256a9e1fd00b040f193b38b9*
`登陆天数: 16天 / 653天
等级: 130
石头: 3755
呼符: 9
体力: 12.216666666666669 / 138
友情点: 0 / 472805`
_2024-06-08 04:33:25_
--------
*48ffd29b98fccb573baef20885d2b97e*
`登陆天数: 16天 / 653天
等级: 130
石头: 2767
呼符: 9
体力: 12.193333333333328 / 138
友情点: 0 / 470700`
_2024-06-08 04:33:33_
--------
*c83224bb597c8cba26239f94419c4589*
`登陆天数: 16天 / 653天
等级: 130
石头: 2710
呼符: 9
体力: 12.166666666666671 / 138
友情点: 0 / 470700`
_2024-06-08 04:33:41_
--------
*c04df84328839272606d25d6f9159ab2*
`登陆天数: 16天 / 653天
等级: 130
石头: 3095
呼符: 9
体力: 12.13666666666667 / 138
友情点: 0 / 470310`
_2024-06-08 04:33:49_
--------
*e40304d9e9ffbf6e25ccd578ba9e1259*
`登陆天数: 16天 / 653天
等级: 130
石头: 3096
呼符: 9
体力: 12.11 / 138
友情点: 0 / 471380`
_2024-06-08 04:33:57_
--------
*defd823107815253ee48f31d320dd260*
`登陆天数: 16天 / 654天
等级: 130
石头: 1809
呼符: 9
体力: 12.079999999999998 / 138
友情点: 0 / 476395`
_2024-06-08 04:34:05_
--------
*7ca422e311c6d57765d39683e587572b*
`登陆天数: 16天 / 654天
等级: 130
石头: 1752
呼符: 9
体力: 12.053333333333327 / 138
友情点: 0 / 474195`
_2024-06-08 04:34:13_
--------
*fe7bf40c722af72f68fc2a802e3cb54f*
`登陆天数: 16天 / 653天
等级: 130
石头: 3819
呼符: 9
体力: 12.033333333333331 / 138
友情点: 0 / 470750`
_2024-06-08 04:34:20_
--------
*67354c23977de1368fdc3b47a763f868*
`登陆天数: 16天 / 653天
等级: 130
石头: 2806
呼符: 9
体力: 12.00333333333333 / 138
友情点: 0 / 469655`
_2024-06-08 04:34:28_
--------
*688813225857caa674d793db47c94a5e*
`登陆天数: 16天 / 654天
等级: 130
石头: 3696
呼符: 9
体力: 11.976666666666674 / 138
友情点: 0 / 470235`
_2024-06-08 04:34:36_
--------
*3c5947cbb209c8d2b920f60ff7af7afc*
`登陆天数: 16天 / 653天
等级: 130
石头: 3554
呼符: 9
体力: 11.943333333333328 / 138
友情点: 0 / 470435`
_2024-06-08 04:34:44_
--------
*0b1d16a6123aa7c3005cb4f4b5b6d63c*
`登陆天数: 16天 / 654天
等级: 130
石头: 2556
呼符: 9
体力: 11.916666666666671 / 138
友情点: 0 / 469740`
_2024-06-08 04:34:52_
--------
*cb4cf2a0cb65dd6feafa50673c1f65d6*
`登陆天数: 16天 / 653天
等级: 130
石头: 4057
呼符: 80
体力: 11.88666666666667 / 138
友情点: 0 / 470435`
_2024-06-08 04:34:59_
--------
*645957db5ef305d8ad175331ff9c3d50*
`登陆天数: 16天 / 654天
等级: 130
石头: 1748
呼符: 9
体力: 11.86 / 138
友情点: 0 / 473960`
_2024-06-08 04:35:07_
--------
*8edae1fe51bdc94d09878095d23412a7*
`登陆天数: 16天 / 653天
等级: 130
石头: 3190
呼符: 9
体力: 11.836666666666673 / 138
友情点: 0 / 470445`
_2024-06-08 04:35:15_
--------
*f845edc0e0a95e38a300e03bbc2c235a*
`登陆天数: 16天 / 654天
等级: 130
石头: 2762
呼符: 9
体力: 11.803333333333327 / 138
友情点: 0 / 471770`
_2024-06-08 04:35:23_
--------
*62c0e225a3ef4996956b0f299bc4a62c*
`登陆天数: 16天 / 653天
等级: 130
石头: 3998
呼符: 9
体力: 11.77666666666667 / 138
友情点: 0 / 470045`
_2024-06-08 04:35:31_
--------
*d7f5342037a7a823a785dbd64a88b3e0*
`登陆天数: 16天 / 654天
等级: 130
石头: 3334
呼符: 9
体力: 11.75 / 138
友情点: 0 / 471590`
_2024-06-08 04:35:39_
--------
*7acddab98e5d6e1bb0e134866c37863c*
`登陆天数: 16天 / 653天
等级: 130
石头: 4065
呼符: 151
体力: 11.719999999999999 / 138
友情点: 0 / 471405`
_2024-06-08 04:35:47_
--------
*dce381eb9407fea2f6744beafff7f243*
`登陆天数: 16天 / 653天
等级: 130
石头: 3551
呼符: 9
体力: 11.693333333333328 / 138
友情点: 0 / 471090`
_2024-06-08 04:35:54_
--------
*208f7c6cd17d052a03d63a2de15989d8*
`登陆天数: 16天 / 654天
等级: 130
石头: 638
呼符: 9
体力: 11.663333333333327 / 138
友情点: 0 / 474615`
_2024-06-08 04:36:02_
--------
*9ca6d2f2132e23f6761aec34e53b845b*
`登陆天数: 16天 / 653天
等级: 130
石头: 3189
呼符: 9
体力: 11.63666666666667 / 138
友情点: 0 / 470360`
_2024-06-08 04:36:10_
--------
*1c160346ee0ca603e7c742fd92dafce9*
`登陆天数: 16天 / 654天
等级: 130
石头: 2500
呼符: 9
体力: 11.60666666666667 / 138
友情点: 0 / 473950`
_2024-06-08 04:36:18_
--------
*c84509cfb4ad377c450bd3960a49a3c4*
`登陆天数: 16天 / 654天
等级: 130
石头: 2081
呼符: 9
体力: 11.583333333333329 / 138
友情点: 0 / 474225`
_2024-06-08 04:36:26_
--------
*52405f19031fac8559b666a148f775b3*
`登陆天数: 16天 / 653天
等级: 130
石头: 2556
呼符: 9
体力: 11.556666666666672 / 138
友情点: 0 / 470465`
_2024-06-08 04:36:33_
--------
*7518a642d74f8ba62456ff7d91fbe4c0*
`登陆天数: 16天 / 654天
等级: 130
石头: 3534
呼符: 9
体力: 11.530000000000001 / 138
友情点: 0 / 470545`
_2024-06-08 04:36:42_
--------
*369a580e4c636db740cc45cd14125989*
`登陆天数: 16天 / 654天
等级: 130
石头: 1956
呼符: 9
体力: 11.5 / 138
友情点: 0 / 475280`
_2024-06-08 04:36:49_
--------
