【登录信息】
*3d5a228f1082bc550818e18f7971fe57*
`登陆天数: 18天 / 656天
等级: 130
石头: 2271
呼符: 0
体力: 17045.06 / 138
友情点: 0 / 467010`
_2024-06-10 04:33:55_
--------
*6abaffb5ee5ceaf2dd7ed98b206d749f*
`登陆天数: 18天 / 656天
等级: 130
石头: 2586
呼符: 9
体力: 29.53333333333333 / 138
友情点: 0 / 458815`
_2024-06-10 04:34:03_
--------
*f63a615d55b52038a51b0dc3bdadc06a*
`登陆天数: 18天 / 655天
等级: 130
石头: 3909
呼符: 9
体力: 29.5 / 138
友情点: 0 / 459020`
_2024-06-10 04:34:11_
--------
*0e40a25d9b7cd5711e7a2b10d87c238d*
`登陆天数: 18天 / 656天
等级: 130
石头: 3966
呼符: 9
体力: 29.47333333333333 / 138
友情点: 0 / 458065`
_2024-06-10 04:34:19_
--------
*e18b1c081f46994f811a7d72800eebb5*
`登陆天数: 18天 / 656天
等级: 130
石头: 3816
呼符: 9
体力: 29.446666666666673 / 138
友情点: 0 / 458850`
_2024-06-10 04:34:26_
--------
*d3890b0a09fce4b3116374f3a0132ada*
`登陆天数: 18天 / 656天
等级: 130
石头: 63
呼符: 9
体力: 29.41666666666667 / 138
友情点: 0 / 474570`
_2024-06-10 04:34:35_
--------
*90b0a38d5c1e9caee255c7f85b3abd13*
`登陆天数: 18天 / 656天
等级: 130
石头: 3816
呼符: 9
体力: 29.39333333333333 / 138
友情点: 0 / 458190`
_2024-06-10 04:34:43_
--------
*84a4a9cb3346931358bf9edf442d9c87*
`登陆天数: 18天 / 655天
等级: 130
石头: 3068
呼符: 9
体力: 29.36666666666666 / 138
友情点: 0 / 458720`
_2024-06-10 04:34:51_
--------
*aae09810e10318643494f04886d652d3*
`登陆天数: 18天 / 655天
等级: 130
石头: 3041
呼符: 9
体力: 29.343333333333334 / 138
友情点: 0 / 457855`
_2024-06-10 04:34:59_
--------
*2855350f3242d93bfb042a798b27bda8*
`登陆天数: 19天 / 656天
等级: 130
石头: 3775
呼符: 9
体力: 29.313333333333333 / 138
友情点: 0 / 458345`
_2024-06-10 04:35:07_
--------
*ea44e352ac37eb1bae023ef86b3b62bd*
`登陆天数: 18天 / 655天
等级: 130
石头: 3188
呼符: 9
体力: 29.28333333333333 / 138
友情点: 0 / 458290`
_2024-06-10 04:35:15_
--------
*6b40f136ba3d65a84594e41ebc56b6a3*
`登陆天数: 18天 / 656天
等级: 130
石头: 3687
呼符: 9
体力: 29.25666666666666 / 138
友情点: 0 / 458920`
_2024-06-10 04:35:22_
--------
*d1d58f7c0158360f3b797dfd119e9051*
`登陆天数: 18天 / 655天
等级: 130
石头: 3476
呼符: 9
体力: 29.226666666666674 / 138
友情点: 0 / 459775`
_2024-06-10 04:35:30_
--------
*e7b4738e053dd651b9e278fc07dabc2f*
`登陆天数: 18天 / 656天
等级: 130
石头: 2995
呼符: 9
体力: 29.196666666666673 / 138
友情点: 0 / 458770`
_2024-06-10 04:35:38_
--------
*ad2ba66ee90fff361e63ca47dfb5747d*
`登陆天数: 18天 / 656天
等级: 130
石头: 1650
呼符: 9
体力: 29.17 / 138
友情点: 0 / 474730`
_2024-06-10 04:35:46_
--------
*65250a9a990f0d7ed4990127bb0d41d7*
`登陆天数: 18天 / 655天
等级: 130
石头: 4066
呼符: 238
体力: 29.14666666666666 / 138
友情点: 0 / 458950`
_2024-06-10 04:35:54_
--------
*8b8be115d7782194e1244a833cc650a3*
`登陆天数: 18天 / 656天
等级: 130
石头: 2166
呼符: 9
体力: 29.120000000000005 / 138
友情点: 0 / 474225`
_2024-06-10 04:36:03_
--------
*f01ffcc9af352d2b15d794c0892908d6*
`登陆天数: 18天 / 656天
等级: 130
石头: 3671
呼符: 9
体力: 29.096666666666664 / 138
友情点: 0 / 457910`
_2024-06-10 04:36:10_
--------
*227f88ee49a278300463381f63f3c724*
`登陆天数: 18天 / 656天
等级: 130
石头: 3957
呼符: 9
体力: 29.069999999999993 / 138
友情点: 0 / 459865`
_2024-06-10 04:36:18_
--------
*94f3b7e552d36542e785c8e44467be89*
`登陆天数: 18天 / 656天
等级: 130
石头: 3969
呼符: 9
体力: 29.040000000000006 / 138
友情点: 0 / 458475`
_2024-06-10 04:36:26_
--------
*d8b6704358386dfe3015f85f59b64b79*
`登陆天数: 18天 / 656天
等级: 130
石头: 3908
呼符: 9
体力: 29.013333333333335 / 138
友情点: 0 / 458500`
_2024-06-10 04:36:34_
--------
*4269a16316ffc1ac21364239ba5b87fe*
`登陆天数: 18天 / 656天
等级: 130
石头: 2738
呼符: 9
体力: 28.986666666666665 / 138
友情点: 0 / 459075`
_2024-06-10 04:36:42_
--------
*c72d8558cefa89a1175654c976c0beab*
`登陆天数: 18天 / 655天
等级: 130
石头: 3548
呼符: 9
体力: 28.959999999999994 / 138
友情点: 0 / 458650`
_2024-06-10 04:36:50_
--------
*bdc8d657256a9e1fd00b040f193b38b9*
`登陆天数: 18天 / 655天
等级: 130
石头: 3756
呼符: 9
体力: 28.930000000000007 / 138
友情点: 0 / 460805`
_2024-06-10 04:36:58_
--------
*48ffd29b98fccb573baef20885d2b97e*
`登陆天数: 18天 / 655天
等级: 130
石头: 2768
呼符: 9
体力: 28.903333333333336 / 138
友情点: 0 / 458700`
_2024-06-10 04:37:07_
--------
*c83224bb597c8cba26239f94419c4589*
`登陆天数: 18天 / 655天
等级: 130
石头: 2711
呼符: 9
体力: 28.876666666666665 / 138
友情点: 0 / 458700`
_2024-06-10 04:37:15_
--------
*c04df84328839272606d25d6f9159ab2*
`登陆天数: 18天 / 655天
等级: 130
石头: 3096
呼符: 9
体力: 28.846666666666664 / 138
友情点: 0 / 458310`
_2024-06-10 04:37:23_
--------
*e40304d9e9ffbf6e25ccd578ba9e1259*
`登陆天数: 18天 / 655天
等级: 130
石头: 3097
呼符: 9
体力: 28.819999999999993 / 138
友情点: 0 / 459380`
_2024-06-10 04:37:30_
--------
*defd823107815253ee48f31d320dd260*
`登陆天数: 18天 / 656天
等级: 130
石头: 1810
呼符: 9
体力: 28.793333333333337 / 138
友情点: 0 / 476395`
_2024-06-10 04:37:38_
--------
*7ca422e311c6d57765d39683e587572b*
`登陆天数: 18天 / 656天
等级: 130
石头: 1753
呼符: 9
体力: 28.763333333333335 / 138
友情点: 0 / 474195`
_2024-06-10 04:37:46_
--------
*fe7bf40c722af72f68fc2a802e3cb54f*
`登陆天数: 18天 / 655天
等级: 130
石头: 3820
呼符: 9
体力: 28.74333333333334 / 138
友情点: 0 / 458750`
_2024-06-10 04:37:54_
--------
*67354c23977de1368fdc3b47a763f868*
`登陆天数: 18天 / 655天
等级: 130
石头: 2807
呼符: 9
体力: 28.71333333333334 / 138
友情点: 0 / 457655`
_2024-06-10 04:38:02_
--------
*688813225857caa674d793db47c94a5e*
`登陆天数: 18天 / 656天
等级: 130
石头: 3697
呼符: 9
体力: 28.686666666666667 / 138
友情点: 0 / 458235`
_2024-06-10 04:38:10_
--------
*3c5947cbb209c8d2b920f60ff7af7afc*
`登陆天数: 18天 / 655天
等级: 130
石头: 3555
呼符: 9
体力: 28.656666666666666 / 138
友情点: 0 / 458435`
_2024-06-10 04:38:17_
--------
*0b1d16a6123aa7c3005cb4f4b5b6d63c*
`登陆天数: 18天 / 656天
等级: 130
石头: 2557
呼符: 9
体力: 28.629999999999995 / 138
友情点: 0 / 463740`
_2024-06-10 04:38:25_
--------
*cb4cf2a0cb65dd6feafa50673c1f65d6*
`登陆天数: 18天 / 655天
等级: 130
石头: 4058
呼符: 80
体力: 28.596666666666664 / 138
友情点: 0 / 458435`
_2024-06-10 04:38:33_
--------
*645957db5ef305d8ad175331ff9c3d50*
`登陆天数: 18天 / 656天
等级: 130
石头: 1749
呼符: 9
体力: 28.573333333333338 / 138
友情点: 0 / 473960`
_2024-06-10 04:38:41_
--------
*8edae1fe51bdc94d09878095d23412a7*
`登陆天数: 18天 / 655天
等级: 130
石头: 3191
呼符: 9
体力: 28.549999999999997 / 138
友情点: 0 / 458445`
_2024-06-10 04:38:49_
--------
*f845edc0e0a95e38a300e03bbc2c235a*
`登陆天数: 18天 / 656天
等级: 130
石头: 2763
呼符: 9
体力: 28.516666666666666 / 138
友情点: 0 / 459770`
_2024-06-10 04:38:57_
--------
*62c0e225a3ef4996956b0f299bc4a62c*
`登陆天数: 18天 / 655天
等级: 130
石头: 3999
呼符: 9
体力: 28.489999999999995 / 138
友情点: 0 / 458045`
_2024-06-10 04:39:05_
--------
*d7f5342037a7a823a785dbd64a88b3e0*
`登陆天数: 18天 / 656天
等级: 130
石头: 3335
呼符: 9
体力: 28.46333333333334 / 138
友情点: 0 / 459590`
_2024-06-10 04:39:13_
--------
*7acddab98e5d6e1bb0e134866c37863c*
`登陆天数: 18天 / 655天
等级: 130
石头: 4066
呼符: 151
体力: 28.436666666666667 / 138
友情点: 0 / 459405`
_2024-06-10 04:39:22_
--------
*dce381eb9407fea2f6744beafff7f243*
`登陆天数: 18天 / 655天
等级: 130
石头: 3552
呼符: 9
体力: 28.409999999999997 / 138
友情点: 0 / 459090`
_2024-06-10 04:39:29_
--------
*208f7c6cd17d052a03d63a2de15989d8*
`登陆天数: 18天 / 656天
等级: 130
石头: 639
呼符: 9
体力: 28.379999999999995 / 138
友情点: 0 / 474615`
_2024-06-10 04:39:38_
--------
*9ca6d2f2132e23f6761aec34e53b845b*
`登陆天数: 18天 / 655天
等级: 130
石头: 3190
呼符: 9
体力: 28.35333333333334 / 138
友情点: 0 / 458360`
_2024-06-10 04:39:46_
--------
*1c160346ee0ca603e7c742fd92dafce9*
`登陆天数: 18天 / 656天
等级: 130
石头: 2501
呼符: 9
体力: 28.326666666666668 / 138
友情点: 0 / 473950`
_2024-06-10 04:39:53_
--------
*c84509cfb4ad377c450bd3960a49a3c4*
`登陆天数: 18天 / 656天
等级: 130
石头: 2082
呼符: 9
体力: 28.303333333333327 / 138
友情点: 0 / 474225`
_2024-06-10 04:40:01_
--------
*52405f19031fac8559b666a148f775b3*
`登陆天数: 18天 / 655天
等级: 130
石头: 2557
呼符: 9
体力: 28.27666666666667 / 138
友情点: 0 / 468465`
_2024-06-10 04:40:09_
--------
*7518a642d74f8ba62456ff7d91fbe4c0*
`登陆天数: 18天 / 656天
等级: 130
石头: 3535
呼符: 9
体力: 28.25 / 138
友情点: 0 / 458545`
_2024-06-10 04:40:17_
--------
*369a580e4c636db740cc45cd14125989*
`登陆天数: 18天 / 656天
等级: 130
石头: 1957
呼符: 9
体力: 28.22 / 138
友情点: 0 / 475280`
_2024-06-10 04:40:25_
--------
