【登录信息】
*3d5a228f1082bc550818e18f7971fe57*
`登陆天数: 19天 / 657天
等级: 130
石头: 2271
呼符: 0
体力: 17332.86 / 138
友情点: 0 / 467010`
_2024-06-11 04:32:55_
--------
*6abaffb5ee5ceaf2dd7ed98b206d749f*
`登陆天数: 19天 / 657天
等级: 130
石头: 2586
呼符: 9
体力: 30.58 / 138
友情点: 0 / 452815`
_2024-06-11 04:33:03_
--------
*f63a615d55b52038a51b0dc3bdadc06a*
`登陆天数: 19天 / 656天
等级: 130
石头: 3909
呼符: 9
体力: 30.546666666666667 / 138
友情点: 0 / 453020`
_2024-06-11 04:33:10_
--------
*0e40a25d9b7cd5711e7a2b10d87c238d*
`登陆天数: 19天 / 657天
等级: 130
石头: 3966
呼符: 9
体力: 30.516666666666666 / 138
友情点: 0 / 452065`
_2024-06-11 04:33:18_
--------
*e18b1c081f46994f811a7d72800eebb5*
`登陆天数: 19天 / 657天
等级: 130
石头: 3816
呼符: 9
体力: 30.483333333333334 / 138
友情点: 0 / 452850`
_2024-06-11 04:33:26_
--------
*d3890b0a09fce4b3116374f3a0132ada*
`登陆天数: 19天 / 657天
等级: 130
石头: 63
呼符: 9
体力: 30.453333333333333 / 138
友情点: 0 / 474570`
_2024-06-11 04:33:33_
--------
*90b0a38d5c1e9caee255c7f85b3abd13*
`登陆天数: 19天 / 657天
等级: 130
石头: 3816
呼符: 9
体力: 30.426666666666662 / 138
友情点: 0 / 452190`
_2024-06-11 04:33:41_
--------
*84a4a9cb3346931358bf9edf442d9c87*
`登陆天数: 19天 / 656天
等级: 130
石头: 3068
呼符: 9
体力: 30.39333333333333 / 138
友情点: 0 / 452720`
_2024-06-11 04:33:49_
--------
*aae09810e10318643494f04886d652d3*
`登陆天数: 19天 / 656天
等级: 130
石头: 3041
呼符: 9
体力: 30.36333333333333 / 138
友情点: 0 / 451855`
_2024-06-11 04:33:57_
--------
*2855350f3242d93bfb042a798b27bda8*
`登陆天数: 20天 / 657天
等级: 130
石头: 3777
呼符: 9
体力: 30.33333333333333 / 138
友情点: 0 / 452345`
_2024-06-11 04:34:04_
--------
*ea44e352ac37eb1bae023ef86b3b62bd*
`登陆天数: 19天 / 656天
等级: 130
石头: 3188
呼符: 9
体力: 30.299999999999997 / 138
友情点: 0 / 452290`
_2024-06-11 04:34:12_
--------
*6b40f136ba3d65a84594e41ebc56b6a3*
`登陆天数: 19天 / 657天
等级: 130
石头: 3687
呼符: 9
体力: 30.269999999999996 / 138
友情点: 0 / 452920`
_2024-06-11 04:34:20_
--------
*d1d58f7c0158360f3b797dfd119e9051*
`登陆天数: 19天 / 656天
等级: 130
石头: 3476
呼符: 9
体力: 30.236666666666665 / 138
友情点: 0 / 453775`
_2024-06-11 04:34:27_
--------
*e7b4738e053dd651b9e278fc07dabc2f*
`登陆天数: 19天 / 657天
等级: 130
石头: 2995
呼符: 9
体力: 30.206666666666663 / 138
友情点: 0 / 452770`
_2024-06-11 04:34:35_
--------
*ad2ba66ee90fff361e63ca47dfb5747d*
`登陆天数: 19天 / 657天
等级: 130
石头: 1650
呼符: 9
体力: 30.176666666666662 / 138
友情点: 0 / 474730`
_2024-06-11 04:34:42_
--------
*65250a9a990f0d7ed4990127bb0d41d7*
`登陆天数: 19天 / 656天
等级: 130
石头: 4066
呼符: 238
体力: 30.14666666666666 / 138
友情点: 0 / 452950`
_2024-06-11 04:34:50_
--------
*8b8be115d7782194e1244a833cc650a3*
`登陆天数: 19天 / 657天
等级: 130
石头: 2166
呼符: 9
体力: 30.11666666666666 / 138
友情点: 0 / 474225`
_2024-06-11 04:34:58_
--------
*f01ffcc9af352d2b15d794c0892908d6*
`登陆天数: 19天 / 657天
等级: 130
石头: 3671
呼符: 9
体力: 30.086666666666673 / 138
友情点: 0 / 451910`
_2024-06-11 04:35:05_
--------
*227f88ee49a278300463381f63f3c724*
`登陆天数: 19天 / 657天
等级: 130
石头: 3957
呼符: 9
体力: 30.056666666666672 / 138
友情点: 0 / 453865`
_2024-06-11 04:35:13_
--------
*94f3b7e552d36542e785c8e44467be89*
`登陆天数: 19天 / 657天
等级: 130
石头: 3969
呼符: 9
体力: 30.02666666666667 / 138
友情点: 0 / 452475`
_2024-06-11 04:35:21_
--------
*d8b6704358386dfe3015f85f59b64b79*
`登陆天数: 19天 / 657天
等级: 130
石头: 3908
呼符: 9
体力: 29.99666666666667 / 138
友情点: 0 / 452500`
_2024-06-11 04:35:29_
--------
*4269a16316ffc1ac21364239ba5b87fe*
`登陆天数: 19天 / 657天
等级: 130
石头: 2738
呼符: 9
体力: 29.96666666666667 / 138
友情点: 0 / 453075`
_2024-06-11 04:35:36_
--------
*c72d8558cefa89a1175654c976c0beab*
`登陆天数: 19天 / 656天
等级: 130
石头: 3548
呼符: 9
体力: 29.933333333333337 / 138
友情点: 0 / 452650`
_2024-06-11 04:35:44_
--------
*bdc8d657256a9e1fd00b040f193b38b9*
`登陆天数: 19天 / 656天
等级: 130
石头: 3756
呼符: 9
体力: 29.903333333333336 / 138
友情点: 0 / 454805`
_2024-06-11 04:35:52_
--------
*48ffd29b98fccb573baef20885d2b97e*
`登陆天数: 19天 / 656天
等级: 130
石头: 2768
呼符: 9
体力: 29.873333333333335 / 138
友情点: 0 / 458700`
_2024-06-11 04:35:59_
--------
*c83224bb597c8cba26239f94419c4589*
`登陆天数: 19天 / 656天
等级: 130
石头: 2711
呼符: 9
体力: 29.843333333333334 / 138
友情点: 0 / 452700`
_2024-06-11 04:36:07_
--------
*c04df84328839272606d25d6f9159ab2*
`登陆天数: 19天 / 656天
等级: 130
石头: 3096
呼符: 9
体力: 29.813333333333333 / 138
友情点: 0 / 452310`
_2024-06-11 04:36:15_
--------
*e40304d9e9ffbf6e25ccd578ba9e1259*
`登陆天数: 19天 / 656天
等级: 130
石头: 3097
呼符: 9
体力: 29.78333333333333 / 138
友情点: 0 / 453380`
_2024-06-11 04:36:22_
--------
*defd823107815253ee48f31d320dd260*
`登陆天数: 19天 / 657天
等级: 130
石头: 1810
呼符: 9
体力: 29.75 / 138
友情点: 0 / 476395`
_2024-06-11 04:36:30_
--------
*7ca422e311c6d57765d39683e587572b*
`登陆天数: 19天 / 657天
等级: 130
石头: 1753
呼符: 9
体力: 29.72 / 138
友情点: 0 / 474195`
_2024-06-11 04:36:38_
--------
*fe7bf40c722af72f68fc2a802e3cb54f*
`登陆天数: 19天 / 656天
等级: 130
石头: 3820
呼符: 9
体力: 29.693333333333328 / 138
友情点: 0 / 452750`
_2024-06-11 04:36:45_
--------
*67354c23977de1368fdc3b47a763f868*
`登陆天数: 19天 / 656天
等级: 130
石头: 2807
呼符: 9
体力: 29.659999999999997 / 138
友情点: 0 / 451655`
_2024-06-11 04:36:53_
--------
*688813225857caa674d793db47c94a5e*
`登陆天数: 19天 / 657天
等级: 130
石头: 3697
呼符: 9
体力: 29.63333333333334 / 138
友情点: 0 / 452235`
_2024-06-11 04:37:01_
--------
*3c5947cbb209c8d2b920f60ff7af7afc*
`登陆天数: 19天 / 656天
等级: 130
石头: 3555
呼符: 9
体力: 29.60333333333334 / 138
友情点: 0 / 452435`
_2024-06-11 04:37:09_
--------
*0b1d16a6123aa7c3005cb4f4b5b6d63c*
`登陆天数: 19天 / 657天
等级: 130
石头: 2557
呼符: 9
体力: 29.573333333333338 / 138
友情点: 0 / 463740`
_2024-06-11 04:37:16_
--------
*cb4cf2a0cb65dd6feafa50673c1f65d6*
`登陆天数: 19天 / 656天
等级: 130
石头: 4058
呼符: 80
体力: 29.543333333333337 / 138
友情点: 0 / 452435`
_2024-06-11 04:37:24_
--------
*645957db5ef305d8ad175331ff9c3d50*
`登陆天数: 19天 / 657天
等级: 130
石头: 1749
呼符: 9
体力: 29.513333333333335 / 138
友情点: 0 / 473960`
_2024-06-11 04:37:31_
--------
*8edae1fe51bdc94d09878095d23412a7*
`登陆天数: 19天 / 656天
等级: 130
石头: 3191
呼符: 9
体力: 29.480000000000004 / 138
友情点: 0 / 452445`
_2024-06-11 04:37:39_
--------
*f845edc0e0a95e38a300e03bbc2c235a*
`登陆天数: 19天 / 657天
等级: 130
石头: 2763
呼符: 9
体力: 29.450000000000003 / 138
友情点: 0 / 457770`
_2024-06-11 04:37:47_
--------
*62c0e225a3ef4996956b0f299bc4a62c*
`登陆天数: 19天 / 656天
等级: 130
石头: 3999
呼符: 9
体力: 29.423333333333332 / 138
友情点: 0 / 452045`
_2024-06-11 04:37:54_
--------
*d7f5342037a7a823a785dbd64a88b3e0*
`登陆天数: 19天 / 657天
等级: 130
石头: 3335
呼符: 9
体力: 29.39666666666666 / 138
友情点: 0 / 453590`
_2024-06-11 04:38:02_
--------
*7acddab98e5d6e1bb0e134866c37863c*
`登陆天数: 19天 / 656天
等级: 130
石头: 4066
呼符: 151
体力: 29.36333333333333 / 138
友情点: 0 / 453405`
_2024-06-11 04:38:10_
--------
*dce381eb9407fea2f6744beafff7f243*
`登陆天数: 19天 / 656天
等级: 130
石头: 3552
呼符: 9
体力: 29.33333333333333 / 138
友情点: 0 / 453090`
_2024-06-11 04:38:18_
--------
*208f7c6cd17d052a03d63a2de15989d8*
`登陆天数: 19天 / 657天
等级: 130
石头: 639
呼符: 9
体力: 29.303333333333327 / 138
友情点: 0 / 474615`
_2024-06-11 04:38:25_
--------
*9ca6d2f2132e23f6761aec34e53b845b*
`登陆天数: 19天 / 656天
等级: 130
石头: 3190
呼符: 9
体力: 29.27666666666667 / 138
友情点: 0 / 452360`
_2024-06-11 04:38:33_
--------
*1c160346ee0ca603e7c742fd92dafce9*
`登陆天数: 19天 / 657天
等级: 130
石头: 2501
呼符: 9
体力: 29.24333333333334 / 138
友情点: 0 / 473950`
_2024-06-11 04:38:41_
--------
*c84509cfb4ad377c450bd3960a49a3c4*
`登陆天数: 19天 / 657天
等级: 130
石头: 2082
呼符: 9
体力: 29.21666666666667 / 138
友情点: 0 / 474225`
_2024-06-11 04:38:48_
--------
*52405f19031fac8559b666a148f775b3*
`登陆天数: 19天 / 656天
等级: 130
石头: 2557
呼符: 9
体力: 29.189999999999998 / 138
友情点: 0 / 468465`
_2024-06-11 04:38:56_
--------
*7518a642d74f8ba62456ff7d91fbe4c0*
`登陆天数: 19天 / 657天
等级: 130
石头: 3535
呼符: 9
体力: 29.163333333333327 / 138
友情点: 0 / 452545`
_2024-06-11 04:39:04_
--------
*369a580e4c636db740cc45cd14125989*
`登陆天数: 19天 / 657天
等级: 130
石头: 1957
呼符: 9
体力: 29.126666666666665 / 138
友情点: 0 / 475280`
_2024-06-11 04:39:12_
--------
