【登录信息】
*3d5a228f1082bc550818e18f7971fe57*
`登陆天数: 20天 / 658天
等级: 130
石头: 2271
呼符: 0
体力: 17620.35 / 138
友情点: 0 / 467010`
_2024-06-12 04:30:23_
--------
*6abaffb5ee5ceaf2dd7ed98b206d749f*
`登陆天数: 20天 / 658天
等级: 130
石头: 2588
呼符: 9
体力: 29.939999999999998 / 138
友情点: 0 / 452815`
_2024-06-12 04:30:31_
--------
*f63a615d55b52038a51b0dc3bdadc06a*
`登陆天数: 20天 / 657天
等级: 130
石头: 3911
呼符: 9
体力: 29.913333333333327 / 138
友情点: 0 / 447020`
_2024-06-12 04:30:39_
--------
*0e40a25d9b7cd5711e7a2b10d87c238d*
`登陆天数: 20天 / 658天
等级: 130
石头: 3968
呼符: 9
体力: 29.88666666666667 / 138
友情点: 0 / 446065`
_2024-06-12 04:30:46_
--------
*e18b1c081f46994f811a7d72800eebb5*
`登陆天数: 20天 / 658天
等级: 130
石头: 3818
呼符: 9
体力: 29.85666666666667 / 138
友情点: 0 / 446850`
_2024-06-12 04:30:54_
--------
*d3890b0a09fce4b3116374f3a0132ada*
`登陆天数: 20天 / 658天
等级: 130
石头: 65
呼符: 9
体力: 29.826666666666668 / 138
友情点: 0 / 474570`
_2024-06-12 04:31:02_
--------
*90b0a38d5c1e9caee255c7f85b3abd13*
`登陆天数: 20天 / 658天
等级: 130
石头: 3818
呼符: 9
体力: 29.803333333333327 / 138
友情点: 0 / 446190`
_2024-06-12 04:31:11_
--------
*84a4a9cb3346931358bf9edf442d9c87*
`登陆天数: 20天 / 657天
等级: 130
石头: 3070
呼符: 9
体力: 29.77666666666667 / 138
友情点: 0 / 446720`
_2024-06-12 04:31:18_
--------
*aae09810e10318643494f04886d652d3*
`登陆天数: 20天 / 657天
等级: 130
石头: 3043
呼符: 9
体力: 29.75 / 138
友情点: 0 / 445855`
_2024-06-12 04:31:26_
--------
*2855350f3242d93bfb042a798b27bda8*
`登陆天数: 21天 / 658天
等级: 130
石头: 3777
呼符: 10
体力: 29.72333333333333 / 138
友情点: 0 / 446345`
_2024-06-12 04:31:34_
--------
*ea44e352ac37eb1bae023ef86b3b62bd*
`登陆天数: 20天 / 657天
等级: 130
石头: 3190
呼符: 9
体力: 29.693333333333328 / 138
友情点: 0 / 446290`
_2024-06-12 04:31:42_
--------
*6b40f136ba3d65a84594e41ebc56b6a3*
`登陆天数: 20天 / 658天
等级: 130
石头: 3689
呼符: 9
体力: 29.66666666666667 / 138
友情点: 0 / 446920`
_2024-06-12 04:31:50_
--------
*d1d58f7c0158360f3b797dfd119e9051*
`登陆天数: 20天 / 657天
等级: 130
石头: 3478
呼符: 9
体力: 29.63666666666667 / 138
友情点: 0 / 447775`
_2024-06-12 04:31:57_
--------
*e7b4738e053dd651b9e278fc07dabc2f*
`登陆天数: 20天 / 658天
等级: 130
石头: 2997
呼符: 9
体力: 29.60666666666667 / 138
友情点: 0 / 446770`
_2024-06-12 04:32:05_
--------
*ad2ba66ee90fff361e63ca47dfb5747d*
`登陆天数: 20天 / 658天
等级: 130
石头: 1652
呼符: 9
体力: 29.58 / 138
友情点: 0 / 474730`
_2024-06-12 04:32:13_
--------
*65250a9a990f0d7ed4990127bb0d41d7*
`登陆天数: 20天 / 657天
等级: 130
石头: 4068
呼符: 238
体力: 29.556666666666672 / 138
友情点: 0 / 446950`
_2024-06-12 04:32:21_
--------
*8b8be115d7782194e1244a833cc650a3*
`登陆天数: 20天 / 658天
等级: 130
石头: 2168
呼符: 9
体力: 29.53 / 138
友情点: 0 / 474225`
_2024-06-12 04:32:29_
--------
*f01ffcc9af352d2b15d794c0892908d6*
`登陆天数: 20天 / 658天
等级: 130
石头: 3673
呼符: 9
体力: 29.50666666666666 / 138
友情点: 0 / 445910`
_2024-06-12 04:32:37_
--------
*227f88ee49a278300463381f63f3c724*
`登陆天数: 20天 / 658天
等级: 130
石头: 3959
呼符: 9
体力: 29.480000000000004 / 138
友情点: 0 / 447865`
_2024-06-12 04:32:45_
--------
*94f3b7e552d36542e785c8e44467be89*
`登陆天数: 20天 / 658天
等级: 130
石头: 3971
呼符: 9
体力: 29.450000000000003 / 138
友情点: 0 / 446475`
_2024-06-12 04:32:53_
--------
*d8b6704358386dfe3015f85f59b64b79*
`登陆天数: 20天 / 658天
等级: 130
石头: 3910
呼符: 9
体力: 29.423333333333332 / 138
友情点: 0 / 446500`
_2024-06-12 04:33:01_
--------
*4269a16316ffc1ac21364239ba5b87fe*
`登陆天数: 20天 / 658天
等级: 130
石头: 2740
呼符: 9
体力: 29.39333333333333 / 138
友情点: 0 / 451075`
_2024-06-12 04:33:09_
--------
*c72d8558cefa89a1175654c976c0beab*
`登陆天数: 20天 / 657天
等级: 130
石头: 3550
呼符: 9
体力: 29.370000000000005 / 138
友情点: 0 / 446650`
_2024-06-12 04:33:16_
--------
*bdc8d657256a9e1fd00b040f193b38b9*
`登陆天数: 20天 / 657天
等级: 130
石头: 3758
呼符: 9
体力: 29.343333333333334 / 138
友情点: 0 / 448805`
_2024-06-12 04:33:24_
--------
*48ffd29b98fccb573baef20885d2b97e*
`登陆天数: 20天 / 657天
等级: 130
石头: 2770
呼符: 9
体力: 29.316666666666663 / 138
友情点: 0 / 458700`
_2024-06-12 04:33:32_
--------
*c83224bb597c8cba26239f94419c4589*
`登陆天数: 20天 / 657天
等级: 130
石头: 2713
呼符: 9
体力: 29.293333333333337 / 138
友情点: 0 / 446700`
_2024-06-12 04:33:40_
--------
*c04df84328839272606d25d6f9159ab2*
`登陆天数: 20天 / 657天
等级: 130
石头: 3098
呼符: 9
体力: 29.266666666666666 / 138
友情点: 0 / 446310`
_2024-06-12 04:33:48_
--------
*e40304d9e9ffbf6e25ccd578ba9e1259*
`登陆天数: 20天 / 657天
等级: 130
石头: 3099
呼符: 9
体力: 29.239999999999995 / 138
友情点: 0 / 447380`
_2024-06-12 04:33:56_
--------
*defd823107815253ee48f31d320dd260*
`登陆天数: 20天 / 658天
等级: 130
石头: 1812
呼符: 9
体力: 29.21333333333334 / 138
友情点: 0 / 476395`
_2024-06-12 04:34:04_
--------
*7ca422e311c6d57765d39683e587572b*
`登陆天数: 20天 / 658天
等级: 130
石头: 1755
呼符: 9
体力: 29.189999999999998 / 138
友情点: 0 / 474195`
_2024-06-12 04:34:12_
--------
*fe7bf40c722af72f68fc2a802e3cb54f*
`登陆天数: 20天 / 657天
等级: 130
石头: 3822
呼符: 9
体力: 29.16666666666667 / 138
友情点: 0 / 446750`
_2024-06-12 04:34:21_
--------
*67354c23977de1368fdc3b47a763f868*
`登陆天数: 20天 / 657天
等级: 130
石头: 2809
呼符: 9
体力: 29.14 / 138
友情点: 0 / 445655`
_2024-06-12 04:34:28_
--------
*688813225857caa674d793db47c94a5e*
`登陆天数: 20天 / 658天
等级: 130
石头: 3699
呼符: 9
体力: 29.11 / 138
友情点: 0 / 446235`
_2024-06-12 04:34:36_
--------
*3c5947cbb209c8d2b920f60ff7af7afc*
`登陆天数: 20天 / 657天
等级: 130
石头: 3557
呼符: 9
体力: 29.08 / 138
友情点: 0 / 446435`
_2024-06-12 04:34:44_
--------
*0b1d16a6123aa7c3005cb4f4b5b6d63c*
`登陆天数: 20天 / 658天
等级: 130
石头: 2559
呼符: 9
体力: 29.053333333333327 / 138
友情点: 0 / 463740`
_2024-06-12 04:34:52_
--------
*cb4cf2a0cb65dd6feafa50673c1f65d6*
`登陆天数: 20天 / 657天
等级: 130
石头: 4060
呼符: 80
体力: 29.03333333333333 / 138
友情点: 0 / 446435`
_2024-06-12 04:35:00_
--------
*645957db5ef305d8ad175331ff9c3d50*
`登陆天数: 20天 / 658天
等级: 130
石头: 1751
呼符: 9
体力: 29.00666666666666 / 138
友情点: 0 / 473960`
_2024-06-12 04:35:08_
--------
*8edae1fe51bdc94d09878095d23412a7*
`登陆天数: 20天 / 657天
等级: 130
石头: 3193
呼符: 9
体力: 28.983333333333334 / 138
友情点: 0 / 446445`
_2024-06-12 04:35:15_
--------
*f845edc0e0a95e38a300e03bbc2c235a*
`登陆天数: 20天 / 658天
等级: 130
石头: 2765
呼符: 9
体力: 28.953333333333333 / 138
友情点: 0 / 457770`
_2024-06-12 04:35:23_
--------
*62c0e225a3ef4996956b0f299bc4a62c*
`登陆天数: 20天 / 657天
等级: 130
石头: 4001
呼符: 9
体力: 28.930000000000007 / 138
友情点: 0 / 446045`
_2024-06-12 04:35:31_
--------
*d7f5342037a7a823a785dbd64a88b3e0*
`登陆天数: 20天 / 658天
等级: 130
石头: 3337
呼符: 9
体力: 28.903333333333336 / 138
友情点: 0 / 447590`
_2024-06-12 04:35:39_
--------
*7acddab98e5d6e1bb0e134866c37863c*
`登陆天数: 20天 / 657天
等级: 130
石头: 4068
呼符: 151
体力: 28.876666666666665 / 138
友情点: 0 / 447405`
_2024-06-12 04:35:47_
--------
*dce381eb9407fea2f6744beafff7f243*
`登陆天数: 20天 / 657天
等级: 130
石头: 3554
呼符: 9
体力: 28.846666666666664 / 138
友情点: 0 / 447090`
_2024-06-12 04:35:55_
--------
*208f7c6cd17d052a03d63a2de15989d8*
`登陆天数: 20天 / 658天
等级: 130
石头: 641
呼符: 9
体力: 28.823333333333338 / 138
友情点: 0 / 474615`
_2024-06-12 04:36:03_
--------
*9ca6d2f2132e23f6761aec34e53b845b*
`登陆天数: 20天 / 657天
等级: 130
石头: 3192
呼符: 9
体力: 28.796666666666667 / 138
友情点: 0 / 446360`
_2024-06-12 04:36:11_
--------
*1c160346ee0ca603e7c742fd92dafce9*
`登陆天数: 20天 / 658天
等级: 130
石头: 2503
呼符: 9
体力: 28.769999999999996 / 138
友情点: 0 / 473950`
_2024-06-12 04:36:19_
--------
*c84509cfb4ad377c450bd3960a49a3c4*
`登陆天数: 20天 / 658天
等级: 130
石头: 2084
呼符: 9
体力: 28.75 / 138
友情点: 0 / 474225`
_2024-06-12 04:36:27_
--------
*52405f19031fac8559b666a148f775b3*
`登陆天数: 20天 / 657天
等级: 130
石头: 2559
呼符: 9
体力: 28.72333333333333 / 138
友情点: 0 / 468465`
_2024-06-12 04:36:35_
--------
*7518a642d74f8ba62456ff7d91fbe4c0*
`登陆天数: 20天 / 658天
等级: 130
石头: 3537
呼符: 9
体力: 28.700000000000003 / 138
友情点: 0 / 446545`
_2024-06-12 04:36:43_
--------
*369a580e4c636db740cc45cd14125989*
`登陆天数: 20天 / 658天
等级: 130
石头: 1959
呼符: 9
体力: 28.673333333333332 / 138
友情点: 0 / 475280`
_2024-06-12 04:36:51_
--------
