【登录信息】
*3d5a228f1082bc550818e18f7971fe57*
`登陆天数: 21天 / 659天
等级: 130
石头: 2271
呼符: 0
体力: 17908.586666666666 / 138
友情点: 0 / 467010`
_2024-06-13 04:31:33_
--------
*6abaffb5ee5ceaf2dd7ed98b206d749f*
`登陆天数: 21天 / 659天
等级: 130
石头: 2588
呼符: 10
体力: 30.35333333333334 / 138
友情点: 0 / 452815`
_2024-06-13 04:31:42_
--------
*f63a615d55b52038a51b0dc3bdadc06a*
`登陆天数: 21天 / 658天
等级: 130
石头: 3911
呼符: 10
体力: 30.326666666666668 / 138
友情点: 0 / 441020`
_2024-06-13 04:31:49_
--------
*0e40a25d9b7cd5711e7a2b10d87c238d*
`登陆天数: 21天 / 659天
等级: 130
石头: 3968
呼符: 10
体力: 30.293333333333337 / 138
友情点: 0 / 440065`
_2024-06-13 04:31:57_
--------
*e18b1c081f46994f811a7d72800eebb5*
`登陆天数: 21天 / 659天
等级: 130
石头: 3818
呼符: 10
体力: 30.263333333333335 / 138
友情点: 0 / 440850`
_2024-06-13 04:32:05_
--------
*d3890b0a09fce4b3116374f3a0132ada*
`登陆天数: 21天 / 659天
等级: 130
石头: 65
呼符: 10
体力: 30.230000000000004 / 138
友情点: 0 / 474570`
_2024-06-13 04:32:12_
--------
*90b0a38d5c1e9caee255c7f85b3abd13*
`登陆天数: 21天 / 659天
等级: 130
石头: 3818
呼符: 10
体力: 30.200000000000003 / 138
友情点: 0 / 440190`
_2024-06-13 04:32:20_
--------
*84a4a9cb3346931358bf9edf442d9c87*
`登陆天数: 21天 / 658天
等级: 130
石头: 3070
呼符: 10
体力: 30.16666666666667 / 138
友情点: 0 / 440720`
_2024-06-13 04:32:28_
--------
*aae09810e10318643494f04886d652d3*
`登陆天数: 21天 / 658天
等级: 130
石头: 3043
呼符: 10
体力: 30.13666666666667 / 138
友情点: 0 / 439855`
_2024-06-13 04:32:36_
--------
*2855350f3242d93bfb042a798b27bda8*
`登陆天数: 22天 / 659天
等级: 130
石头: 3777
呼符: 10
体力: 30.10666666666667 / 138
友情点: 0 / 442345`
_2024-06-13 04:32:44_
--------
*ea44e352ac37eb1bae023ef86b3b62bd*
`登陆天数: 21天 / 658天
等级: 130
石头: 3190
呼符: 10
体力: 30.076666666666668 / 138
友情点: 0 / 440290`
_2024-06-13 04:32:52_
--------
*6b40f136ba3d65a84594e41ebc56b6a3*
`登陆天数: 21天 / 659天
等级: 130
石头: 3689
呼符: 10
体力: 30.046666666666667 / 138
友情点: 0 / 440920`
_2024-06-13 04:32:59_
--------
*d1d58f7c0158360f3b797dfd119e9051*
`登陆天数: 21天 / 658天
等级: 130
石头: 3478
呼符: 10
体力: 30.016666666666666 / 138
友情点: 0 / 441775`
_2024-06-13 04:33:08_
--------
*e7b4738e053dd651b9e278fc07dabc2f*
`登陆天数: 21天 / 659天
等级: 130
石头: 2997
呼符: 10
体力: 29.989999999999995 / 138
友情点: 0 / 440770`
_2024-06-13 04:33:15_
--------
*ad2ba66ee90fff361e63ca47dfb5747d*
`登陆天数: 21天 / 659天
等级: 130
石头: 1652
呼符: 10
体力: 29.959999999999994 / 138
友情点: 0 / 474730`
_2024-06-13 04:33:23_
--------
*65250a9a990f0d7ed4990127bb0d41d7*
`登陆天数: 21天 / 658天
等级: 130
石头: 4068
呼符: 239
体力: 29.930000000000007 / 138
友情点: 0 / 440950`
_2024-06-13 04:33:31_
--------
*8b8be115d7782194e1244a833cc650a3*
`登陆天数: 21天 / 659天
等级: 130
石头: 2168
呼符: 10
体力: 29.89666666666666 / 138
友情点: 0 / 474225`
_2024-06-13 04:33:39_
--------
*f01ffcc9af352d2b15d794c0892908d6*
`登陆天数: 21天 / 659天
等级: 130
石头: 3673
呼符: 10
体力: 29.870000000000005 / 138
友情点: 0 / 439910`
_2024-06-13 04:33:47_
--------
*227f88ee49a278300463381f63f3c724*
`登陆天数: 21天 / 659天
等级: 130
石头: 3959
呼符: 10
体力: 29.836666666666673 / 138
友情点: 0 / 441865`
_2024-06-13 04:33:56_
--------
*94f3b7e552d36542e785c8e44467be89*
`登陆天数: 21天 / 659天
等级: 130
石头: 3971
呼符: 10
体力: 29.806666666666672 / 138
友情点: 0 / 440475`
_2024-06-13 04:34:03_
--------
*d8b6704358386dfe3015f85f59b64b79*
`登陆天数: 21天 / 659天
等级: 130
石头: 3910
呼符: 10
体力: 29.77666666666667 / 138
友情点: 0 / 440500`
_2024-06-13 04:34:11_
--------
*4269a16316ffc1ac21364239ba5b87fe*
`登陆天数: 21天 / 659天
等级: 130
石头: 2740
呼符: 10
体力: 29.74333333333334 / 138
友情点: 0 / 451075`
_2024-06-13 04:34:19_
--------
*c72d8558cefa89a1175654c976c0beab*
`登陆天数: 21天 / 658天
等级: 130
石头: 3550
呼符: 10
体力: 29.71666666666667 / 138
友情点: 0 / 440650`
_2024-06-13 04:34:27_
--------
*bdc8d657256a9e1fd00b040f193b38b9*
`登陆天数: 21天 / 658天
等级: 130
石头: 3758
呼符: 10
体力: 29.683333333333337 / 138
友情点: 0 / 442805`
_2024-06-13 04:34:35_
--------
*48ffd29b98fccb573baef20885d2b97e*
`登陆天数: 21天 / 658天
等级: 130
石头: 2770
呼符: 10
体力: 29.656666666666666 / 138
友情点: 0 / 458700`
_2024-06-13 04:34:43_
--------
*c83224bb597c8cba26239f94419c4589*
`登陆天数: 21天 / 658天
等级: 130
石头: 2713
呼符: 10
体力: 29.626666666666665 / 138
友情点: 0 / 440700`
_2024-06-13 04:34:51_
--------
*c04df84328839272606d25d6f9159ab2*
`登陆天数: 21天 / 658天
等级: 130
石头: 3098
呼符: 10
体力: 29.599999999999994 / 138
友情点: 0 / 444310`
_2024-06-13 04:34:59_
--------
*e40304d9e9ffbf6e25ccd578ba9e1259*
`登陆天数: 21天 / 658天
等级: 130
石头: 3099
呼符: 10
体力: 29.573333333333338 / 138
友情点: 0 / 441380`
_2024-06-13 04:35:07_
--------
*defd823107815253ee48f31d320dd260*
`登陆天数: 21天 / 659天
等级: 130
石头: 1812
呼符: 10
体力: 29.549999999999997 / 138
友情点: 0 / 476395`
_2024-06-13 04:35:15_
--------
*7ca422e311c6d57765d39683e587572b*
`登陆天数: 21天 / 659天
等级: 130
石头: 1755
呼符: 10
体力: 29.519999999999996 / 138
友情点: 0 / 474195`
_2024-06-13 04:35:23_
--------
*fe7bf40c722af72f68fc2a802e3cb54f*
`登陆天数: 21天 / 658天
等级: 130
石头: 3822
呼符: 10
体力: 29.49333333333334 / 138
友情点: 0 / 440750`
_2024-06-13 04:35:31_
--------
*67354c23977de1368fdc3b47a763f868*
`登陆天数: 21天 / 658天
等级: 130
石头: 2809
呼符: 10
体力: 29.46666666666667 / 138
友情点: 0 / 441655`
_2024-06-13 04:35:39_
--------
*688813225857caa674d793db47c94a5e*
`登陆天数: 21天 / 659天
等级: 130
石头: 3699
呼符: 10
体力: 29.439999999999998 / 138
友情点: 0 / 440235`
_2024-06-13 04:35:47_
--------
*3c5947cbb209c8d2b920f60ff7af7afc*
`登陆天数: 21天 / 658天
等级: 130
石头: 3557
呼符: 10
体力: 29.413333333333327 / 138
友情点: 0 / 440435`
_2024-06-13 04:35:55_
--------
*0b1d16a6123aa7c3005cb4f4b5b6d63c*
`登陆天数: 21天 / 659天
等级: 130
石头: 2559
呼符: 10
体力: 29.379999999999995 / 138
友情点: 0 / 463740`
_2024-06-13 04:36:03_
--------
*cb4cf2a0cb65dd6feafa50673c1f65d6*
`登陆天数: 21天 / 658天
等级: 130
石头: 4060
呼符: 81
体力: 29.35333333333334 / 138
友情点: 0 / 440435`
_2024-06-13 04:36:11_
--------
*645957db5ef305d8ad175331ff9c3d50*
`登陆天数: 21天 / 659天
等级: 130
石头: 1751
呼符: 10
体力: 29.323333333333338 / 138
友情点: 0 / 473960`
_2024-06-13 04:36:19_
--------
*8edae1fe51bdc94d09878095d23412a7*
`登陆天数: 21天 / 658天
等级: 130
石头: 3193
呼符: 10
体力: 29.296666666666667 / 138
友情点: 0 / 440445`
_2024-06-13 04:36:26_
--------
*f845edc0e0a95e38a300e03bbc2c235a*
`登陆天数: 21天 / 659天
等级: 130
石头: 2765
呼符: 10
体力: 29.269999999999996 / 138
友情点: 0 / 457770`
_2024-06-13 04:36:34_
--------
*62c0e225a3ef4996956b0f299bc4a62c*
`登陆天数: 21天 / 658天
等级: 130
石头: 4001
呼符: 10
体力: 29.24333333333334 / 138
友情点: 0 / 440045`
_2024-06-13 04:36:42_
--------
*d7f5342037a7a823a785dbd64a88b3e0*
`登陆天数: 21天 / 659天
等级: 130
石头: 3337
呼符: 10
体力: 29.21333333333334 / 138
友情点: 0 / 441590`
_2024-06-13 04:36:51_
--------
*7acddab98e5d6e1bb0e134866c37863c*
`登陆天数: 21天 / 658天
等级: 130
石头: 4068
呼符: 152
体力: 29.183333333333337 / 138
友情点: 0 / 441405`
_2024-06-13 04:36:59_
--------
*dce381eb9407fea2f6744beafff7f243*
`登陆天数: 21天 / 658天
等级: 130
石头: 3554
呼符: 10
体力: 29.156666666666666 / 138
友情点: 0 / 441090`
_2024-06-13 04:37:07_
--------
*208f7c6cd17d052a03d63a2de15989d8*
`登陆天数: 21天 / 659天
等级: 130
石头: 641
呼符: 10
体力: 29.126666666666665 / 138
友情点: 0 / 474615`
_2024-06-13 04:37:14_
--------
*9ca6d2f2132e23f6761aec34e53b845b*
`登陆天数: 21天 / 658天
等级: 130
石头: 3192
呼符: 10
体力: 29.096666666666664 / 138
友情点: 0 / 440360`
_2024-06-13 04:37:22_
--------
*1c160346ee0ca603e7c742fd92dafce9*
`登陆天数: 21天 / 659天
等级: 130
石头: 2503
呼符: 10
体力: 29.066666666666663 / 138
友情点: 0 / 473950`
_2024-06-13 04:37:30_
--------
*c84509cfb4ad377c450bd3960a49a3c4*
`登陆天数: 21天 / 659天
等级: 130
石头: 2084
呼符: 10
体力: 29.040000000000006 / 138
友情点: 0 / 474225`
_2024-06-13 04:37:37_
--------
*52405f19031fac8559b666a148f775b3*
`登陆天数: 21天 / 658天
等级: 130
石头: 2559
呼符: 10
体力: 29.013333333333335 / 138
友情点: 0 / 468465`
_2024-06-13 04:37:45_
--------
*7518a642d74f8ba62456ff7d91fbe4c0*
`登陆天数: 21天 / 659天
等级: 130
石头: 3537
呼符: 10
体力: 28.986666666666665 / 138
友情点: 0 / 440545`
_2024-06-13 04:37:53_
--------
*369a580e4c636db740cc45cd14125989*
`登陆天数: 21天 / 659天
等级: 130
石头: 1959
呼符: 10
体力: 28.956666666666663 / 138
友情点: 0 / 475280`
_2024-06-13 04:38:01_
--------
