【登录信息】
*3d5a228f1082bc550818e18f7971fe57*
`登陆天数: 23天 / 661天
等级: 130
石头: 2271
呼符: 0
体力: 18484.99 / 138
友情点: 0 / 467010`
_2024-06-15 04:33:34_
--------
*6abaffb5ee5ceaf2dd7ed98b206d749f*
`登陆天数: 23天 / 661天
等级: 130
石头: 2589
呼符: 10
体力: 30.909999999999997 / 138
友情点: 0 / 454815`
_2024-06-15 04:33:42_
--------
*f63a615d55b52038a51b0dc3bdadc06a*
`登陆天数: 23天 / 660天
等级: 130
石头: 3912
呼符: 10
体力: 30.879999999999995 / 138
友情点: 0 / 431020`
_2024-06-15 04:33:50_
--------
*0e40a25d9b7cd5711e7a2b10d87c238d*
`登陆天数: 23天 / 661天
等级: 130
石头: 3969
呼符: 10
体力: 30.85333333333334 / 138
友情点: 0 / 430065`
_2024-06-15 04:33:58_
--------
*e18b1c081f46994f811a7d72800eebb5*
`登陆天数: 23天 / 661天
等级: 130
石头: 3819
呼符: 10
体力: 30.826666666666668 / 138
友情点: 0 / 430850`
_2024-06-15 04:34:06_
--------
*d3890b0a09fce4b3116374f3a0132ada*
`登陆天数: 23天 / 661天
等级: 130
石头: 66
呼符: 10
体力: 30.796666666666667 / 138
友情点: 0 / 476570`
_2024-06-15 04:34:14_
--------
*90b0a38d5c1e9caee255c7f85b3abd13*
`登陆天数: 23天 / 661天
等级: 130
石头: 3819
呼符: 10
体力: 30.773333333333326 / 138
友情点: 0 / 430190`
_2024-06-15 04:34:21_
--------
*84a4a9cb3346931358bf9edf442d9c87*
`登陆天数: 23天 / 660天
等级: 130
石头: 3071
呼符: 10
体力: 30.74666666666667 / 138
友情点: 0 / 430720`
_2024-06-15 04:34:29_
--------
*aae09810e10318643494f04886d652d3*
`登陆天数: 23天 / 660天
等级: 130
石头: 3044
呼符: 10
体力: 30.72 / 138
友情点: 0 / 429855`
_2024-06-15 04:34:37_
--------
*2855350f3242d93bfb042a798b27bda8*
`登陆天数: 24天 / 661天
等级: 130
石头: 3778
呼符: 10
体力: 30.686666666666667 / 138
友情点: 0 / 430345`
_2024-06-15 04:34:45_
--------
*ea44e352ac37eb1bae023ef86b3b62bd*
`登陆天数: 23天 / 660天
等级: 130
石头: 3191
呼符: 10
体力: 30.663333333333327 / 138
友情点: 0 / 430290`
_2024-06-15 04:34:52_
--------
*6b40f136ba3d65a84594e41ebc56b6a3*
`登陆天数: 23天 / 661天
等级: 130
石头: 3690
呼符: 10
体力: 30.63333333333334 / 138
友情点: 0 / 430920`
_2024-06-15 04:35:00_
--------
*d1d58f7c0158360f3b797dfd119e9051*
`登陆天数: 23天 / 660天
等级: 130
石头: 3479
呼符: 10
体力: 30.60666666666667 / 138
友情点: 0 / 431775`
_2024-06-15 04:35:08_
--------
*e7b4738e053dd651b9e278fc07dabc2f*
`登陆天数: 23天 / 661天
等级: 130
石头: 2998
呼符: 10
体力: 30.58 / 138
友情点: 0 / 430770`
_2024-06-15 04:35:16_
--------
*ad2ba66ee90fff361e63ca47dfb5747d*
`登陆天数: 23天 / 661天
等级: 130
石头: 1653
呼符: 10
体力: 30.549999999999997 / 138
友情点: 0 / 476730`
_2024-06-15 04:35:24_
--------
*65250a9a990f0d7ed4990127bb0d41d7*
`登陆天数: 23天 / 660天
等级: 130
石头: 4069
呼符: 239
体力: 30.52666666666667 / 138
友情点: 0 / 430950`
_2024-06-15 04:35:32_
--------
*8b8be115d7782194e1244a833cc650a3*
`登陆天数: 23天 / 661天
等级: 130
石头: 2169
呼符: 10
体力: 30.5 / 138
友情点: 0 / 476225`
_2024-06-15 04:35:39_
--------
*f01ffcc9af352d2b15d794c0892908d6*
`登陆天数: 23天 / 661天
等级: 130
石头: 3674
呼符: 10
体力: 30.476666666666674 / 138
友情点: 0 / 429910`
_2024-06-15 04:35:47_
--------
*227f88ee49a278300463381f63f3c724*
`登陆天数: 23天 / 661天
等级: 130
石头: 3960
呼符: 10
体力: 30.446666666666673 / 138
友情点: 0 / 431865`
_2024-06-15 04:35:55_
--------
*94f3b7e552d36542e785c8e44467be89*
`登陆天数: 23天 / 661天
等级: 130
石头: 3972
呼符: 10
体力: 30.42 / 138
友情点: 0 / 430475`
_2024-06-15 04:36:03_
--------
*d8b6704358386dfe3015f85f59b64b79*
`登陆天数: 23天 / 661天
等级: 130
石头: 3911
呼符: 10
体力: 30.39333333333333 / 138
友情点: 0 / 430500`
_2024-06-15 04:36:10_
--------
*4269a16316ffc1ac21364239ba5b87fe*
`登陆天数: 23天 / 661天
等级: 130
石头: 2741
呼符: 10
体力: 30.36 / 138
友情点: 0 / 453075`
_2024-06-15 04:36:18_
--------
*c72d8558cefa89a1175654c976c0beab*
`登陆天数: 23天 / 660天
等级: 130
石头: 3551
呼符: 10
体力: 30.336666666666673 / 138
友情点: 0 / 430650`
_2024-06-15 04:36:26_
--------
*bdc8d657256a9e1fd00b040f193b38b9*
`登陆天数: 23天 / 660天
等级: 130
石头: 3759
呼符: 10
体力: 30.310000000000002 / 138
友情点: 0 / 432805`
_2024-06-15 04:36:34_
--------
*48ffd29b98fccb573baef20885d2b97e*
`登陆天数: 23天 / 660天
等级: 130
石头: 2771
呼符: 10
体力: 30.28333333333333 / 138
友情点: 0 / 460700`
_2024-06-15 04:36:42_
--------
*c83224bb597c8cba26239f94419c4589*
`登陆天数: 23天 / 660天
等级: 130
石头: 2714
呼符: 10
体力: 30.25666666666666 / 138
友情点: 0 / 442700`
_2024-06-15 04:36:49_
--------
*c04df84328839272606d25d6f9159ab2*
`登陆天数: 23天 / 660天
等级: 130
石头: 3099
呼符: 10
体力: 30.230000000000004 / 138
友情点: 0 / 446310`
_2024-06-15 04:36:57_
--------
*e40304d9e9ffbf6e25ccd578ba9e1259*
`登陆天数: 23天 / 660天
等级: 130
石头: 3100
呼符: 10
体力: 30.209999999999994 / 138
友情点: 0 / 437380`
_2024-06-15 04:37:05_
--------
*defd823107815253ee48f31d320dd260*
`登陆天数: 23天 / 661天
等级: 130
石头: 1813
呼符: 10
体力: 30.183333333333337 / 138
友情点: 0 / 478395`
_2024-06-15 04:37:12_
--------
*7ca422e311c6d57765d39683e587572b*
`登陆天数: 23天 / 661天
等级: 130
石头: 1756
呼符: 10
体力: 30.159999999999997 / 138
友情点: 0 / 476195`
_2024-06-15 04:37:20_
--------
*fe7bf40c722af72f68fc2a802e3cb54f*
`登陆天数: 23天 / 660天
等级: 130
石头: 3823
呼符: 10
体力: 30.13333333333334 / 138
友情点: 0 / 430750`
_2024-06-15 04:37:28_
--------
*67354c23977de1368fdc3b47a763f868*
`登陆天数: 23天 / 660天
等级: 130
石头: 2810
呼符: 10
体力: 30.10333333333334 / 138
友情点: 0 / 443655`
_2024-06-15 04:37:36_
--------
*688813225857caa674d793db47c94a5e*
`登陆天数: 23天 / 661天
等级: 130
石头: 3700
呼符: 10
体力: 30.08333333333333 / 138
友情点: 0 / 430235`
_2024-06-15 04:37:43_
--------
*3c5947cbb209c8d2b920f60ff7af7afc*
`登陆天数: 23天 / 660天
等级: 130
石头: 3558
呼符: 10
体力: 30.049999999999997 / 138
友情点: 0 / 430435`
_2024-06-15 04:37:51_
--------
*0b1d16a6123aa7c3005cb4f4b5b6d63c*
`登陆天数: 23天 / 661天
等级: 130
石头: 2560
呼符: 10
体力: 30.02666666666667 / 138
友情点: 0 / 465740`
_2024-06-15 04:37:59_
--------
*cb4cf2a0cb65dd6feafa50673c1f65d6*
`登陆天数: 23天 / 660天
等级: 130
石头: 4061
呼符: 81
体力: 30.00333333333333 / 138
友情点: 0 / 430435`
_2024-06-15 04:38:06_
--------
*645957db5ef305d8ad175331ff9c3d50*
`登陆天数: 23天 / 661天
等级: 130
石头: 1752
呼符: 10
体力: 29.97 / 138
友情点: 0 / 475960`
_2024-06-15 04:38:14_
--------
*8edae1fe51bdc94d09878095d23412a7*
`登陆天数: 23天 / 660天
等级: 130
石头: 3194
呼符: 10
体力: 29.946666666666673 / 138
友情点: 0 / 434445`
_2024-06-15 04:38:22_
--------
*f845edc0e0a95e38a300e03bbc2c235a*
`登陆天数: 23天 / 661天
等级: 130
石头: 2766
呼符: 10
体力: 29.923333333333332 / 138
友情点: 0 / 459770`
_2024-06-15 04:38:29_
--------
*62c0e225a3ef4996956b0f299bc4a62c*
`登陆天数: 23天 / 660天
等级: 130
石头: 4002
呼符: 10
体力: 29.900000000000006 / 138
友情点: 0 / 430045`
_2024-06-15 04:38:37_
--------
*d7f5342037a7a823a785dbd64a88b3e0*
`登陆天数: 23天 / 661天
等级: 130
石头: 3338
呼符: 10
体力: 29.873333333333335 / 138
友情点: 0 / 431590`
_2024-06-15 04:38:45_
--------
*7acddab98e5d6e1bb0e134866c37863c*
`登陆天数: 23天 / 660天
等级: 130
石头: 4069
呼符: 152
体力: 29.840000000000003 / 138
友情点: 0 / 431405`
_2024-06-15 04:38:53_
--------
*dce381eb9407fea2f6744beafff7f243*
`登陆天数: 23天 / 660天
等级: 130
石头: 3555
呼符: 10
体力: 29.816666666666663 / 138
友情点: 0 / 431090`
_2024-06-15 04:39:00_
--------
*208f7c6cd17d052a03d63a2de15989d8*
`登陆天数: 23天 / 661天
等级: 130
石头: 642
呼符: 10
体力: 29.78666666666666 / 138
友情点: 0 / 476615`
_2024-06-15 04:39:08_
--------
*9ca6d2f2132e23f6761aec34e53b845b*
`登陆天数: 23天 / 660天
等级: 130
石头: 3193
呼符: 10
体力: 29.760000000000005 / 138
友情点: 0 / 438360`
_2024-06-15 04:39:16_
--------
*1c160346ee0ca603e7c742fd92dafce9*
`登陆天数: 23天 / 661天
等级: 130
石头: 2504
呼符: 10
体力: 29.736666666666665 / 138
友情点: 0 / 475950`
_2024-06-15 04:39:24_
--------
*c84509cfb4ad377c450bd3960a49a3c4*
`登陆天数: 23天 / 661天
等级: 130
石头: 2085
呼符: 10
体力: 29.71333333333334 / 138
友情点: 0 / 476225`
_2024-06-15 04:39:31_
--------
*52405f19031fac8559b666a148f775b3*
`登陆天数: 23天 / 660天
等级: 130
石头: 2560
呼符: 10
体力: 29.689999999999998 / 138
友情点: 0 / 470465`
_2024-06-15 04:39:39_
--------
*7518a642d74f8ba62456ff7d91fbe4c0*
`登陆天数: 23天 / 661天
等级: 130
石头: 3538
呼符: 10
体力: 29.663333333333327 / 138
友情点: 0 / 430545`
_2024-06-15 04:39:47_
--------
*369a580e4c636db740cc45cd14125989*
`登陆天数: 23天 / 661天
等级: 130
石头: 1960
呼符: 10
体力: 29.63666666666667 / 138
友情点: 0 / 477280`
_2024-06-15 04:39:55_
--------
