【登录信息】
*3d5a228f1082bc550818e18f7971fe57*
`登陆天数: 24天 / 662天
等级: 130
石头: 2271
呼符: 0
体力: 18772.106666666667 / 138
友情点: 0 / 467010`
_2024-06-16 04:29:10_
--------
*6abaffb5ee5ceaf2dd7ed98b206d749f*
`登陆天数: 24天 / 662天
等级: 130
石头: 2589
呼符: 10
体力: 29.879999999999995 / 138
友情点: 0 / 454815`
_2024-06-16 04:29:18_
--------
*f63a615d55b52038a51b0dc3bdadc06a*
`登陆天数: 24天 / 661天
等级: 130
石头: 3912
呼符: 10
体力: 29.849999999999994 / 138
友情点: 0 / 425020`
_2024-06-16 04:29:25_
--------
*0e40a25d9b7cd5711e7a2b10d87c238d*
`登陆天数: 24天 / 662天
等级: 130
石头: 3969
呼符: 10
体力: 29.816666666666663 / 138
友情点: 0 / 424065`
_2024-06-16 04:29:33_
--------
*e18b1c081f46994f811a7d72800eebb5*
`登陆天数: 24天 / 662天
等级: 130
石头: 3819
呼符: 10
体力: 29.78666666666666 / 138
友情点: 0 / 424850`
_2024-06-16 04:29:40_
--------
*d3890b0a09fce4b3116374f3a0132ada*
`登陆天数: 24天 / 662天
等级: 130
石头: 66
呼符: 10
体力: 29.75666666666666 / 138
友情点: 0 / 476570`
_2024-06-16 04:29:48_
--------
*90b0a38d5c1e9caee255c7f85b3abd13*
`登陆天数: 24天 / 662天
等级: 130
石头: 3819
呼符: 10
体力: 29.726666666666674 / 138
友情点: 0 / 424190`
_2024-06-16 04:29:56_
--------
*84a4a9cb3346931358bf9edf442d9c87*
`登陆天数: 24天 / 661天
等级: 130
石头: 3071
呼符: 10
体力: 29.696666666666673 / 138
友情点: 0 / 428720`
_2024-06-16 04:30:04_
--------
*aae09810e10318643494f04886d652d3*
`登陆天数: 24天 / 661天
等级: 130
石头: 3044
呼符: 10
体力: 29.67 / 138
友情点: 0 / 423855`
_2024-06-16 04:30:12_
--------
*2855350f3242d93bfb042a798b27bda8*
`登陆天数: 25天 / 662天
等级: 130
石头: 3779
呼符: 10
体力: 29.64 / 138
友情点: 0 / 424345`
_2024-06-16 04:30:19_
--------
*ea44e352ac37eb1bae023ef86b3b62bd*
`登陆天数: 24天 / 661天
等级: 130
石头: 3191
呼符: 10
体力: 29.61 / 138
友情点: 0 / 424290`
_2024-06-16 04:30:27_
--------
*6b40f136ba3d65a84594e41ebc56b6a3*
`登陆天数: 24天 / 662天
等级: 130
石头: 3690
呼符: 10
体力: 29.576666666666668 / 138
友情点: 0 / 424920`
_2024-06-16 04:30:35_
--------
*d1d58f7c0158360f3b797dfd119e9051*
`登陆天数: 24天 / 661天
等级: 130
石头: 3479
呼符: 10
体力: 29.546666666666667 / 138
友情点: 0 / 427775`
_2024-06-16 04:30:42_
--------
*e7b4738e053dd651b9e278fc07dabc2f*
`登陆天数: 24天 / 662天
等级: 130
石头: 2998
呼符: 10
体力: 29.516666666666666 / 138
友情点: 0 / 424770`
_2024-06-16 04:30:50_
--------
*ad2ba66ee90fff361e63ca47dfb5747d*
`登陆天数: 24天 / 662天
等级: 130
石头: 1653
呼符: 10
体力: 29.483333333333334 / 138
友情点: 0 / 476730`
_2024-06-16 04:30:58_
--------
*65250a9a990f0d7ed4990127bb0d41d7*
`登陆天数: 24天 / 661天
等级: 130
石头: 4069
呼符: 239
体力: 29.456666666666663 / 138
友情点: 0 / 424950`
_2024-06-16 04:31:05_
--------
*8b8be115d7782194e1244a833cc650a3*
`登陆天数: 24天 / 662天
等级: 130
石头: 2169
呼符: 10
体力: 29.426666666666662 / 138
友情点: 0 / 476225`
_2024-06-16 04:31:13_
--------
*f01ffcc9af352d2b15d794c0892908d6*
`登陆天数: 24天 / 662天
等级: 130
石头: 3674
呼符: 10
体力: 29.39333333333333 / 138
友情点: 0 / 423910`
_2024-06-16 04:31:21_
--------
*227f88ee49a278300463381f63f3c724*
`登陆天数: 24天 / 662天
等级: 130
石头: 3960
呼符: 10
体力: 29.36333333333333 / 138
友情点: 0 / 425865`
_2024-06-16 04:31:28_
--------
*94f3b7e552d36542e785c8e44467be89*
`登陆天数: 24天 / 662天
等级: 130
石头: 3972
呼符: 10
体力: 29.336666666666673 / 138
友情点: 0 / 424475`
_2024-06-16 04:31:36_
--------
*d8b6704358386dfe3015f85f59b64b79*
`登陆天数: 24天 / 662天
等级: 130
石头: 3911
呼符: 10
体力: 29.299999999999997 / 138
友情点: 0 / 424500`
_2024-06-16 04:31:44_
--------
*4269a16316ffc1ac21364239ba5b87fe*
`登陆天数: 24天 / 662天
等级: 130
石头: 2741
呼符: 10
体力: 29.269999999999996 / 138
友情点: 0 / 453075`
_2024-06-16 04:31:52_
--------
*c72d8558cefa89a1175654c976c0beab*
`登陆天数: 24天 / 661天
等级: 130
石头: 3551
呼符: 10
体力: 29.24333333333334 / 138
友情点: 0 / 424650`
_2024-06-16 04:31:59_
--------
*bdc8d657256a9e1fd00b040f193b38b9*
`登陆天数: 24天 / 661天
等级: 130
石头: 3759
呼符: 10
体力: 29.209999999999994 / 138
友情点: 0 / 426805`
_2024-06-16 04:32:07_
--------
*48ffd29b98fccb573baef20885d2b97e*
`登陆天数: 24天 / 661天
等级: 130
石头: 2771
呼符: 10
体力: 29.180000000000007 / 138
友情点: 0 / 460700`
_2024-06-16 04:32:15_
--------
*c83224bb597c8cba26239f94419c4589*
`登陆天数: 24天 / 661天
等级: 130
石头: 2714
呼符: 10
体力: 29.153333333333336 / 138
友情点: 0 / 442700`
_2024-06-16 04:32:22_
--------
*c04df84328839272606d25d6f9159ab2*
`登陆天数: 24天 / 661天
等级: 130
石头: 3099
呼符: 10
体力: 29.123333333333335 / 138
友情点: 0 / 446310`
_2024-06-16 04:32:30_
--------
*e40304d9e9ffbf6e25ccd578ba9e1259*
`登陆天数: 24天 / 661天
等级: 130
石头: 3100
呼符: 10
体力: 29.096666666666664 / 138
友情点: 0 / 437380`
_2024-06-16 04:32:38_
--------
*defd823107815253ee48f31d320dd260*
`登陆天数: 24天 / 662天
等级: 130
石头: 1813
呼符: 10
体力: 29.069999999999993 / 138
友情点: 0 / 478395`
_2024-06-16 04:32:45_
--------
*7ca422e311c6d57765d39683e587572b*
`登陆天数: 24天 / 662天
等级: 130
石头: 1756
呼符: 10
体力: 29.040000000000006 / 138
友情点: 0 / 476195`
_2024-06-16 04:32:53_
--------
*fe7bf40c722af72f68fc2a802e3cb54f*
`登陆天数: 24天 / 661天
等级: 130
石头: 3823
呼符: 10
体力: 29.010000000000005 / 138
友情点: 0 / 424750`
_2024-06-16 04:33:01_
--------
*67354c23977de1368fdc3b47a763f868*
`登陆天数: 24天 / 661天
等级: 130
石头: 2810
呼符: 10
体力: 28.983333333333334 / 138
友情点: 0 / 443655`
_2024-06-16 04:33:08_
--------
*688813225857caa674d793db47c94a5e*
`登陆天数: 24天 / 662天
等级: 130
石头: 3700
呼符: 10
体力: 28.953333333333333 / 138
友情点: 0 / 424235`
_2024-06-16 04:33:16_
--------
*3c5947cbb209c8d2b920f60ff7af7afc*
`登陆天数: 24天 / 661天
等级: 130
石头: 3558
呼符: 10
体力: 28.923333333333332 / 138
友情点: 0 / 424435`
_2024-06-16 04:33:24_
--------
*0b1d16a6123aa7c3005cb4f4b5b6d63c*
`登陆天数: 24天 / 662天
等级: 130
石头: 2560
呼符: 10
体力: 28.89666666666666 / 138
友情点: 0 / 465740`
_2024-06-16 04:33:31_
--------
*cb4cf2a0cb65dd6feafa50673c1f65d6*
`登陆天数: 24天 / 661天
等级: 130
石头: 4061
呼符: 81
体力: 28.86333333333333 / 138
友情点: 0 / 424435`
_2024-06-16 04:33:39_
--------
*645957db5ef305d8ad175331ff9c3d50*
`登陆天数: 24天 / 662天
等级: 130
石头: 1752
呼符: 10
体力: 28.83333333333333 / 138
友情点: 0 / 475960`
_2024-06-16 04:33:46_
--------
*8edae1fe51bdc94d09878095d23412a7*
`登陆天数: 24天 / 661天
等级: 130
石头: 3194
呼符: 10
体力: 28.806666666666672 / 138
友情点: 0 / 434445`
_2024-06-16 04:33:54_
--------
*f845edc0e0a95e38a300e03bbc2c235a*
`登陆天数: 24天 / 662天
等级: 130
石头: 2766
呼符: 10
体力: 28.77666666666667 / 138
友情点: 0 / 459770`
_2024-06-16 04:34:02_
--------
*62c0e225a3ef4996956b0f299bc4a62c*
`登陆天数: 24天 / 661天
等级: 130
石头: 4002
呼符: 10
体力: 28.74666666666667 / 138
友情点: 0 / 424045`
_2024-06-16 04:34:09_
--------
*d7f5342037a7a823a785dbd64a88b3e0*
`登陆天数: 24天 / 662天
等级: 130
石头: 3338
呼符: 10
体力: 28.71666666666667 / 138
友情点: 0 / 425590`
_2024-06-16 04:34:17_
--------
*7acddab98e5d6e1bb0e134866c37863c*
`登陆天数: 24天 / 661天
等级: 130
石头: 4069
呼符: 152
体力: 28.689999999999998 / 138
友情点: 0 / 425405`
_2024-06-16 04:34:25_
--------
*dce381eb9407fea2f6744beafff7f243*
`登陆天数: 24天 / 661天
等级: 130
石头: 3555
呼符: 10
体力: 28.656666666666666 / 138
友情点: 0 / 425090`
_2024-06-16 04:34:33_
--------
*208f7c6cd17d052a03d63a2de15989d8*
`登陆天数: 24天 / 662天
等级: 130
石头: 642
呼符: 10
体力: 28.629999999999995 / 138
友情点: 0 / 476615`
_2024-06-16 04:34:40_
--------
*9ca6d2f2132e23f6761aec34e53b845b*
`登陆天数: 24天 / 661天
等级: 130
石头: 3193
呼符: 10
体力: 28.60333333333334 / 138
友情点: 0 / 438360`
_2024-06-16 04:34:48_
--------
*1c160346ee0ca603e7c742fd92dafce9*
`登陆天数: 24天 / 662天
等级: 130
石头: 2504
呼符: 10
体力: 28.573333333333338 / 138
友情点: 0 / 475950`
_2024-06-16 04:34:56_
--------
*c84509cfb4ad377c450bd3960a49a3c4*
`登陆天数: 24天 / 662天
等级: 130
石头: 2085
呼符: 10
体力: 28.543333333333337 / 138
友情点: 0 / 476225`
_2024-06-16 04:35:04_
--------
*52405f19031fac8559b666a148f775b3*
`登陆天数: 24天 / 661天
等级: 130
石头: 2560
呼符: 10
体力: 28.516666666666666 / 138
友情点: 0 / 470465`
_2024-06-16 04:35:11_
--------
*7518a642d74f8ba62456ff7d91fbe4c0*
`登陆天数: 24天 / 662天
等级: 130
石头: 3538
呼符: 10
体力: 28.486666666666665 / 138
友情点: 0 / 424545`
_2024-06-16 04:35:19_
--------
*369a580e4c636db740cc45cd14125989*
`登陆天数: 24天 / 662天
等级: 130
石头: 1960
呼符: 10
体力: 28.456666666666663 / 138
友情点: 0 / 477280`
_2024-06-16 04:35:27_
--------
