【登录信息】
*3d5a228f1082bc550818e18f7971fe57*
`登陆天数: 25天 / 663天
等级: 130
石头: 2271
呼符: 0
体力: 19060.926666666666 / 138
友情点: 0 / 467010`
_2024-06-17 04:33:15_
--------
*6abaffb5ee5ceaf2dd7ed98b206d749f*
`登陆天数: 25天 / 663天
等级: 130
石头: 2590
呼符: 10
体力: 30.370000000000005 / 138
友情点: 0 / 454815`
_2024-06-17 04:33:23_
--------
*f63a615d55b52038a51b0dc3bdadc06a*
`登陆天数: 25天 / 662天
等级: 130
石头: 3913
呼符: 10
体力: 30.340000000000003 / 138
友情点: 0 / 419020`
_2024-06-17 04:33:31_
--------
*0e40a25d9b7cd5711e7a2b10d87c238d*
`登陆天数: 25天 / 663天
等级: 130
石头: 3970
呼符: 10
体力: 30.306666666666672 / 138
友情点: 0 / 418065`
_2024-06-17 04:33:40_
--------
*e18b1c081f46994f811a7d72800eebb5*
`登陆天数: 25天 / 663天
等级: 130
石头: 3820
呼符: 10
体力: 30.28 / 138
友情点: 0 / 418850`
_2024-06-17 04:33:48_
--------
*d3890b0a09fce4b3116374f3a0132ada*
`登陆天数: 25天 / 663天
等级: 130
石头: 67
呼符: 10
体力: 30.24666666666667 / 138
友情点: 0 / 476570`
_2024-06-17 04:33:56_
--------
*90b0a38d5c1e9caee255c7f85b3abd13*
`登陆天数: 25天 / 663天
等级: 130
石头: 3820
呼符: 10
体力: 30.21666666666667 / 138
友情点: 0 / 418190`
_2024-06-17 04:34:04_
--------
*84a4a9cb3346931358bf9edf442d9c87*
`登陆天数: 25天 / 662天
等级: 130
石头: 3072
呼符: 10
体力: 30.186666666666667 / 138
友情点: 0 / 428720`
_2024-06-17 04:34:13_
--------
*aae09810e10318643494f04886d652d3*
`登陆天数: 25天 / 662天
等级: 130
石头: 3045
呼符: 10
体力: 30.159999999999997 / 138
友情点: 0 / 417855`
_2024-06-17 04:34:20_
--------
*2855350f3242d93bfb042a798b27bda8*
`登陆天数: 26天 / 663天
等级: 130
石头: 3779
呼符: 10
体力: 30.129999999999995 / 138
友情点: 0 / 418345`
_2024-06-17 04:34:29_
--------
*ea44e352ac37eb1bae023ef86b3b62bd*
`登陆天数: 25天 / 662天
等级: 130
石头: 3192
呼符: 10
体力: 30.099999999999994 / 138
友情点: 0 / 418290`
_2024-06-17 04:34:37_
--------
*6b40f136ba3d65a84594e41ebc56b6a3*
`登陆天数: 25天 / 663天
等级: 130
石头: 3691
呼符: 10
体力: 30.069999999999993 / 138
友情点: 0 / 418920`
_2024-06-17 04:34:45_
--------
*d1d58f7c0158360f3b797dfd119e9051*
`登陆天数: 25天 / 662天
等级: 130
石头: 3480
呼符: 10
体力: 30.043333333333337 / 138
友情点: 0 / 427775`
_2024-06-17 04:34:54_
--------
*e7b4738e053dd651b9e278fc07dabc2f*
`登陆天数: 25天 / 663天
等级: 130
石头: 2999
呼符: 10
体力: 30.013333333333335 / 138
友情点: 0 / 418770`
_2024-06-17 04:35:02_
--------
*ad2ba66ee90fff361e63ca47dfb5747d*
`登陆天数: 25天 / 663天
等级: 130
石头: 1654
呼符: 10
体力: 29.989999999999995 / 138
友情点: 0 / 476730`
_2024-06-17 04:35:10_
--------
*65250a9a990f0d7ed4990127bb0d41d7*
`登陆天数: 25天 / 662天
等级: 130
石头: 4070
呼符: 239
体力: 29.96333333333334 / 138
友情点: 0 / 418950`
_2024-06-17 04:35:18_
--------
*8b8be115d7782194e1244a833cc650a3*
`登陆天数: 25天 / 663天
等级: 130
石头: 2170
呼符: 10
体力: 29.933333333333337 / 138
友情点: 0 / 476225`
_2024-06-17 04:35:27_
--------
*f01ffcc9af352d2b15d794c0892908d6*
`登陆天数: 25天 / 663天
等级: 130
石头: 3675
呼符: 10
体力: 29.906666666666666 / 138
友情点: 0 / 417910`
_2024-06-17 04:35:35_
--------
*227f88ee49a278300463381f63f3c724*
`登陆天数: 25天 / 663天
等级: 130
石头: 3961
呼符: 10
体力: 29.873333333333335 / 138
友情点: 0 / 419865`
_2024-06-17 04:35:43_
--------
*94f3b7e552d36542e785c8e44467be89*
`登陆天数: 25天 / 663天
等级: 130
石头: 3973
呼符: 10
体力: 29.846666666666664 / 138
友情点: 0 / 418475`
_2024-06-17 04:35:51_
--------
*d8b6704358386dfe3015f85f59b64b79*
`登陆天数: 25天 / 663天
等级: 130
石头: 3912
呼符: 10
体力: 29.816666666666663 / 138
友情点: 0 / 418500`
_2024-06-17 04:35:59_
--------
*4269a16316ffc1ac21364239ba5b87fe*
`登陆天数: 25天 / 663天
等级: 130
石头: 2742
呼符: 10
体力: 29.78666666666666 / 138
友情点: 0 / 453075`
_2024-06-17 04:36:07_
--------
*c72d8558cefa89a1175654c976c0beab*
`登陆天数: 25天 / 662天
等级: 130
石头: 3552
呼符: 10
体力: 29.760000000000005 / 138
友情点: 0 / 418650`
_2024-06-17 04:36:15_
--------
*bdc8d657256a9e1fd00b040f193b38b9*
`登陆天数: 25天 / 662天
等级: 130
石头: 3760
呼符: 10
体力: 29.733333333333334 / 138
友情点: 0 / 420805`
_2024-06-17 04:36:24_
--------
*48ffd29b98fccb573baef20885d2b97e*
`登陆天数: 25天 / 662天
等级: 130
石头: 2772
呼符: 10
体力: 29.700000000000003 / 138
友情点: 0 / 460700`
_2024-06-17 04:36:32_
--------
*c83224bb597c8cba26239f94419c4589*
`登陆天数: 25天 / 662天
等级: 130
石头: 2715
呼符: 10
体力: 29.67 / 138
友情点: 0 / 442700`
_2024-06-17 04:36:40_
--------
*c04df84328839272606d25d6f9159ab2*
`登陆天数: 25天 / 662天
等级: 130
石头: 3100
呼符: 10
体力: 29.64333333333333 / 138
友情点: 0 / 446310`
_2024-06-17 04:36:48_
--------
*e40304d9e9ffbf6e25ccd578ba9e1259*
`登陆天数: 25天 / 662天
等级: 130
石头: 3101
呼符: 10
体力: 29.620000000000005 / 138
友情点: 0 / 437380`
_2024-06-17 04:36:56_
--------
*defd823107815253ee48f31d320dd260*
`登陆天数: 25天 / 663天
等级: 130
石头: 1814
呼符: 10
体力: 29.590000000000003 / 138
友情点: 0 / 478395`
_2024-06-17 04:37:04_
--------
*7ca422e311c6d57765d39683e587572b*
`登陆天数: 25天 / 663天
等级: 130
石头: 1757
呼符: 10
体力: 29.566666666666663 / 138
友情点: 0 / 476195`
_2024-06-17 04:37:12_
--------
*fe7bf40c722af72f68fc2a802e3cb54f*
`登陆天数: 25天 / 662天
等级: 130
石头: 3824
呼符: 10
体力: 29.53666666666666 / 138
友情点: 0 / 418750`
_2024-06-17 04:37:20_
--------
*67354c23977de1368fdc3b47a763f868*
`登陆天数: 25天 / 662天
等级: 130
石头: 2811
呼符: 10
体力: 29.50666666666666 / 138
友情点: 0 / 443655`
_2024-06-17 04:37:28_
--------
*688813225857caa674d793db47c94a5e*
`登陆天数: 25天 / 663天
等级: 130
石头: 3701
呼符: 10
体力: 29.480000000000004 / 138
友情点: 0 / 418235`
_2024-06-17 04:37:37_
--------
*3c5947cbb209c8d2b920f60ff7af7afc*
`登陆天数: 25天 / 662天
等级: 130
石头: 3559
呼符: 10
体力: 29.450000000000003 / 138
友情点: 0 / 418435`
_2024-06-17 04:37:44_
--------
*0b1d16a6123aa7c3005cb4f4b5b6d63c*
`登陆天数: 25天 / 663天
等级: 130
石头: 2561
呼符: 10
体力: 29.42 / 138
友情点: 0 / 465740`
_2024-06-17 04:37:53_
--------
*cb4cf2a0cb65dd6feafa50673c1f65d6*
`登陆天数: 25天 / 662天
等级: 130
石头: 4062
呼符: 81
体力: 29.39666666666666 / 138
友情点: 0 / 418435`
_2024-06-17 04:38:01_
--------
*645957db5ef305d8ad175331ff9c3d50*
`登陆天数: 25天 / 663天
等级: 130
石头: 1753
呼符: 10
体力: 29.36666666666666 / 138
友情点: 0 / 475960`
_2024-06-17 04:38:09_
--------
*8edae1fe51bdc94d09878095d23412a7*
`登陆天数: 25天 / 662天
等级: 130
石头: 3195
呼符: 10
体力: 29.340000000000003 / 138
友情点: 0 / 434445`
_2024-06-17 04:38:17_
--------
*f845edc0e0a95e38a300e03bbc2c235a*
`登陆天数: 25天 / 663天
等级: 130
石头: 2767
呼符: 10
体力: 29.313333333333333 / 138
友情点: 0 / 459770`
_2024-06-17 04:38:26_
--------
*62c0e225a3ef4996956b0f299bc4a62c*
`登陆天数: 25天 / 662天
等级: 130
石头: 4003
呼符: 10
体力: 29.28333333333333 / 138
友情点: 0 / 418045`
_2024-06-17 04:38:34_
--------
*d7f5342037a7a823a785dbd64a88b3e0*
`登陆天数: 25天 / 663天
等级: 130
石头: 3339
呼符: 10
体力: 29.25333333333333 / 138
友情点: 0 / 423590`
_2024-06-17 04:38:41_
--------
*7acddab98e5d6e1bb0e134866c37863c*
`登陆天数: 25天 / 662天
等级: 130
石头: 4070
呼符: 152
体力: 29.22333333333333 / 138
友情点: 0 / 419405`
_2024-06-17 04:38:50_
--------
*dce381eb9407fea2f6744beafff7f243*
`登陆天数: 25天 / 662天
等级: 130
石头: 3556
呼符: 10
体力: 29.193333333333328 / 138
友情点: 0 / 419090`
_2024-06-17 04:38:58_
--------
*208f7c6cd17d052a03d63a2de15989d8*
`登陆天数: 25天 / 663天
等级: 130
石头: 643
呼符: 10
体力: 29.17 / 138
友情点: 0 / 476615`
_2024-06-17 04:39:06_
--------
*9ca6d2f2132e23f6761aec34e53b845b*
`登陆天数: 25天 / 662天
等级: 130
石头: 3194
呼符: 10
体力: 29.14 / 138
友情点: 0 / 438360`
_2024-06-17 04:39:14_
--------
*1c160346ee0ca603e7c742fd92dafce9*
`登陆天数: 25天 / 663天
等级: 130
石头: 2505
呼符: 10
体力: 29.11 / 138
友情点: 0 / 475950`
_2024-06-17 04:39:22_
--------
*c84509cfb4ad377c450bd3960a49a3c4*
`登陆天数: 25天 / 663天
等级: 130
石头: 2086
呼符: 10
体力: 29.08 / 138
友情点: 0 / 476225`
_2024-06-17 04:39:30_
--------
*52405f19031fac8559b666a148f775b3*
`登陆天数: 25天 / 662天
等级: 130
石头: 2561
呼符: 10
体力: 29.053333333333327 / 138
友情点: 0 / 470465`
_2024-06-17 04:39:38_
--------
*7518a642d74f8ba62456ff7d91fbe4c0*
`登陆天数: 25天 / 663天
等级: 130
石头: 3539
呼符: 10
体力: 29.02666666666667 / 138
友情点: 0 / 418545`
_2024-06-17 04:39:46_
--------
*369a580e4c636db740cc45cd14125989*
`登陆天数: 25天 / 663天
等级: 130
石头: 1961
呼符: 10
体力: 28.99666666666667 / 138
友情点: 0 / 477280`
_2024-06-17 04:39:54_
--------
