【登录信息】
*3d5a228f1082bc550818e18f7971fe57*
`登陆天数: 26天 / 664天
等级: 130
石头: 2271
呼符: 0
体力: 19348.31 / 138
友情点: 0 / 467010`
_2024-06-18 04:30:11_
--------
*6abaffb5ee5ceaf2dd7ed98b206d749f*
`登陆天数: 26天 / 664天
等级: 130
石头: 2590
呼符: 10
体力: 29.706666666666663 / 138
友情点: 0 / 454815`
_2024-06-18 04:30:19_
--------
*f63a615d55b52038a51b0dc3bdadc06a*
`登陆天数: 26天 / 663天
等级: 130
石头: 3913
呼符: 10
体力: 29.686666666666667 / 138
友情点: 0 / 413020`
_2024-06-18 04:30:27_
--------
*0e40a25d9b7cd5711e7a2b10d87c238d*
`登陆天数: 26天 / 664天
等级: 130
石头: 3970
呼符: 10
体力: 29.653333333333336 / 138
友情点: 0 / 412065`
_2024-06-18 04:30:35_
--------
*e18b1c081f46994f811a7d72800eebb5*
`登陆天数: 26天 / 664天
等级: 130
石头: 3820
呼符: 10
体力: 29.629999999999995 / 138
友情点: 0 / 412850`
_2024-06-18 04:30:43_
--------
*d3890b0a09fce4b3116374f3a0132ada*
`登陆天数: 26天 / 664天
等级: 130
石头: 67
呼符: 10
体力: 29.593333333333334 / 138
友情点: 0 / 476570`
_2024-06-18 04:30:51_
--------
*90b0a38d5c1e9caee255c7f85b3abd13*
`登陆天数: 26天 / 664天
等级: 130
石头: 3820
呼符: 10
体力: 29.573333333333338 / 138
友情点: 0 / 412190`
_2024-06-18 04:30:59_
--------
*84a4a9cb3346931358bf9edf442d9c87*
`登陆天数: 26天 / 663天
等级: 130
石头: 3072
呼符: 10
体力: 29.546666666666667 / 138
友情点: 0 / 428720`
_2024-06-18 04:31:07_
--------
*aae09810e10318643494f04886d652d3*
`登陆天数: 26天 / 663天
等级: 130
石头: 3045
呼符: 10
体力: 29.523333333333326 / 138
友情点: 0 / 417855`
_2024-06-18 04:31:15_
--------
*2855350f3242d93bfb042a798b27bda8*
`登陆天数: 27天 / 664天
等级: 130
石头: 3781
呼符: 10
体力: 29.49666666666667 / 138
友情点: 0 / 412345`
_2024-06-18 04:31:23_
--------
*ea44e352ac37eb1bae023ef86b3b62bd*
`登陆天数: 26天 / 663天
等级: 130
石头: 3192
呼符: 10
体力: 29.47 / 138
友情点: 0 / 412290`
_2024-06-18 04:31:31_
--------
*6b40f136ba3d65a84594e41ebc56b6a3*
`登陆天数: 26天 / 664天
等级: 130
石头: 3691
呼符: 10
体力: 29.443333333333328 / 138
友情点: 0 / 412920`
_2024-06-18 04:31:39_
--------
*d1d58f7c0158360f3b797dfd119e9051*
`登陆天数: 26天 / 663天
等级: 130
石头: 3480
呼符: 10
体力: 29.41666666666667 / 138
友情点: 0 / 427775`
_2024-06-18 04:31:48_
--------
*e7b4738e053dd651b9e278fc07dabc2f*
`登陆天数: 26天 / 664天
等级: 130
石头: 2999
呼符: 10
体力: 29.39 / 138
友情点: 0 / 418770`
_2024-06-18 04:31:56_
--------
*ad2ba66ee90fff361e63ca47dfb5747d*
`登陆天数: 26天 / 664天
等级: 130
石头: 1654
呼符: 10
体力: 29.36666666666666 / 138
友情点: 0 / 476730`
_2024-06-18 04:32:04_
--------
*65250a9a990f0d7ed4990127bb0d41d7*
`登陆天数: 26天 / 663天
等级: 130
石头: 4070
呼符: 239
体力: 29.346666666666664 / 138
友情点: 0 / 412950`
_2024-06-18 04:32:12_
--------
*8b8be115d7782194e1244a833cc650a3*
`登陆天数: 26天 / 664天
等级: 130
石头: 2170
呼符: 10
体力: 29.316666666666663 / 138
友情点: 0 / 476225`
_2024-06-18 04:32:20_
--------
*f01ffcc9af352d2b15d794c0892908d6*
`登陆天数: 26天 / 664天
等级: 130
石头: 3675
呼符: 10
体力: 29.293333333333337 / 138
友情点: 0 / 411910`
_2024-06-18 04:32:28_
--------
*227f88ee49a278300463381f63f3c724*
`登陆天数: 26天 / 664天
等级: 130
石头: 3961
呼符: 10
体力: 29.266666666666666 / 138
友情点: 0 / 413865`
_2024-06-18 04:32:36_
--------
*94f3b7e552d36542e785c8e44467be89*
`登陆天数: 26天 / 664天
等级: 130
石头: 3973
呼符: 10
体力: 29.239999999999995 / 138
友情点: 0 / 412475`
_2024-06-18 04:32:45_
--------
*d8b6704358386dfe3015f85f59b64b79*
`登陆天数: 26天 / 664天
等级: 130
石头: 3912
呼符: 10
体力: 29.21333333333334 / 138
友情点: 0 / 412500`
_2024-06-18 04:32:53_
--------
*4269a16316ffc1ac21364239ba5b87fe*
`登陆天数: 26天 / 664天
等级: 130
石头: 2742
呼符: 10
体力: 29.186666666666667 / 138
友情点: 0 / 453075`
_2024-06-18 04:33:01_
--------
*c72d8558cefa89a1175654c976c0beab*
`登陆天数: 26天 / 663天
等级: 130
石头: 3552
呼符: 10
体力: 29.163333333333327 / 138
友情点: 0 / 412650`
_2024-06-18 04:33:09_
--------
*bdc8d657256a9e1fd00b040f193b38b9*
`登陆天数: 26天 / 663天
等级: 130
石头: 3760
呼符: 10
体力: 29.13666666666667 / 138
友情点: 0 / 414805`
_2024-06-18 04:33:17_
--------
*48ffd29b98fccb573baef20885d2b97e*
`登陆天数: 26天 / 663天
等级: 130
石头: 2772
呼符: 10
体力: 29.11 / 138
友情点: 0 / 460700`
_2024-06-18 04:33:25_
--------
*c83224bb597c8cba26239f94419c4589*
`登陆天数: 26天 / 663天
等级: 130
石头: 2715
呼符: 10
体力: 29.08333333333333 / 138
友情点: 0 / 442700`
_2024-06-18 04:33:33_
--------
*c04df84328839272606d25d6f9159ab2*
`登陆天数: 26天 / 663天
等级: 130
石头: 3100
呼符: 10
体力: 29.060000000000002 / 138
友情点: 0 / 446310`
_2024-06-18 04:33:41_
--------
*e40304d9e9ffbf6e25ccd578ba9e1259*
`登陆天数: 26天 / 663天
等级: 130
石头: 3101
呼符: 10
体力: 29.040000000000006 / 138
友情点: 0 / 437380`
_2024-06-18 04:33:49_
--------
*defd823107815253ee48f31d320dd260*
`登陆天数: 26天 / 664天
等级: 130
石头: 1814
呼符: 10
体力: 29.016666666666666 / 138
友情点: 0 / 478395`
_2024-06-18 04:33:57_
--------
*7ca422e311c6d57765d39683e587572b*
`登陆天数: 26天 / 664天
等级: 130
石头: 1757
呼符: 10
体力: 28.99333333333334 / 138
友情点: 0 / 476195`
_2024-06-18 04:34:05_
--------
*fe7bf40c722af72f68fc2a802e3cb54f*
`登陆天数: 26天 / 663天
等级: 130
石头: 3824
呼符: 10
体力: 28.97 / 138
友情点: 0 / 412750`
_2024-06-18 04:34:14_
--------
*67354c23977de1368fdc3b47a763f868*
`登陆天数: 26天 / 663天
等级: 130
石头: 2811
呼符: 10
体力: 28.943333333333328 / 138
友情点: 0 / 443655`
_2024-06-18 04:34:22_
--------
*688813225857caa674d793db47c94a5e*
`登陆天数: 26天 / 664天
等级: 130
石头: 3701
呼符: 10
体力: 28.92 / 138
友情点: 0 / 414235`
_2024-06-18 04:34:30_
--------
*3c5947cbb209c8d2b920f60ff7af7afc*
`登陆天数: 26天 / 663天
等级: 130
石头: 3559
呼符: 10
体力: 28.89333333333333 / 138
友情点: 0 / 412435`
_2024-06-18 04:34:38_
--------
*0b1d16a6123aa7c3005cb4f4b5b6d63c*
`登陆天数: 26天 / 664天
等级: 130
石头: 2561
呼符: 10
体力: 28.86333333333333 / 138
友情点: 0 / 465740`
_2024-06-18 04:34:46_
--------
*cb4cf2a0cb65dd6feafa50673c1f65d6*
`登陆天数: 26天 / 663天
等级: 130
石头: 4062
呼符: 81
体力: 28.843333333333334 / 138
友情点: 0 / 412435`
_2024-06-18 04:34:54_
--------
*645957db5ef305d8ad175331ff9c3d50*
`登陆天数: 26天 / 664天
等级: 130
石头: 1753
呼符: 10
体力: 28.816666666666663 / 138
友情点: 0 / 475960`
_2024-06-18 04:35:02_
--------
*8edae1fe51bdc94d09878095d23412a7*
`登陆天数: 26天 / 663天
等级: 130
石头: 3195
呼符: 10
体力: 28.793333333333337 / 138
友情点: 0 / 434445`
_2024-06-18 04:35:10_
--------
*f845edc0e0a95e38a300e03bbc2c235a*
`登陆天数: 26天 / 664天
等级: 130
石头: 2767
呼符: 10
体力: 28.766666666666666 / 138
友情点: 0 / 459770`
_2024-06-18 04:35:19_
--------
*62c0e225a3ef4996956b0f299bc4a62c*
`登陆天数: 26天 / 663天
等级: 130
石头: 4003
呼符: 10
体力: 28.74666666666667 / 138
友情点: 0 / 412045`
_2024-06-18 04:35:27_
--------
*d7f5342037a7a823a785dbd64a88b3e0*
`登陆天数: 26天 / 664天
等级: 130
石头: 3339
呼符: 10
体力: 28.72 / 138
友情点: 0 / 423590`
_2024-06-18 04:35:35_
--------
*7acddab98e5d6e1bb0e134866c37863c*
`登陆天数: 26天 / 663天
等级: 130
石头: 4070
呼符: 152
体力: 28.696666666666673 / 138
友情点: 0 / 413405`
_2024-06-18 04:35:43_
--------
*dce381eb9407fea2f6744beafff7f243*
`登陆天数: 26天 / 663天
等级: 130
石头: 3556
呼符: 10
体力: 28.66666666666667 / 138
友情点: 0 / 413090`
_2024-06-18 04:35:51_
--------
*208f7c6cd17d052a03d63a2de15989d8*
`登陆天数: 26天 / 664天
等级: 130
石头: 643
呼符: 10
体力: 28.64 / 138
友情点: 0 / 476615`
_2024-06-18 04:36:00_
--------
*9ca6d2f2132e23f6761aec34e53b845b*
`登陆天数: 26天 / 663天
等级: 130
石头: 3194
呼符: 10
体力: 28.623333333333335 / 138
友情点: 0 / 438360`
_2024-06-18 04:36:08_
--------
*1c160346ee0ca603e7c742fd92dafce9*
`登陆天数: 26天 / 664天
等级: 130
石头: 2505
呼符: 10
体力: 28.596666666666664 / 138
友情点: 0 / 475950`
_2024-06-18 04:36:16_
--------
*c84509cfb4ad377c450bd3960a49a3c4*
`登陆天数: 26天 / 664天
等级: 130
石头: 2086
呼符: 10
体力: 28.573333333333338 / 138
友情点: 0 / 476225`
_2024-06-18 04:36:24_
--------
*52405f19031fac8559b666a148f775b3*
`登陆天数: 26天 / 663天
等级: 130
石头: 2561
呼符: 10
体力: 28.546666666666667 / 138
友情点: 0 / 470465`
_2024-06-18 04:36:32_
--------
*7518a642d74f8ba62456ff7d91fbe4c0*
`登陆天数: 26天 / 664天
等级: 130
石头: 3539
呼符: 10
体力: 28.61 / 138
友情点: 0 / 412545`
_2024-06-18 04:36:41_
--------
*369a580e4c636db740cc45cd14125989*
`登陆天数: 26天 / 664天
等级: 130
石头: 1961
呼符: 10
体力: 28.58333333333333 / 138
友情点: 0 / 477280`
_2024-06-18 04:37:15_
--------
