【登录信息】
*3d5a228f1082bc550818e18f7971fe57*
`登陆天数: 28天 / 666天
等级: 130
石头: 2271
呼符: 0
体力: 19924.056666666667 / 138
友情点: 0 / 467010`
_2024-06-20 04:28:54_
--------
*6abaffb5ee5ceaf2dd7ed98b206d749f*
`登陆天数: 28天 / 666天
等级: 130
石头: 2598
呼符: 11
体力: 29.810000000000002 / 138
友情点: 0 / 454815`
_2024-06-20 04:29:03_
--------
*f63a615d55b52038a51b0dc3bdadc06a*
`登陆天数: 28天 / 665天
等级: 130
石头: 3921
呼符: 11
体力: 29.78333333333333 / 138
友情点: 0 / 403020`
_2024-06-20 04:29:11_
--------
*0e40a25d9b7cd5711e7a2b10d87c238d*
`登陆天数: 28天 / 666天
等级: 130
石头: 3978
呼符: 11
体力: 29.75333333333333 / 138
友情点: 0 / 400065`
_2024-06-20 04:29:19_
--------
*e18b1c081f46994f811a7d72800eebb5*
`登陆天数: 28天 / 666天
等级: 130
石头: 3828
呼符: 11
体力: 29.72333333333333 / 138
友情点: 0 / 404850`
_2024-06-20 04:29:28_
--------
*d3890b0a09fce4b3116374f3a0132ada*
`登陆天数: 28天 / 666天
等级: 130
石头: 75
呼符: 11
体力: 29.693333333333328 / 138
友情点: 0 / 476570`
_2024-06-20 04:29:36_
--------
*90b0a38d5c1e9caee255c7f85b3abd13*
`登陆天数: 28天 / 666天
等级: 130
石头: 3828
呼符: 11
体力: 29.663333333333327 / 138
友情点: 0 / 410190`
_2024-06-20 04:29:44_
--------
*84a4a9cb3346931358bf9edf442d9c87*
`登陆天数: 28天 / 665天
等级: 130
石头: 3080
呼符: 11
体力: 29.64 / 138
友情点: 0 / 428720`
_2024-06-20 04:29:53_
--------
*aae09810e10318643494f04886d652d3*
`登陆天数: 28天 / 665天
等级: 130
石头: 3053
呼符: 11
体力: 29.61 / 138
友情点: 0 / 417855`
_2024-06-20 04:30:01_
--------
*2855350f3242d93bfb042a798b27bda8*
`登陆天数: 29天 / 666天
等级: 130
石头: 3787
呼符: 11
体力: 29.58333333333333 / 138
友情点: 0 / 402345`
_2024-06-20 04:30:10_
--------
*ea44e352ac37eb1bae023ef86b3b62bd*
`登陆天数: 28天 / 665天
等级: 130
石头: 3200
呼符: 11
体力: 29.556666666666672 / 138
友情点: 0 / 410290`
_2024-06-20 04:30:18_
--------
*6b40f136ba3d65a84594e41ebc56b6a3*
`登陆天数: 28天 / 666天
等级: 130
石头: 3699
呼符: 11
体力: 29.53 / 138
友情点: 0 / 404920`
_2024-06-20 04:30:26_
--------
*d1d58f7c0158360f3b797dfd119e9051*
`登陆天数: 28天 / 665天
等级: 130
石头: 3488
呼符: 11
体力: 29.50333333333333 / 138
友情点: 0 / 427775`
_2024-06-20 04:30:35_
--------
*e7b4738e053dd651b9e278fc07dabc2f*
`登陆天数: 28天 / 666天
等级: 130
石头: 3007
呼符: 11
体力: 29.47333333333333 / 138
友情点: 0 / 418770`
_2024-06-20 04:30:43_
--------
*ad2ba66ee90fff361e63ca47dfb5747d*
`登陆天数: 28天 / 666天
等级: 130
石头: 1662
呼符: 11
体力: 29.446666666666673 / 138
友情点: 0 / 476730`
_2024-06-20 04:30:51_
--------
*65250a9a990f0d7ed4990127bb0d41d7*
`登陆天数: 28天 / 665天
等级: 130
石头: 4078
呼符: 240
体力: 29.41666666666667 / 138
友情点: 0 / 400950`
_2024-06-20 04:30:59_
--------
*8b8be115d7782194e1244a833cc650a3*
`登陆天数: 28天 / 666天
等级: 130
石头: 2178
呼符: 11
体力: 29.38666666666667 / 138
友情点: 0 / 476225`
_2024-06-20 04:31:08_
--------
*f01ffcc9af352d2b15d794c0892908d6*
`登陆天数: 28天 / 666天
等级: 130
石头: 3683
呼符: 11
体力: 29.36 / 138
友情点: 0 / 409910`
_2024-06-20 04:31:16_
--------
*227f88ee49a278300463381f63f3c724*
`登陆天数: 28天 / 666天
等级: 130
石头: 3969
呼符: 11
体力: 29.33333333333333 / 138
友情点: 0 / 401865`
_2024-06-20 04:31:25_
--------
*94f3b7e552d36542e785c8e44467be89*
`登陆天数: 28天 / 666天
等级: 130
石头: 3981
呼符: 11
体力: 29.310000000000002 / 138
友情点: 0 / 400475`
_2024-06-20 04:31:33_
--------
*d8b6704358386dfe3015f85f59b64b79*
`登陆天数: 28天 / 666天
等级: 130
石头: 3920
呼符: 11
体力: 29.28 / 138
友情点: 0 / 404500`
_2024-06-20 04:31:41_
--------
*4269a16316ffc1ac21364239ba5b87fe*
`登陆天数: 28天 / 666天
等级: 130
石头: 2750
呼符: 11
体力: 29.25 / 138
友情点: 0 / 453075`
_2024-06-20 04:31:49_
--------
*c72d8558cefa89a1175654c976c0beab*
`登陆天数: 28天 / 665天
等级: 130
石头: 3560
呼符: 11
体力: 29.22333333333333 / 138
友情点: 0 / 400650`
_2024-06-20 04:31:58_
--------
*bdc8d657256a9e1fd00b040f193b38b9*
`登陆天数: 28天 / 665天
等级: 130
石头: 3768
呼符: 11
体力: 29.193333333333328 / 138
友情点: 0 / 404805`
_2024-06-20 04:32:06_
--------
*48ffd29b98fccb573baef20885d2b97e*
`登陆天数: 28天 / 665天
等级: 130
石头: 2780
呼符: 11
体力: 29.163333333333327 / 138
友情点: 0 / 460700`
_2024-06-20 04:32:14_
--------
*c83224bb597c8cba26239f94419c4589*
`登陆天数: 28天 / 665天
等级: 130
石头: 2723
呼符: 11
体力: 29.13333333333334 / 138
友情点: 0 / 442700`
_2024-06-20 04:32:23_
--------
*c04df84328839272606d25d6f9159ab2*
`登陆天数: 28天 / 665天
等级: 130
石头: 3108
呼符: 11
体力: 29.11 / 138
友情点: 0 / 446310`
_2024-06-20 04:32:31_
--------
*e40304d9e9ffbf6e25ccd578ba9e1259*
`登陆天数: 28天 / 665天
等级: 130
石头: 3109
呼符: 11
体力: 29.08333333333333 / 138
友情点: 0 / 437380`
_2024-06-20 04:32:39_
--------
*defd823107815253ee48f31d320dd260*
`登陆天数: 28天 / 666天
等级: 130
石头: 1822
呼符: 11
体力: 29.053333333333327 / 138
友情点: 0 / 478395`
_2024-06-20 04:32:48_
--------
*7ca422e311c6d57765d39683e587572b*
`登陆天数: 28天 / 666天
等级: 130
石头: 1765
呼符: 11
体力: 29.02666666666667 / 138
友情点: 0 / 476195`
_2024-06-20 04:32:56_
--------
*fe7bf40c722af72f68fc2a802e3cb54f*
`登陆天数: 28天 / 665天
等级: 130
石头: 3832
呼符: 11
体力: 29.0 / 138
友情点: 0 / 400750`
_2024-06-20 04:33:04_
--------
*67354c23977de1368fdc3b47a763f868*
`登陆天数: 28天 / 665天
等级: 130
石头: 2819
呼符: 11
体力: 28.97 / 138
友情点: 0 / 443655`
_2024-06-20 04:33:12_
--------
*688813225857caa674d793db47c94a5e*
`登陆天数: 28天 / 666天
等级: 130
石头: 3709
呼符: 11
体力: 28.939999999999998 / 138
友情点: 0 / 414235`
_2024-06-20 04:33:21_
--------
*3c5947cbb209c8d2b920f60ff7af7afc*
`登陆天数: 28天 / 665天
等级: 130
石头: 3567
呼符: 11
体力: 28.913333333333327 / 138
友情点: 0 / 402435`
_2024-06-20 04:33:29_
--------
*0b1d16a6123aa7c3005cb4f4b5b6d63c*
`登陆天数: 28天 / 666天
等级: 130
石头: 2569
呼符: 11
体力: 28.88666666666667 / 138
友情点: 0 / 465740`
_2024-06-20 04:33:37_
--------
*cb4cf2a0cb65dd6feafa50673c1f65d6*
`登陆天数: 28天 / 665天
等级: 130
石头: 4070
呼符: 82
体力: 28.86 / 138
友情点: 0 / 400435`
_2024-06-20 04:33:45_
--------
*645957db5ef305d8ad175331ff9c3d50*
`登陆天数: 28天 / 666天
等级: 130
石头: 1761
呼符: 11
体力: 28.83 / 138
友情点: 0 / 475960`
_2024-06-20 04:33:53_
--------
*8edae1fe51bdc94d09878095d23412a7*
`登陆天数: 28天 / 665天
等级: 130
石头: 3203
呼符: 11
体力: 28.803333333333327 / 138
友情点: 0 / 434445`
_2024-06-20 04:34:01_
--------
*f845edc0e0a95e38a300e03bbc2c235a*
`登陆天数: 28天 / 666天
等级: 130
石头: 2775
呼符: 11
体力: 28.77666666666667 / 138
友情点: 0 / 459770`
_2024-06-20 04:34:10_
--------
*62c0e225a3ef4996956b0f299bc4a62c*
`登陆天数: 28天 / 665天
等级: 130
石头: 4011
呼符: 11
体力: 28.75 / 138
友情点: 0 / 400045`
_2024-06-20 04:34:18_
--------
*d7f5342037a7a823a785dbd64a88b3e0*
`登陆天数: 28天 / 666天
等级: 130
石头: 3347
呼符: 11
体力: 28.71666666666667 / 138
友情点: 0 / 423590`
_2024-06-20 04:34:27_
--------
*7acddab98e5d6e1bb0e134866c37863c*
`登陆天数: 28天 / 665天
等级: 130
石头: 4078
呼符: 153
体力: 28.689999999999998 / 138
友情点: 0 / 401405`
_2024-06-20 04:34:35_
--------
*dce381eb9407fea2f6744beafff7f243*
`登陆天数: 28天 / 665天
等级: 130
石头: 3564
呼符: 11
体力: 28.659999999999997 / 138
友情点: 0 / 401090`
_2024-06-20 04:34:43_
--------
*208f7c6cd17d052a03d63a2de15989d8*
`登陆天数: 28天 / 666天
等级: 130
石头: 651
呼符: 11
体力: 28.626666666666665 / 138
友情点: 0 / 476615`
_2024-06-20 04:34:51_
--------
*9ca6d2f2132e23f6761aec34e53b845b*
`登陆天数: 28天 / 665天
等级: 130
石头: 3202
呼符: 11
体力: 28.599999999999994 / 138
友情点: 0 / 438360`
_2024-06-20 04:35:00_
--------
*1c160346ee0ca603e7c742fd92dafce9*
`登陆天数: 28天 / 666天
等级: 130
石头: 2513
呼符: 11
体力: 28.569999999999993 / 138
友情点: 0 / 475950`
_2024-06-20 04:35:08_
--------
*c84509cfb4ad377c450bd3960a49a3c4*
`登陆天数: 28天 / 666天
等级: 130
石头: 2094
呼符: 11
体力: 28.543333333333337 / 138
友情点: 0 / 476225`
_2024-06-20 04:35:17_
--------
*52405f19031fac8559b666a148f775b3*
`登陆天数: 28天 / 665天
等级: 130
石头: 2569
呼符: 11
体力: 28.519999999999996 / 138
友情点: 0 / 470465`
_2024-06-20 04:35:25_
--------
*7518a642d74f8ba62456ff7d91fbe4c0*
`登陆天数: 28天 / 666天
等级: 130
石头: 3547
呼符: 11
体力: 28.49333333333334 / 138
友情点: 0 / 408545`
_2024-06-20 04:35:33_
--------
*369a580e4c636db740cc45cd14125989*
`登陆天数: 28天 / 666天
等级: 130
石头: 1969
呼符: 11
体力: 28.46666666666667 / 138
友情点: 0 / 477280`
_2024-06-20 04:35:41_
--------
