【登录信息】
*3d5a228f1082bc550818e18f7971fe57*
`登陆天数: 29天 / 667天
等级: 130
石头: 2271
呼符: 0
体力: 20212.426666666666 / 138
友情点: 0 / 467010`
_2024-06-21 04:30:45_
--------
*6abaffb5ee5ceaf2dd7ed98b206d749f*
`登陆天数: 29天 / 667天
等级: 130
石头: 2598
呼符: 11
体力: 29.793333333333337 / 138
友情点: 0 / 456815`
_2024-06-21 04:30:53_
--------
*f63a615d55b52038a51b0dc3bdadc06a*
`登陆天数: 29天 / 666天
等级: 130
石头: 3921
呼符: 11
体力: 29.769999999999996 / 138
友情点: 0 / 405020`
_2024-06-21 04:31:02_
--------
*0e40a25d9b7cd5711e7a2b10d87c238d*
`登陆天数: 29天 / 667天
等级: 130
石头: 3978
呼符: 11
体力: 29.74333333333334 / 138
友情点: 0 / 402065`
_2024-06-21 04:31:10_
--------
*e18b1c081f46994f811a7d72800eebb5*
`登陆天数: 29天 / 667天
等级: 130
石头: 3828
呼符: 11
体力: 29.72333333333333 / 138
友情点: 0 / 406850`
_2024-06-21 04:31:18_
--------
*d3890b0a09fce4b3116374f3a0132ada*
`登陆天数: 29天 / 667天
等级: 130
石头: 75
呼符: 11
体力: 29.693333333333328 / 138
友情点: 0 / 478570`
_2024-06-21 04:31:26_
--------
*90b0a38d5c1e9caee255c7f85b3abd13*
`登陆天数: 29天 / 667天
等级: 130
石头: 3828
呼符: 11
体力: 29.67 / 138
友情点: 0 / 412190`
_2024-06-21 04:31:34_
--------
*84a4a9cb3346931358bf9edf442d9c87*
`登陆天数: 29天 / 666天
等级: 130
石头: 3080
呼符: 11
体力: 29.64666666666666 / 138
友情点: 0 / 430720`
_2024-06-21 04:31:42_
--------
*aae09810e10318643494f04886d652d3*
`登陆天数: 29天 / 666天
等级: 130
石头: 3053
呼符: 11
体力: 29.620000000000005 / 138
友情点: 0 / 419855`
_2024-06-21 04:31:50_
--------
*2855350f3242d93bfb042a798b27bda8*
`登陆天数: 30天 / 667天
等级: 130
石头: 3788
呼符: 11
体力: 29.596666666666664 / 138
友情点: 0 / 396345`
_2024-06-21 04:31:58_
--------
*ea44e352ac37eb1bae023ef86b3b62bd*
`登陆天数: 29天 / 666天
等级: 130
石头: 3200
呼符: 11
体力: 29.566666666666663 / 138
友情点: 0 / 412290`
_2024-06-21 04:32:06_
--------
*6b40f136ba3d65a84594e41ebc56b6a3*
`登陆天数: 29天 / 667天
等级: 130
石头: 3699
呼符: 11
体力: 29.540000000000006 / 138
友情点: 0 / 406920`
_2024-06-21 04:32:14_
--------
*d1d58f7c0158360f3b797dfd119e9051*
`登陆天数: 29天 / 666天
等级: 130
石头: 3488
呼符: 11
体力: 29.516666666666666 / 138
友情点: 0 / 429775`
_2024-06-21 04:32:22_
--------
*e7b4738e053dd651b9e278fc07dabc2f*
`登陆天数: 29天 / 667天
等级: 130
石头: 3007
呼符: 11
体力: 29.49333333333334 / 138
友情点: 0 / 420770`
_2024-06-21 04:32:30_
--------
*ad2ba66ee90fff361e63ca47dfb5747d*
`登陆天数: 29天 / 667天
等级: 130
石头: 1662
呼符: 11
体力: 29.47 / 138
友情点: 0 / 478730`
_2024-06-21 04:32:38_
--------
*65250a9a990f0d7ed4990127bb0d41d7*
`登陆天数: 29天 / 666天
等级: 130
石头: 4078
呼符: 240
体力: 29.446666666666673 / 138
友情点: 0 / 396950`
_2024-06-21 04:32:47_
--------
*8b8be115d7782194e1244a833cc650a3*
`登陆天数: 29天 / 667天
等级: 130
石头: 2178
呼符: 11
体力: 29.423333333333332 / 138
友情点: 0 / 478225`
_2024-06-21 04:32:55_
--------
*f01ffcc9af352d2b15d794c0892908d6*
`登陆天数: 29天 / 667天
等级: 130
石头: 3683
呼符: 11
体力: 29.39666666666666 / 138
友情点: 0 / 411910`
_2024-06-21 04:33:03_
--------
*227f88ee49a278300463381f63f3c724*
`登陆天数: 29天 / 667天
等级: 130
石头: 3969
呼符: 11
体力: 29.373333333333335 / 138
友情点: 0 / 401865`
_2024-06-21 04:33:11_
--------
*94f3b7e552d36542e785c8e44467be89*
`登陆天数: 29天 / 667天
等级: 130
石头: 3981
呼符: 11
体力: 29.346666666666664 / 138
友情点: 0 / 396475`
_2024-06-21 04:33:19_
--------
*d8b6704358386dfe3015f85f59b64b79*
`登陆天数: 29天 / 667天
等级: 130
石头: 3920
呼符: 11
体力: 29.319999999999993 / 138
友情点: 0 / 406500`
_2024-06-21 04:33:27_
--------
*4269a16316ffc1ac21364239ba5b87fe*
`登陆天数: 29天 / 667天
等级: 130
石头: 2750
呼符: 11
体力: 29.296666666666667 / 138
友情点: 0 / 455075`
_2024-06-21 04:33:35_
--------
*c72d8558cefa89a1175654c976c0beab*
`登陆天数: 29天 / 666天
等级: 130
石头: 3560
呼符: 11
体力: 29.269999999999996 / 138
友情点: 0 / 400650`
_2024-06-21 04:33:43_
--------
*bdc8d657256a9e1fd00b040f193b38b9*
`登陆天数: 29天 / 666天
等级: 130
石头: 3768
呼符: 11
体力: 29.25 / 138
友情点: 0 / 406805`
_2024-06-21 04:33:51_
--------
*48ffd29b98fccb573baef20885d2b97e*
`登陆天数: 29天 / 666天
等级: 130
石头: 2780
呼符: 11
体力: 29.22333333333333 / 138
友情点: 0 / 462700`
_2024-06-21 04:33:59_
--------
*c83224bb597c8cba26239f94419c4589*
`登陆天数: 29天 / 666天
等级: 130
石头: 2723
呼符: 11
体力: 29.200000000000003 / 138
友情点: 0 / 444700`
_2024-06-21 04:34:07_
--------
*c04df84328839272606d25d6f9159ab2*
`登陆天数: 29天 / 666天
等级: 130
石头: 3108
呼符: 11
体力: 29.173333333333332 / 138
友情点: 0 / 448310`
_2024-06-21 04:34:16_
--------
*e40304d9e9ffbf6e25ccd578ba9e1259*
`登陆天数: 29天 / 666天
等级: 130
石头: 3109
呼符: 11
体力: 29.150000000000006 / 138
友情点: 0 / 439380`
_2024-06-21 04:34:24_
--------
*defd823107815253ee48f31d320dd260*
`登陆天数: 29天 / 667天
等级: 130
石头: 1822
呼符: 11
体力: 29.123333333333335 / 138
友情点: 0 / 480395`
_2024-06-21 04:34:31_
--------
*7ca422e311c6d57765d39683e587572b*
`登陆天数: 29天 / 667天
等级: 130
石头: 1765
呼符: 11
体力: 29.096666666666664 / 138
友情点: 0 / 478195`
_2024-06-21 04:34:39_
--------
*fe7bf40c722af72f68fc2a802e3cb54f*
`登陆天数: 29天 / 666天
等级: 130
石头: 3832
呼符: 11
体力: 29.069999999999993 / 138
友情点: 0 / 400750`
_2024-06-21 04:34:47_
--------
*67354c23977de1368fdc3b47a763f868*
`登陆天数: 29天 / 666天
等级: 130
石头: 2819
呼符: 11
体力: 29.046666666666667 / 138
友情点: 0 / 445655`
_2024-06-21 04:34:55_
--------
*688813225857caa674d793db47c94a5e*
`登陆天数: 29天 / 667天
等级: 130
石头: 3709
呼符: 11
体力: 29.019999999999996 / 138
友情点: 0 / 416235`
_2024-06-21 04:35:03_
--------
*3c5947cbb209c8d2b920f60ff7af7afc*
`登陆天数: 29天 / 666天
等级: 130
石头: 3567
呼符: 11
体力: 28.99666666666667 / 138
友情点: 0 / 404435`
_2024-06-21 04:35:11_
--------
*0b1d16a6123aa7c3005cb4f4b5b6d63c*
`登陆天数: 29天 / 667天
等级: 130
石头: 2569
呼符: 11
体力: 28.97333333333333 / 138
友情点: 0 / 467740`
_2024-06-21 04:35:18_
--------
*cb4cf2a0cb65dd6feafa50673c1f65d6*
`登陆天数: 29天 / 666天
等级: 130
石头: 4070
呼符: 82
体力: 28.946666666666673 / 138
友情点: 0 / 396435`
_2024-06-21 04:35:26_
--------
*645957db5ef305d8ad175331ff9c3d50*
`登陆天数: 29天 / 667天
等级: 130
石头: 1761
呼符: 11
体力: 28.92 / 138
友情点: 0 / 477960`
_2024-06-21 04:35:34_
--------
*8edae1fe51bdc94d09878095d23412a7*
`登陆天数: 29天 / 666天
等级: 130
石头: 3203
呼符: 11
体力: 28.89666666666666 / 138
友情点: 0 / 436445`
_2024-06-21 04:35:42_
--------
*f845edc0e0a95e38a300e03bbc2c235a*
`登陆天数: 29天 / 667天
等级: 130
石头: 2775
呼符: 11
体力: 28.870000000000005 / 138
友情点: 0 / 461770`
_2024-06-21 04:35:50_
--------
*62c0e225a3ef4996956b0f299bc4a62c*
`登陆天数: 29天 / 666天
等级: 130
石头: 4011
呼符: 11
体力: 28.846666666666664 / 138
友情点: 0 / 396045`
_2024-06-21 04:35:58_
--------
*d7f5342037a7a823a785dbd64a88b3e0*
`登陆天数: 29天 / 667天
等级: 130
石头: 3347
呼符: 11
体力: 28.819999999999993 / 138
友情点: 0 / 425590`
_2024-06-21 04:36:06_
--------
*7acddab98e5d6e1bb0e134866c37863c*
`登陆天数: 29天 / 666天
等级: 130
石头: 4078
呼符: 153
体力: 28.796666666666667 / 138
友情点: 0 / 397405`
_2024-06-21 04:36:14_
--------
*dce381eb9407fea2f6744beafff7f243*
`登陆天数: 29天 / 666天
等级: 130
石头: 3564
呼符: 11
体力: 28.769999999999996 / 138
友情点: 0 / 397090`
_2024-06-21 04:36:22_
--------
*208f7c6cd17d052a03d63a2de15989d8*
`登陆天数: 29天 / 667天
等级: 130
石头: 651
呼符: 11
体力: 28.74333333333334 / 138
友情点: 0 / 478615`
_2024-06-21 04:36:30_
--------
*9ca6d2f2132e23f6761aec34e53b845b*
`登陆天数: 29天 / 666天
等级: 130
石头: 3202
呼符: 11
体力: 28.72 / 138
友情点: 0 / 440360`
_2024-06-21 04:36:38_
--------
*1c160346ee0ca603e7c742fd92dafce9*
`登陆天数: 29天 / 667天
等级: 130
石头: 2513
呼符: 11
体力: 28.693333333333328 / 138
友情点: 0 / 477950`
_2024-06-21 04:36:46_
--------
*c84509cfb4ad377c450bd3960a49a3c4*
`登陆天数: 29天 / 667天
等级: 130
石头: 2094
呼符: 11
体力: 28.67 / 138
友情点: 0 / 478225`
_2024-06-21 04:36:54_
--------
*52405f19031fac8559b666a148f775b3*
`登陆天数: 29天 / 666天
等级: 130
石头: 2569
呼符: 11
体力: 28.64666666666666 / 138
友情点: 0 / 472465`
_2024-06-21 04:37:03_
--------
*7518a642d74f8ba62456ff7d91fbe4c0*
`登陆天数: 29天 / 667天
等级: 130
石头: 3547
呼符: 11
体力: 28.623333333333335 / 138
友情点: 0 / 410545`
_2024-06-21 04:37:11_
--------
*369a580e4c636db740cc45cd14125989*
`登陆天数: 29天 / 667天
等级: 130
石头: 1969
呼符: 11
体力: 28.596666666666664 / 138
友情点: 0 / 479280`
_2024-06-21 04:37:19_
--------
