【登录信息】
*3d5a228f1082bc550818e18f7971fe57*
`登陆天数: 29天 / 667天
等级: 130
石头: 2271
呼符: 0
体力: 20367.56333333333 / 138
友情点: 0 / 467010`
_2024-06-21 17:26:26_
--------
*6abaffb5ee5ceaf2dd7ed98b206d749f*
`登陆天数: 29天 / 667天
等级: 130
石头: 2598
呼符: 12
体力: 64.27666666666667 / 138
友情点: 0 / 456815`
_2024-06-21 17:26:34_
--------
*f63a615d55b52038a51b0dc3bdadc06a*
`登陆天数: 29天 / 666天
等级: 130
石头: 3921
呼符: 12
体力: 64.24333333333334 / 138
友情点: 0 / 405020`
_2024-06-21 17:26:43_
--------
*0e40a25d9b7cd5711e7a2b10d87c238d*
`登陆天数: 29天 / 667天
等级: 130
石头: 3978
呼符: 12
体力: 64.21666666666667 / 138
友情点: 0 / 402065`
_2024-06-21 17:26:51_
--------
*e18b1c081f46994f811a7d72800eebb5*
`登陆天数: 29天 / 667天
等级: 130
石头: 3828
呼符: 12
体力: 64.19 / 138
友情点: 0 / 406850`
_2024-06-21 17:27:00_
--------
*d3890b0a09fce4b3116374f3a0132ada*
`登陆天数: 29天 / 667天
等级: 130
石头: 75
呼符: 12
体力: 64.16333333333333 / 138
友情点: 0 / 478570`
_2024-06-21 17:27:09_
--------
*90b0a38d5c1e9caee255c7f85b3abd13*
`登陆天数: 29天 / 667天
等级: 130
石头: 3828
呼符: 12
体力: 64.13666666666667 / 138
友情点: 0 / 412190`
_2024-06-21 17:27:18_
--------
*84a4a9cb3346931358bf9edf442d9c87*
`登陆天数: 29天 / 666天
等级: 130
石头: 3080
呼符: 12
体力: 64.11 / 138
友情点: 0 / 430720`
_2024-06-21 17:27:27_
--------
*aae09810e10318643494f04886d652d3*
`登陆天数: 29天 / 666天
等级: 130
石头: 3053
呼符: 12
体力: 64.08666666666667 / 138
友情点: 0 / 419855`
_2024-06-21 17:27:36_
--------
*2855350f3242d93bfb042a798b27bda8*
`登陆天数: 30天 / 667天
等级: 130
石头: 3788
呼符: 12
体力: 64.05666666666667 / 138
友情点: 0 / 394345`
_2024-06-21 17:27:45_
--------
*ea44e352ac37eb1bae023ef86b3b62bd*
`登陆天数: 29天 / 666天
等级: 130
石头: 3200
呼符: 12
体力: 64.03 / 138
友情点: 0 / 412290`
_2024-06-21 17:27:54_
--------
*6b40f136ba3d65a84594e41ebc56b6a3*
`登陆天数: 29天 / 667天
等级: 130
石头: 3699
呼符: 12
体力: 64.0 / 138
友情点: 0 / 406920`
_2024-06-21 17:28:02_
--------
*d1d58f7c0158360f3b797dfd119e9051*
`登陆天数: 29天 / 666天
等级: 130
石头: 3488
呼符: 12
体力: 63.97333333333333 / 138
友情点: 0 / 429775`
_2024-06-21 17:28:11_
--------
*e7b4738e053dd651b9e278fc07dabc2f*
`登陆天数: 29天 / 667天
等级: 130
石头: 3007
呼符: 12
体力: 63.94333333333333 / 138
友情点: 0 / 420770`
_2024-06-21 17:28:20_
--------
*ad2ba66ee90fff361e63ca47dfb5747d*
`登陆天数: 29天 / 667天
等级: 130
石头: 1662
呼符: 12
体力: 63.91666666666667 / 138
友情点: 0 / 478730`
_2024-06-21 17:28:29_
--------
*65250a9a990f0d7ed4990127bb0d41d7*
`登陆天数: 29天 / 666天
等级: 130
石头: 4078
呼符: 241
体力: 63.89333333333333 / 138
友情点: 0 / 394950`
_2024-06-21 17:28:38_
--------
*8b8be115d7782194e1244a833cc650a3*
`登陆天数: 29天 / 667天
等级: 130
石头: 2178
呼符: 12
体力: 63.86333333333333 / 138
友情点: 0 / 478225`
_2024-06-21 17:28:46_
--------
*f01ffcc9af352d2b15d794c0892908d6*
`登陆天数: 29天 / 667天
等级: 130
石头: 3683
呼符: 12
体力: 63.84 / 138
友情点: 0 / 411910`
_2024-06-21 17:28:54_
--------
*227f88ee49a278300463381f63f3c724*
`登陆天数: 29天 / 667天
等级: 130
石头: 3969
呼符: 12
体力: 63.81 / 138
友情点: 0 / 401865`
_2024-06-21 17:29:03_
--------
*94f3b7e552d36542e785c8e44467be89*
`登陆天数: 29天 / 667天
等级: 130
石头: 3981
呼符: 12
体力: 63.78333333333333 / 138
友情点: 0 / 394475`
_2024-06-21 17:29:12_
--------
*d8b6704358386dfe3015f85f59b64b79*
`登陆天数: 29天 / 667天
等级: 130
石头: 3920
呼符: 12
体力: 63.75333333333333 / 138
友情点: 0 / 406500`
_2024-06-21 17:29:21_
--------
*4269a16316ffc1ac21364239ba5b87fe*
`登陆天数: 29天 / 667天
等级: 130
石头: 2750
呼符: 12
体力: 63.72333333333333 / 138
友情点: 0 / 455075`
_2024-06-21 17:29:30_
--------
*c72d8558cefa89a1175654c976c0beab*
`登陆天数: 29天 / 666天
等级: 130
石头: 3560
呼符: 12
体力: 63.67666666666666 / 138
友情点: 0 / 400650`
_2024-06-21 17:29:38_
--------
*bdc8d657256a9e1fd00b040f193b38b9*
`登陆天数: 29天 / 666天
等级: 130
石头: 3768
呼符: 12
体力: 63.650000000000006 / 138
友情点: 0 / 406805`
_2024-06-21 17:29:46_
--------
*48ffd29b98fccb573baef20885d2b97e*
`登陆天数: 29天 / 666天
等级: 130
石头: 2780
呼符: 12
体力: 63.623333333333335 / 138
友情点: 0 / 462700`
_2024-06-21 17:29:55_
--------
*c83224bb597c8cba26239f94419c4589*
`登陆天数: 29天 / 666天
等级: 130
石头: 2723
呼符: 12
体力: 63.596666666666664 / 138
友情点: 0 / 444700`
_2024-06-21 17:30:03_
--------
*c04df84328839272606d25d6f9159ab2*
`登陆天数: 29天 / 666天
等级: 130
石头: 3108
呼符: 12
体力: 63.56999999999999 / 138
友情点: 0 / 448310`
_2024-06-21 17:30:12_
--------
*e40304d9e9ffbf6e25ccd578ba9e1259*
`登陆天数: 29天 / 666天
等级: 130
石头: 3109
呼符: 12
体力: 63.54666666666667 / 138
友情点: 0 / 439380`
_2024-06-21 17:30:20_
--------
*defd823107815253ee48f31d320dd260*
`登陆天数: 29天 / 667天
等级: 130
石头: 1822
呼符: 12
体力: 63.519999999999996 / 138
友情点: 0 / 480395`
_2024-06-21 17:30:29_
--------
*7ca422e311c6d57765d39683e587572b*
`登陆天数: 29天 / 667天
等级: 130
石头: 1765
呼符: 12
体力: 63.489999999999995 / 138
友情点: 0 / 478195`
_2024-06-21 17:30:37_
--------
*fe7bf40c722af72f68fc2a802e3cb54f*
`登陆天数: 29天 / 666天
等级: 130
石头: 3832
呼符: 12
体力: 63.47 / 138
友情点: 0 / 400750`
_2024-06-21 17:30:48_
--------
*67354c23977de1368fdc3b47a763f868*
`登陆天数: 29天 / 666天
等级: 130
石头: 2819
呼符: 12
体力: 63.44333333333333 / 138
友情点: 0 / 445655`
_2024-06-21 17:30:56_
--------
*688813225857caa674d793db47c94a5e*
`登陆天数: 29天 / 667天
等级: 130
石头: 3709
呼符: 12
体力: 63.41666666666667 / 138
友情点: 0 / 416235`
_2024-06-21 17:31:05_
--------
*3c5947cbb209c8d2b920f60ff7af7afc*
`登陆天数: 29天 / 666天
等级: 130
石头: 3567
呼符: 12
体力: 63.39 / 138
友情点: 0 / 404435`
_2024-06-21 17:31:13_
--------
*0b1d16a6123aa7c3005cb4f4b5b6d63c*
`登陆天数: 29天 / 667天
等级: 130
石头: 2569
呼符: 12
体力: 63.36333333333333 / 138
友情点: 0 / 467740`
_2024-06-21 17:31:22_
--------
*cb4cf2a0cb65dd6feafa50673c1f65d6*
`登陆天数: 29天 / 666天
等级: 130
石头: 4070
呼符: 83
体力: 63.34 / 138
友情点: 0 / 394435`
_2024-06-21 17:31:31_
--------
*645957db5ef305d8ad175331ff9c3d50*
`登陆天数: 29天 / 667天
等级: 130
石头: 1761
呼符: 12
体力: 63.31333333333333 / 138
友情点: 0 / 477960`
_2024-06-21 17:31:40_
--------
*8edae1fe51bdc94d09878095d23412a7*
`登陆天数: 29天 / 666天
等级: 130
石头: 3203
呼符: 12
体力: 63.28666666666666 / 138
友情点: 0 / 436445`
_2024-06-21 17:31:48_
--------
*f845edc0e0a95e38a300e03bbc2c235a*
`登陆天数: 29天 / 667天
等级: 130
石头: 2775
呼符: 12
体力: 63.263333333333335 / 138
友情点: 0 / 461770`
_2024-06-21 17:31:57_
--------
*62c0e225a3ef4996956b0f299bc4a62c*
`登陆天数: 29天 / 666天
等级: 130
石头: 4011
呼符: 12
体力: 63.236666666666665 / 138
友情点: 0 / 394045`
_2024-06-21 17:32:06_
--------
*d7f5342037a7a823a785dbd64a88b3e0*
`登陆天数: 29天 / 667天
等级: 130
石头: 3347
呼符: 12
体力: 63.209999999999994 / 138
友情点: 0 / 425590`
_2024-06-21 17:32:15_
--------
*7acddab98e5d6e1bb0e134866c37863c*
`登陆天数: 29天 / 666天
等级: 130
石头: 4078
呼符: 154
体力: 63.2 / 138
友情点: 0 / 395405`
_2024-06-21 17:32:30_
--------
*dce381eb9407fea2f6744beafff7f243*
`登陆天数: 29天 / 666天
等级: 130
石头: 3564
呼符: 12
体力: 63.17333333333333 / 138
友情点: 0 / 395090`
_2024-06-21 17:32:39_
--------
*208f7c6cd17d052a03d63a2de15989d8*
`登陆天数: 29天 / 667天
等级: 130
石头: 651
呼符: 12
体力: 63.150000000000006 / 138
友情点: 0 / 478615`
_2024-06-21 17:32:48_
--------
*9ca6d2f2132e23f6761aec34e53b845b*
`登陆天数: 29天 / 666天
等级: 130
石头: 3202
呼符: 12
体力: 63.126666666666665 / 138
友情点: 0 / 440360`
_2024-06-21 17:32:57_
--------
*1c160346ee0ca603e7c742fd92dafce9*
`登陆天数: 29天 / 667天
等级: 130
石头: 2513
呼符: 12
体力: 63.099999999999994 / 138
友情点: 0 / 477950`
_2024-06-21 17:33:06_
--------
*c84509cfb4ad377c450bd3960a49a3c4*
`登陆天数: 29天 / 667天
等级: 130
石头: 2094
呼符: 12
体力: 63.06999999999999 / 138
友情点: 0 / 478225`
_2024-06-21 17:33:14_
--------
*52405f19031fac8559b666a148f775b3*
`登陆天数: 29天 / 666天
等级: 130
石头: 2569
呼符: 12
体力: 63.04666666666667 / 138
友情点: 0 / 472465`
_2024-06-21 17:33:23_
--------
*7518a642d74f8ba62456ff7d91fbe4c0*
`登陆天数: 29天 / 667天
等级: 130
石头: 3547
呼符: 12
体力: 63.04333333333334 / 138
友情点: 0 / 410545`
_2024-06-21 17:33:37_
--------
*369a580e4c636db740cc45cd14125989*
`登陆天数: 29天 / 667天
等级: 130
石头: 1969
呼符: 12
体力: 63.016666666666666 / 138
友情点: 0 / 479280`
_2024-06-21 17:33:48_
--------
