【登录信息】
*3d5a228f1082bc550818e18f7971fe57*
`登陆天数: 31天 / 669天
等级: 130
石头: 2271
呼符: 0
体力: 20788.163333333334 / 138
友情点: 0 / 467010`
_2024-06-23 04:29:26_
--------
*6abaffb5ee5ceaf2dd7ed98b206d749f*
`登陆天数: 31天 / 669天
等级: 130
石头: 2600
呼符: 12
体力: 30.176666666666662 / 138
友情点: 0 / 456815`
_2024-06-23 04:29:34_
--------
*f63a615d55b52038a51b0dc3bdadc06a*
`登陆天数: 31天 / 668天
等级: 130
石头: 3923
呼符: 12
体力: 30.150000000000006 / 138
友情点: 0 / 405020`
_2024-06-23 04:29:42_
--------
*0e40a25d9b7cd5711e7a2b10d87c238d*
`登陆天数: 31天 / 669天
等级: 130
石头: 3980
呼符: 12
体力: 30.123333333333335 / 138
友情点: 0 / 402065`
_2024-06-23 04:29:50_
--------
*e18b1c081f46994f811a7d72800eebb5*
`登陆天数: 31天 / 669天
等级: 130
石头: 3830
呼符: 12
体力: 30.096666666666664 / 138
友情点: 0 / 406850`
_2024-06-23 04:29:58_
--------
*d3890b0a09fce4b3116374f3a0132ada*
`登陆天数: 31天 / 669天
等级: 130
石头: 77
呼符: 12
体力: 30.073333333333338 / 138
友情点: 0 / 478570`
_2024-06-23 04:30:06_
--------
*90b0a38d5c1e9caee255c7f85b3abd13*
`登陆天数: 31天 / 669天
等级: 130
石头: 3830
呼符: 12
体力: 30.046666666666667 / 138
友情点: 0 / 412190`
_2024-06-23 04:30:13_
--------
*84a4a9cb3346931358bf9edf442d9c87*
`登陆天数: 31天 / 668天
等级: 130
石头: 3082
呼符: 12
体力: 30.019999999999996 / 138
友情点: 0 / 430720`
_2024-06-23 04:30:21_
--------
*aae09810e10318643494f04886d652d3*
`登陆天数: 31天 / 668天
等级: 130
石头: 3055
呼符: 12
体力: 29.99666666666667 / 138
友情点: 0 / 419855`
_2024-06-23 04:30:29_
--------
*2855350f3242d93bfb042a798b27bda8*
`登陆天数: 32天 / 669天
等级: 130
石头: 3790
呼符: 12
体力: 29.97 / 138
友情点: 0 / 392345`
_2024-06-23 04:30:37_
--------
*ea44e352ac37eb1bae023ef86b3b62bd*
`登陆天数: 31天 / 668天
等级: 130
石头: 3202
呼符: 12
体力: 29.946666666666673 / 138
友情点: 0 / 412290`
_2024-06-23 04:30:45_
--------
*6b40f136ba3d65a84594e41ebc56b6a3*
`登陆天数: 31天 / 669天
等级: 130
石头: 3701
呼符: 12
体力: 29.92 / 138
友情点: 0 / 406920`
_2024-06-23 04:30:53_
--------
*d1d58f7c0158360f3b797dfd119e9051*
`登陆天数: 31天 / 668天
等级: 130
石头: 3490
呼符: 12
体力: 29.89 / 138
友情点: 0 / 429775`
_2024-06-23 04:31:01_
--------
*e7b4738e053dd651b9e278fc07dabc2f*
`登陆天数: 31天 / 669天
等级: 130
石头: 3009
呼符: 12
体力: 29.86333333333333 / 138
友情点: 0 / 420770`
_2024-06-23 04:31:09_
--------
*ad2ba66ee90fff361e63ca47dfb5747d*
`登陆天数: 31天 / 669天
等级: 130
石头: 1664
呼符: 12
体力: 29.840000000000003 / 138
友情点: 0 / 478730`
_2024-06-23 04:31:16_
--------
*65250a9a990f0d7ed4990127bb0d41d7*
`登陆天数: 31天 / 668天
等级: 130
石头: 4080
呼符: 241
体力: 29.813333333333333 / 138
友情点: 0 / 384950`
_2024-06-23 04:31:24_
--------
*8b8be115d7782194e1244a833cc650a3*
`登陆天数: 31天 / 669天
等级: 130
石头: 2180
呼符: 12
体力: 29.78666666666666 / 138
友情点: 0 / 478225`
_2024-06-23 04:31:32_
--------
*f01ffcc9af352d2b15d794c0892908d6*
`登陆天数: 31天 / 669天
等级: 130
石头: 3685
呼符: 12
体力: 29.75666666666666 / 138
友情点: 0 / 411910`
_2024-06-23 04:31:40_
--------
*227f88ee49a278300463381f63f3c724*
`登陆天数: 31天 / 669天
等级: 130
石头: 3971
呼符: 12
体力: 29.733333333333334 / 138
友情点: 0 / 401865`
_2024-06-23 04:31:48_
--------
*94f3b7e552d36542e785c8e44467be89*
`登陆天数: 31天 / 669天
等级: 130
石头: 3983
呼符: 12
体力: 29.709999999999994 / 138
友情点: 0 / 394475`
_2024-06-23 04:31:55_
--------
*d8b6704358386dfe3015f85f59b64b79*
`登陆天数: 31天 / 669天
等级: 130
石头: 3922
呼符: 12
体力: 29.686666666666667 / 138
友情点: 0 / 406500`
_2024-06-23 04:32:03_
--------
*4269a16316ffc1ac21364239ba5b87fe*
`登陆天数: 31天 / 669天
等级: 130
石头: 2752
呼符: 12
体力: 29.656666666666666 / 138
友情点: 0 / 455075`
_2024-06-23 04:32:11_
--------
*c72d8558cefa89a1175654c976c0beab*
`登陆天数: 31天 / 668天
等级: 130
石头: 3562
呼符: 12
体力: 29.63333333333334 / 138
友情点: 0 / 400650`
_2024-06-23 04:32:19_
--------
*bdc8d657256a9e1fd00b040f193b38b9*
`登陆天数: 31天 / 668天
等级: 130
石头: 3770
呼符: 12
体力: 29.61 / 138
友情点: 0 / 406805`
_2024-06-23 04:32:26_
--------
*48ffd29b98fccb573baef20885d2b97e*
`登陆天数: 31天 / 668天
等级: 130
石头: 2782
呼符: 12
体力: 29.58333333333333 / 138
友情点: 0 / 462700`
_2024-06-23 04:32:34_
--------
*c83224bb597c8cba26239f94419c4589*
`登陆天数: 31天 / 668天
等级: 130
石头: 2725
呼符: 12
体力: 29.556666666666672 / 138
友情点: 0 / 444700`
_2024-06-23 04:32:42_
--------
*c04df84328839272606d25d6f9159ab2*
`登陆天数: 31天 / 668天
等级: 130
石头: 3110
呼符: 12
体力: 29.53333333333333 / 138
友情点: 0 / 448310`
_2024-06-23 04:32:50_
--------
*e40304d9e9ffbf6e25ccd578ba9e1259*
`登陆天数: 31天 / 668天
等级: 130
石头: 3111
呼符: 12
体力: 29.50666666666666 / 138
友情点: 0 / 439380`
_2024-06-23 04:32:57_
--------
*defd823107815253ee48f31d320dd260*
`登陆天数: 31天 / 669天
等级: 130
石头: 1824
呼符: 12
体力: 29.483333333333334 / 138
友情点: 0 / 480395`
_2024-06-23 04:33:05_
--------
*7ca422e311c6d57765d39683e587572b*
`登陆天数: 31天 / 669天
等级: 130
石头: 1767
呼符: 12
体力: 29.456666666666663 / 138
友情点: 0 / 478195`
_2024-06-23 04:33:13_
--------
*fe7bf40c722af72f68fc2a802e3cb54f*
`登陆天数: 31天 / 668天
等级: 130
石头: 3834
呼符: 12
体力: 29.433333333333337 / 138
友情点: 0 / 400750`
_2024-06-23 04:33:21_
--------
*67354c23977de1368fdc3b47a763f868*
`登陆天数: 31天 / 668天
等级: 130
石头: 2821
呼符: 12
体力: 29.406666666666666 / 138
友情点: 0 / 445655`
_2024-06-23 04:33:29_
--------
*688813225857caa674d793db47c94a5e*
`登陆天数: 31天 / 669天
等级: 130
石头: 3711
呼符: 12
体力: 29.38333333333334 / 138
友情点: 0 / 416235`
_2024-06-23 04:33:37_
--------
*3c5947cbb209c8d2b920f60ff7af7afc*
`登陆天数: 31天 / 668天
等级: 130
石头: 3569
呼符: 12
体力: 29.35666666666667 / 138
友情点: 0 / 404435`
_2024-06-23 04:33:45_
--------
*0b1d16a6123aa7c3005cb4f4b5b6d63c*
`登陆天数: 31天 / 669天
等级: 130
石头: 2571
呼符: 12
体力: 29.33333333333333 / 138
友情点: 0 / 467740`
_2024-06-23 04:33:53_
--------
*cb4cf2a0cb65dd6feafa50673c1f65d6*
`登陆天数: 31天 / 668天
等级: 130
石头: 4072
呼符: 83
体力: 29.306666666666672 / 138
友情点: 0 / 384435`
_2024-06-23 04:34:00_
--------
*645957db5ef305d8ad175331ff9c3d50*
`登陆天数: 31天 / 669天
等级: 130
石头: 1763
呼符: 12
体力: 29.28 / 138
友情点: 0 / 477960`
_2024-06-23 04:34:08_
--------
*8edae1fe51bdc94d09878095d23412a7*
`登陆天数: 31天 / 668天
等级: 130
石头: 3205
呼符: 12
体力: 29.25333333333333 / 138
友情点: 0 / 436445`
_2024-06-23 04:34:16_
--------
*f845edc0e0a95e38a300e03bbc2c235a*
`登陆天数: 31天 / 669天
等级: 130
石头: 2777
呼符: 12
体力: 29.230000000000004 / 138
友情点: 0 / 461770`
_2024-06-23 04:34:24_
--------
*62c0e225a3ef4996956b0f299bc4a62c*
`登陆天数: 31天 / 668天
等级: 130
石头: 4013
呼符: 12
体力: 29.206666666666663 / 138
友情点: 0 / 384045`
_2024-06-23 04:34:32_
--------
*d7f5342037a7a823a785dbd64a88b3e0*
`登陆天数: 31天 / 669天
等级: 130
石头: 3349
呼符: 12
体力: 29.176666666666662 / 138
友情点: 0 / 425590`
_2024-06-23 04:34:39_
--------
*7acddab98e5d6e1bb0e134866c37863c*
`登陆天数: 31天 / 668天
等级: 130
石头: 4080
呼符: 154
体力: 29.153333333333336 / 138
友情点: 0 / 385405`
_2024-06-23 04:34:47_
--------
*dce381eb9407fea2f6744beafff7f243*
`登陆天数: 31天 / 668天
等级: 130
石头: 3566
呼符: 12
体力: 29.123333333333335 / 138
友情点: 0 / 395090`
_2024-06-23 04:34:55_
--------
*208f7c6cd17d052a03d63a2de15989d8*
`登陆天数: 31天 / 669天
等级: 130
石头: 653
呼符: 12
体力: 29.096666666666664 / 138
友情点: 0 / 478615`
_2024-06-23 04:35:03_
--------
*9ca6d2f2132e23f6761aec34e53b845b*
`登陆天数: 31天 / 668天
等级: 130
石头: 3204
呼符: 12
体力: 29.073333333333338 / 138
友情点: 0 / 440360`
_2024-06-23 04:35:10_
--------
*1c160346ee0ca603e7c742fd92dafce9*
`登陆天数: 31天 / 669天
等级: 130
石头: 2515
呼符: 12
体力: 29.049999999999997 / 138
友情点: 0 / 477950`
_2024-06-23 04:35:18_
--------
*c84509cfb4ad377c450bd3960a49a3c4*
`登陆天数: 31天 / 669天
等级: 130
石头: 2096
呼符: 12
体力: 29.023333333333326 / 138
友情点: 0 / 478225`
_2024-06-23 04:35:26_
--------
*52405f19031fac8559b666a148f775b3*
`登陆天数: 31天 / 668天
等级: 130
石头: 2571
呼符: 12
体力: 28.99666666666667 / 138
友情点: 0 / 472465`
_2024-06-23 04:35:34_
--------
*7518a642d74f8ba62456ff7d91fbe4c0*
`登陆天数: 31天 / 669天
等级: 130
石头: 3549
呼符: 12
体力: 28.97333333333333 / 138
友情点: 0 / 410545`
_2024-06-23 04:35:42_
--------
*369a580e4c636db740cc45cd14125989*
`登陆天数: 31天 / 669天
等级: 130
石头: 1971
呼符: 12
体力: 28.946666666666673 / 138
友情点: 0 / 479280`
_2024-06-23 04:35:49_
--------
