【登录信息】
*3d5a228f1082bc550818e18f7971fe57*
`登陆天数: 32天 / 670天
等级: 130
石头: 2271
呼符: 0
体力: 21076.376666666667 / 138
友情点: 0 / 467010`
_2024-06-24 04:30:30_
--------
*6abaffb5ee5ceaf2dd7ed98b206d749f*
`登陆天数: 32天 / 670天
等级: 130
石头: 2601
呼符: 12
体力: 30.129999999999995 / 138
友情点: 0 / 456815`
_2024-06-24 04:30:38_
--------
*f63a615d55b52038a51b0dc3bdadc06a*
`登陆天数: 32天 / 669天
等级: 130
石头: 3924
呼符: 12
体力: 30.099999999999994 / 138
友情点: 0 / 405020`
_2024-06-24 04:30:46_
--------
*0e40a25d9b7cd5711e7a2b10d87c238d*
`登陆天数: 32天 / 670天
等级: 130
石头: 3981
呼符: 12
体力: 30.073333333333338 / 138
友情点: 0 / 402065`
_2024-06-24 04:30:54_
--------
*e18b1c081f46994f811a7d72800eebb5*
`登陆天数: 32天 / 670天
等级: 130
石头: 3831
呼符: 12
体力: 30.043333333333337 / 138
友情点: 0 / 406850`
_2024-06-24 04:31:02_
--------
*d3890b0a09fce4b3116374f3a0132ada*
`登陆天数: 32天 / 670天
等级: 130
石头: 78
呼符: 12
体力: 30.010000000000005 / 138
友情点: 0 / 478570`
_2024-06-24 04:31:10_
--------
*90b0a38d5c1e9caee255c7f85b3abd13*
`登陆天数: 32天 / 670天
等级: 130
石头: 3831
呼符: 12
体力: 29.980000000000004 / 138
友情点: 0 / 412190`
_2024-06-24 04:31:19_
--------
*84a4a9cb3346931358bf9edf442d9c87*
`登陆天数: 32天 / 669天
等级: 130
石头: 3083
呼符: 12
体力: 29.953333333333333 / 138
友情点: 0 / 430720`
_2024-06-24 04:31:27_
--------
*aae09810e10318643494f04886d652d3*
`登陆天数: 32天 / 669天
等级: 130
石头: 3056
呼符: 12
体力: 29.926666666666662 / 138
友情点: 0 / 419855`
_2024-06-24 04:31:35_
--------
*2855350f3242d93bfb042a798b27bda8*
`登陆天数: 33天 / 670天
等级: 130
石头: 3790
呼符: 12
体力: 29.89666666666666 / 138
友情点: 0 / 392345`
_2024-06-24 04:31:44_
--------
*ea44e352ac37eb1bae023ef86b3b62bd*
`登陆天数: 32天 / 669天
等级: 130
石头: 3203
呼符: 12
体力: 29.870000000000005 / 138
友情点: 0 / 412290`
_2024-06-24 04:31:52_
--------
*6b40f136ba3d65a84594e41ebc56b6a3*
`登陆天数: 32天 / 670天
等级: 130
石头: 3702
呼符: 12
体力: 29.843333333333334 / 138
友情点: 0 / 406920`
_2024-06-24 04:32:00_
--------
*d1d58f7c0158360f3b797dfd119e9051*
`登陆天数: 32天 / 669天
等级: 130
石头: 3491
呼符: 12
体力: 29.813333333333333 / 138
友情点: 0 / 429775`
_2024-06-24 04:32:08_
--------
*e7b4738e053dd651b9e278fc07dabc2f*
`登陆天数: 32天 / 670天
等级: 130
石头: 3010
呼符: 12
体力: 29.78333333333333 / 138
友情点: 0 / 420770`
_2024-06-24 04:32:16_
--------
*ad2ba66ee90fff361e63ca47dfb5747d*
`登陆天数: 32天 / 670天
等级: 130
石头: 1665
呼符: 12
体力: 29.75666666666666 / 138
友情点: 0 / 478730`
_2024-06-24 04:32:25_
--------
*65250a9a990f0d7ed4990127bb0d41d7*
`登陆天数: 32天 / 669天
等级: 130
石头: 4081
呼符: 241
体力: 29.733333333333334 / 138
友情点: 0 / 378950`
_2024-06-24 04:32:33_
--------
*8b8be115d7782194e1244a833cc650a3*
`登陆天数: 32天 / 670天
等级: 130
石头: 2181
呼符: 12
体力: 29.703333333333333 / 138
友情点: 0 / 478225`
_2024-06-24 04:32:41_
--------
*f01ffcc9af352d2b15d794c0892908d6*
`登陆天数: 32天 / 670天
等级: 130
石头: 3686
呼符: 12
体力: 29.673333333333332 / 138
友情点: 0 / 411910`
_2024-06-24 04:32:49_
--------
*227f88ee49a278300463381f63f3c724*
`登陆天数: 32天 / 670天
等级: 130
石头: 3972
呼符: 12
体力: 29.650000000000006 / 138
友情点: 0 / 401865`
_2024-06-24 04:32:57_
--------
*94f3b7e552d36542e785c8e44467be89*
`登陆天数: 32天 / 670天
等级: 130
石头: 3984
呼符: 12
体力: 29.623333333333335 / 138
友情点: 0 / 394475`
_2024-06-24 04:33:05_
--------
*d8b6704358386dfe3015f85f59b64b79*
`登陆天数: 32天 / 670天
等级: 130
石头: 3923
呼符: 12
体力: 29.593333333333334 / 138
友情点: 0 / 406500`
_2024-06-24 04:33:13_
--------
*4269a16316ffc1ac21364239ba5b87fe*
`登陆天数: 32天 / 670天
等级: 130
石头: 2753
呼符: 12
体力: 29.566666666666663 / 138
友情点: 0 / 455075`
_2024-06-24 04:33:21_
--------
*c72d8558cefa89a1175654c976c0beab*
`登陆天数: 32天 / 669天
等级: 130
石头: 3563
呼符: 12
体力: 29.53666666666666 / 138
友情点: 0 / 400650`
_2024-06-24 04:33:30_
--------
*bdc8d657256a9e1fd00b040f193b38b9*
`登陆天数: 32天 / 669天
等级: 130
石头: 3771
呼符: 12
体力: 29.513333333333335 / 138
友情点: 0 / 406805`
_2024-06-24 04:33:38_
--------
*48ffd29b98fccb573baef20885d2b97e*
`登陆天数: 32天 / 669天
等级: 130
石头: 2783
呼符: 12
体力: 29.486666666666665 / 138
友情点: 0 / 462700`
_2024-06-24 04:33:46_
--------
*c83224bb597c8cba26239f94419c4589*
`登陆天数: 32天 / 669天
等级: 130
石头: 2726
呼符: 12
体力: 29.456666666666663 / 138
友情点: 0 / 444700`
_2024-06-24 04:33:54_
--------
*c04df84328839272606d25d6f9159ab2*
`登陆天数: 32天 / 669天
等级: 130
石头: 3111
呼符: 12
体力: 29.426666666666662 / 138
友情点: 0 / 448310`
_2024-06-24 04:34:02_
--------
*e40304d9e9ffbf6e25ccd578ba9e1259*
`登陆天数: 32天 / 669天
等级: 130
石头: 3112
呼符: 12
体力: 29.400000000000006 / 138
友情点: 0 / 439380`
_2024-06-24 04:34:10_
--------
*defd823107815253ee48f31d320dd260*
`登陆天数: 32天 / 670天
等级: 130
石头: 1825
呼符: 12
体力: 29.370000000000005 / 138
友情点: 0 / 480395`
_2024-06-24 04:34:18_
--------
*7ca422e311c6d57765d39683e587572b*
`登陆天数: 32天 / 670天
等级: 130
石头: 1768
呼符: 12
体力: 29.343333333333334 / 138
友情点: 0 / 478195`
_2024-06-24 04:34:27_
--------
*fe7bf40c722af72f68fc2a802e3cb54f*
`登陆天数: 32天 / 669天
等级: 130
石头: 3835
呼符: 12
体力: 29.319999999999993 / 138
友情点: 0 / 400750`
_2024-06-24 04:34:35_
--------
*67354c23977de1368fdc3b47a763f868*
`登陆天数: 32天 / 669天
等级: 130
石头: 2822
呼符: 12
体力: 29.293333333333337 / 138
友情点: 0 / 445655`
_2024-06-24 04:34:44_
--------
*688813225857caa674d793db47c94a5e*
`登陆天数: 32天 / 670天
等级: 130
石头: 3712
呼符: 12
体力: 29.266666666666666 / 138
友情点: 0 / 416235`
_2024-06-24 04:34:52_
--------
*3c5947cbb209c8d2b920f60ff7af7afc*
`登陆天数: 32天 / 669天
等级: 130
石头: 3570
呼符: 12
体力: 29.24333333333334 / 138
友情点: 0 / 404435`
_2024-06-24 04:35:00_
--------
*0b1d16a6123aa7c3005cb4f4b5b6d63c*
`登陆天数: 32天 / 670天
等级: 130
石头: 2572
呼符: 12
体力: 29.209999999999994 / 138
友情点: 0 / 467740`
_2024-06-24 04:35:08_
--------
*cb4cf2a0cb65dd6feafa50673c1f65d6*
`登陆天数: 32天 / 669天
等级: 130
石头: 4073
呼符: 83
体力: 29.183333333333337 / 138
友情点: 0 / 378435`
_2024-06-24 04:35:16_
--------
*645957db5ef305d8ad175331ff9c3d50*
`登陆天数: 32天 / 670天
等级: 130
石头: 1764
呼符: 12
体力: 29.153333333333336 / 138
友情点: 0 / 477960`
_2024-06-24 04:35:24_
--------
*8edae1fe51bdc94d09878095d23412a7*
`登陆天数: 32天 / 669天
等级: 130
石头: 3206
呼符: 12
体力: 29.126666666666665 / 138
友情点: 0 / 436445`
_2024-06-24 04:35:32_
--------
*f845edc0e0a95e38a300e03bbc2c235a*
`登陆天数: 32天 / 670天
等级: 130
石头: 2778
呼符: 12
体力: 29.096666666666664 / 138
友情点: 0 / 461770`
_2024-06-24 04:35:39_
--------
*62c0e225a3ef4996956b0f299bc4a62c*
`登陆天数: 32天 / 669天
等级: 130
石头: 4014
呼符: 12
体力: 29.073333333333338 / 138
友情点: 0 / 378045`
_2024-06-24 04:35:48_
--------
*d7f5342037a7a823a785dbd64a88b3e0*
`登陆天数: 32天 / 670天
等级: 130
石头: 3350
呼符: 12
体力: 29.040000000000006 / 138
友情点: 0 / 425590`
_2024-06-24 04:35:56_
--------
*7acddab98e5d6e1bb0e134866c37863c*
`登陆天数: 32天 / 669天
等级: 130
石头: 4081
呼符: 154
体力: 29.013333333333335 / 138
友情点: 0 / 379405`
_2024-06-24 04:36:04_
--------
*dce381eb9407fea2f6744beafff7f243*
`登陆天数: 32天 / 669天
等级: 130
石头: 3567
呼符: 12
体力: 28.983333333333334 / 138
友情点: 0 / 395090`
_2024-06-24 04:36:12_
--------
*208f7c6cd17d052a03d63a2de15989d8*
`登陆天数: 32天 / 670天
等级: 130
石头: 654
呼符: 12
体力: 28.956666666666663 / 138
友情点: 0 / 478615`
_2024-06-24 04:36:20_
--------
*9ca6d2f2132e23f6761aec34e53b845b*
`登陆天数: 32天 / 669天
等级: 130
石头: 3205
呼符: 12
体力: 28.926666666666662 / 138
友情点: 0 / 440360`
_2024-06-24 04:36:28_
--------
*1c160346ee0ca603e7c742fd92dafce9*
`登陆天数: 32天 / 670天
等级: 130
石头: 2516
呼符: 12
体力: 28.900000000000006 / 138
友情点: 0 / 477950`
_2024-06-24 04:36:36_
--------
*c84509cfb4ad377c450bd3960a49a3c4*
`登陆天数: 32天 / 670天
等级: 130
石头: 2097
呼符: 12
体力: 28.873333333333335 / 138
友情点: 0 / 478225`
_2024-06-24 04:36:44_
--------
*52405f19031fac8559b666a148f775b3*
`登陆天数: 32天 / 669天
等级: 130
石头: 2572
呼符: 12
体力: 28.849999999999994 / 138
友情点: 0 / 472465`
_2024-06-24 04:36:53_
--------
*7518a642d74f8ba62456ff7d91fbe4c0*
`登陆天数: 32天 / 670天
等级: 130
石头: 3550
呼符: 12
体力: 28.819999999999993 / 138
友情点: 0 / 410545`
_2024-06-24 04:37:01_
--------
*369a580e4c636db740cc45cd14125989*
`登陆天数: 32天 / 670天
等级: 130
石头: 1972
呼符: 12
体力: 28.796666666666667 / 138
友情点: 0 / 479280`
_2024-06-24 04:37:09_
--------
