【登录信息】
*3d5a228f1082bc550818e18f7971fe57*
`登陆天数: 33天 / 671天
等级: 130
石头: 2271
呼符: 0
体力: 21364.386666666665 / 138
友情点: 0 / 467010`
_2024-06-25 04:30:33_
--------
*6abaffb5ee5ceaf2dd7ed98b206d749f*
`登陆天数: 33天 / 671天
等级: 130
石头: 2601
呼符: 13
体力: 30.063333333333333 / 138
友情点: 0 / 456815`
_2024-06-25 04:30:41_
--------
*f63a615d55b52038a51b0dc3bdadc06a*
`登陆天数: 33天 / 670天
等级: 130
石头: 3924
呼符: 13
体力: 30.03 / 138
友情点: 0 / 405020`
_2024-06-25 04:30:49_
--------
*0e40a25d9b7cd5711e7a2b10d87c238d*
`登陆天数: 33天 / 671天
等级: 130
石头: 3981
呼符: 13
体力: 30.00333333333333 / 138
友情点: 0 / 402065`
_2024-06-25 04:30:56_
--------
*e18b1c081f46994f811a7d72800eebb5*
`登陆天数: 33天 / 671天
等级: 130
石头: 3831
呼符: 13
体力: 29.976666666666674 / 138
友情点: 0 / 406850`
_2024-06-25 04:31:04_
--------
*d3890b0a09fce4b3116374f3a0132ada*
`登陆天数: 33天 / 671天
等级: 130
石头: 78
呼符: 13
体力: 29.946666666666673 / 138
友情点: 0 / 478570`
_2024-06-25 04:31:12_
--------
*90b0a38d5c1e9caee255c7f85b3abd13*
`登陆天数: 33天 / 671天
等级: 130
石头: 3831
呼符: 13
体力: 29.92 / 138
友情点: 0 / 412190`
_2024-06-25 04:31:20_
--------
*84a4a9cb3346931358bf9edf442d9c87*
`登陆天数: 33天 / 670天
等级: 130
石头: 3083
呼符: 13
体力: 29.89333333333333 / 138
友情点: 0 / 430720`
_2024-06-25 04:31:27_
--------
*aae09810e10318643494f04886d652d3*
`登陆天数: 33天 / 670天
等级: 130
石头: 3056
呼符: 13
体力: 29.86666666666666 / 138
友情点: 0 / 419855`
_2024-06-25 04:31:35_
--------
*2855350f3242d93bfb042a798b27bda8*
`登陆天数: 34天 / 671天
等级: 130
石头: 3792
呼符: 13
体力: 29.83333333333333 / 138
友情点: 0 / 392345`
_2024-06-25 04:31:43_
--------
*ea44e352ac37eb1bae023ef86b3b62bd*
`登陆天数: 33天 / 670天
等级: 130
石头: 3203
呼符: 13
体力: 29.806666666666672 / 138
友情点: 0 / 412290`
_2024-06-25 04:31:51_
--------
*6b40f136ba3d65a84594e41ebc56b6a3*
`登陆天数: 33天 / 671天
等级: 130
石头: 3702
呼符: 13
体力: 29.78 / 138
友情点: 0 / 406920`
_2024-06-25 04:31:58_
--------
*d1d58f7c0158360f3b797dfd119e9051*
`登陆天数: 33天 / 670天
等级: 130
石头: 3491
呼符: 13
体力: 29.75333333333333 / 138
友情点: 0 / 429775`
_2024-06-25 04:32:06_
--------
*e7b4738e053dd651b9e278fc07dabc2f*
`登陆天数: 33天 / 671天
等级: 130
石头: 3010
呼符: 13
体力: 29.72 / 138
友情点: 0 / 420770`
_2024-06-25 04:32:14_
--------
*ad2ba66ee90fff361e63ca47dfb5747d*
`登陆天数: 33天 / 671天
等级: 130
石头: 1665
呼符: 13
体力: 29.696666666666673 / 138
友情点: 0 / 478730`
_2024-06-25 04:32:21_
--------
*65250a9a990f0d7ed4990127bb0d41d7*
`登陆天数: 33天 / 670天
等级: 130
石头: 4081
呼符: 242
体力: 29.67 / 138
友情点: 0 / 372950`
_2024-06-25 04:32:29_
--------
*8b8be115d7782194e1244a833cc650a3*
`登陆天数: 33天 / 671天
等级: 130
石头: 2181
呼符: 13
体力: 29.63666666666667 / 138
友情点: 0 / 478225`
_2024-06-25 04:32:37_
--------
*f01ffcc9af352d2b15d794c0892908d6*
`登陆天数: 33天 / 671天
等级: 130
石头: 3686
呼符: 13
体力: 29.61 / 138
友情点: 0 / 411910`
_2024-06-25 04:32:45_
--------
*227f88ee49a278300463381f63f3c724*
`登陆天数: 33天 / 671天
等级: 130
石头: 3972
呼符: 13
体力: 29.58 / 138
友情点: 0 / 401865`
_2024-06-25 04:32:52_
--------
*94f3b7e552d36542e785c8e44467be89*
`登陆天数: 33天 / 671天
等级: 130
石头: 3984
呼符: 13
体力: 29.553333333333327 / 138
友情点: 0 / 394475`
_2024-06-25 04:33:00_
--------
*d8b6704358386dfe3015f85f59b64b79*
`登陆天数: 33天 / 671天
等级: 130
石头: 3923
呼符: 13
体力: 29.523333333333326 / 138
友情点: 0 / 406500`
_2024-06-25 04:33:08_
--------
*4269a16316ffc1ac21364239ba5b87fe*
`登陆天数: 33天 / 671天
等级: 130
石头: 2753
呼符: 13
体力: 29.49666666666667 / 138
友情点: 0 / 455075`
_2024-06-25 04:33:16_
--------
*c72d8558cefa89a1175654c976c0beab*
`登陆天数: 33天 / 670天
等级: 130
石头: 3563
呼符: 13
体力: 29.46666666666667 / 138
友情点: 0 / 400650`
_2024-06-25 04:33:24_
--------
*bdc8d657256a9e1fd00b040f193b38b9*
`登陆天数: 33天 / 670天
等级: 130
石头: 3771
呼符: 13
体力: 29.439999999999998 / 138
友情点: 0 / 406805`
_2024-06-25 04:33:31_
--------
*48ffd29b98fccb573baef20885d2b97e*
`登陆天数: 33天 / 670天
等级: 130
石头: 2783
呼符: 13
体力: 29.413333333333327 / 138
友情点: 0 / 462700`
_2024-06-25 04:33:39_
--------
*c83224bb597c8cba26239f94419c4589*
`登陆天数: 33天 / 670天
等级: 130
石头: 2726
呼符: 13
体力: 29.38333333333334 / 138
友情点: 0 / 444700`
_2024-06-25 04:33:47_
--------
*c04df84328839272606d25d6f9159ab2*
`登陆天数: 33天 / 670天
等级: 130
石头: 3111
呼符: 13
体力: 29.35666666666667 / 138
友情点: 0 / 448310`
_2024-06-25 04:33:54_
--------
*e40304d9e9ffbf6e25ccd578ba9e1259*
`登陆天数: 33天 / 670天
等级: 130
石头: 3112
呼符: 13
体力: 29.326666666666668 / 138
友情点: 0 / 439380`
_2024-06-25 04:34:02_
--------
*defd823107815253ee48f31d320dd260*
`登陆天数: 33天 / 671天
等级: 130
石头: 1825
呼符: 13
体力: 29.299999999999997 / 138
友情点: 0 / 480395`
_2024-06-25 04:34:10_
--------
*7ca422e311c6d57765d39683e587572b*
`登陆天数: 33天 / 671天
等级: 130
石头: 1768
呼符: 13
体力: 29.266666666666666 / 138
友情点: 0 / 478195`
_2024-06-25 04:34:18_
--------
*fe7bf40c722af72f68fc2a802e3cb54f*
`登陆天数: 33天 / 670天
等级: 130
石头: 3835
呼符: 13
体力: 29.239999999999995 / 138
友情点: 0 / 400750`
_2024-06-25 04:34:26_
--------
*67354c23977de1368fdc3b47a763f868*
`登陆天数: 33天 / 670天
等级: 130
石头: 2822
呼符: 13
体力: 29.21666666666667 / 138
友情点: 0 / 445655`
_2024-06-25 04:34:33_
--------
*688813225857caa674d793db47c94a5e*
`登陆天数: 33天 / 671天
等级: 130
石头: 3712
呼符: 13
体力: 29.186666666666667 / 138
友情点: 0 / 416235`
_2024-06-25 04:34:41_
--------
*3c5947cbb209c8d2b920f60ff7af7afc*
`登陆天数: 33天 / 670天
等级: 130
石头: 3570
呼符: 13
体力: 29.159999999999997 / 138
友情点: 0 / 404435`
_2024-06-25 04:34:49_
--------
*0b1d16a6123aa7c3005cb4f4b5b6d63c*
`登陆天数: 33天 / 671天
等级: 130
石头: 2572
呼符: 13
体力: 29.13333333333334 / 138
友情点: 0 / 467740`
_2024-06-25 04:34:56_
--------
*cb4cf2a0cb65dd6feafa50673c1f65d6*
`登陆天数: 33天 / 670天
等级: 130
石头: 4073
呼符: 84
体力: 29.099999999999994 / 138
友情点: 0 / 372435`
_2024-06-25 04:35:04_
--------
*645957db5ef305d8ad175331ff9c3d50*
`登陆天数: 33天 / 671天
等级: 130
石头: 1764
呼符: 13
体力: 29.073333333333338 / 138
友情点: 0 / 477960`
_2024-06-25 04:35:12_
--------
*8edae1fe51bdc94d09878095d23412a7*
`登陆天数: 33天 / 670天
等级: 130
石头: 3206
呼符: 13
体力: 29.046666666666667 / 138
友情点: 0 / 436445`
_2024-06-25 04:35:19_
--------
*f845edc0e0a95e38a300e03bbc2c235a*
`登陆天数: 33天 / 671天
等级: 130
石头: 2778
呼符: 13
体力: 29.013333333333335 / 138
友情点: 0 / 461770`
_2024-06-25 04:35:27_
--------
*62c0e225a3ef4996956b0f299bc4a62c*
`登陆天数: 33天 / 670天
等级: 130
石头: 4014
呼符: 13
体力: 28.986666666666665 / 138
友情点: 0 / 372045`
_2024-06-25 04:35:34_
--------
*d7f5342037a7a823a785dbd64a88b3e0*
`登陆天数: 33天 / 671天
等级: 130
石头: 3350
呼符: 13
体力: 28.956666666666663 / 138
友情点: 0 / 425590`
_2024-06-25 04:35:42_
--------
*7acddab98e5d6e1bb0e134866c37863c*
`登陆天数: 33天 / 670天
等级: 130
石头: 4081
呼符: 155
体力: 28.926666666666662 / 138
友情点: 0 / 373405`
_2024-06-25 04:35:50_
--------
*dce381eb9407fea2f6744beafff7f243*
`登陆天数: 33天 / 670天
等级: 130
石头: 3567
呼符: 13
体力: 28.89333333333333 / 138
友情点: 0 / 395090`
_2024-06-25 04:35:58_
--------
*208f7c6cd17d052a03d63a2de15989d8*
`登陆天数: 33天 / 671天
等级: 130
石头: 654
呼符: 13
体力: 28.86666666666666 / 138
友情点: 0 / 478615`
_2024-06-25 04:36:05_
--------
*9ca6d2f2132e23f6761aec34e53b845b*
`登陆天数: 33天 / 670天
等级: 130
石头: 3205
呼符: 13
体力: 28.840000000000003 / 138
友情点: 0 / 440360`
_2024-06-25 04:36:13_
--------
*1c160346ee0ca603e7c742fd92dafce9*
`登陆天数: 33天 / 671天
等级: 130
石头: 2516
呼符: 13
体力: 28.810000000000002 / 138
友情点: 0 / 477950`
_2024-06-25 04:36:21_
--------
*c84509cfb4ad377c450bd3960a49a3c4*
`登陆天数: 33天 / 671天
等级: 130
石头: 2097
呼符: 13
体力: 28.78666666666666 / 138
友情点: 0 / 478225`
_2024-06-25 04:36:28_
--------
*52405f19031fac8559b666a148f775b3*
`登陆天数: 33天 / 670天
等级: 130
石头: 2572
呼符: 13
体力: 28.75666666666666 / 138
友情点: 0 / 472465`
_2024-06-25 04:36:36_
--------
*7518a642d74f8ba62456ff7d91fbe4c0*
`登陆天数: 33天 / 671天
等级: 130
石头: 3550
呼符: 13
体力: 28.730000000000004 / 138
友情点: 0 / 410545`
_2024-06-25 04:36:44_
--------
*369a580e4c636db740cc45cd14125989*
`登陆天数: 33天 / 671天
等级: 130
石头: 1972
呼符: 13
体力: 28.703333333333333 / 138
友情点: 0 / 479280`
_2024-06-25 04:36:51_
--------
