【登录信息】
*3d5a228f1082bc550818e18f7971fe57*
`登陆天数: 35天 / 673天
等级: 130
石头: 2271
呼符: 0
体力: 21941.333333333332 / 138
友情点: 0 / 467010`
_2024-06-27 04:35:17_
--------
*6abaffb5ee5ceaf2dd7ed98b206d749f*
`登陆天数: 35天 / 673天
等级: 130
石头: 2604
呼符: 14
体力: 31.076666666666668 / 138
友情点: 0 / 456815`
_2024-06-27 04:35:25_
--------
*f63a615d55b52038a51b0dc3bdadc06a*
`登陆天数: 35天 / 672天
等级: 130
石头: 3927
呼符: 14
体力: 31.046666666666667 / 138
友情点: 0 / 405020`
_2024-06-27 04:35:33_
--------
*0e40a25d9b7cd5711e7a2b10d87c238d*
`登陆天数: 35天 / 673天
等级: 130
石头: 3984
呼符: 14
体力: 31.019999999999996 / 138
友情点: 0 / 402065`
_2024-06-27 04:35:41_
--------
*e18b1c081f46994f811a7d72800eebb5*
`登陆天数: 35天 / 673天
等级: 130
石头: 3834
呼符: 14
体力: 30.99333333333334 / 138
友情点: 0 / 406850`
_2024-06-27 04:35:48_
--------
*d3890b0a09fce4b3116374f3a0132ada*
`登陆天数: 35天 / 673天
等级: 130
石头: 81
呼符: 14
体力: 30.96333333333334 / 138
友情点: 0 / 478570`
_2024-06-27 04:35:56_
--------
*90b0a38d5c1e9caee255c7f85b3abd13*
`登陆天数: 35天 / 673天
等级: 130
石头: 3834
呼符: 14
体力: 30.930000000000007 / 138
友情点: 0 / 412190`
_2024-06-27 04:36:04_
--------
*84a4a9cb3346931358bf9edf442d9c87*
`登陆天数: 35天 / 672天
等级: 130
石头: 3086
呼符: 14
体力: 30.906666666666666 / 138
友情点: 0 / 430720`
_2024-06-27 04:36:11_
--------
*aae09810e10318643494f04886d652d3*
`登陆天数: 35天 / 672天
等级: 130
石头: 3059
呼符: 14
体力: 30.876666666666665 / 138
友情点: 0 / 419855`
_2024-06-27 04:36:19_
--------
*2855350f3242d93bfb042a798b27bda8*
`登陆天数: 36天 / 673天
等级: 130
石头: 3793
呼符: 14
体力: 30.846666666666664 / 138
友情点: 0 / 394345`
_2024-06-27 04:36:27_
--------
*ea44e352ac37eb1bae023ef86b3b62bd*
`登陆天数: 35天 / 672天
等级: 130
石头: 3206
呼符: 14
体力: 30.819999999999993 / 138
友情点: 0 / 412290`
_2024-06-27 04:36:35_
--------
*6b40f136ba3d65a84594e41ebc56b6a3*
`登陆天数: 35天 / 673天
等级: 130
石头: 3705
呼符: 14
体力: 30.790000000000006 / 138
友情点: 0 / 406920`
_2024-06-27 04:36:43_
--------
*d1d58f7c0158360f3b797dfd119e9051*
`登陆天数: 35天 / 672天
等级: 130
石头: 3494
呼符: 14
体力: 30.760000000000005 / 138
友情点: 0 / 429775`
_2024-06-27 04:36:51_
--------
*e7b4738e053dd651b9e278fc07dabc2f*
`登陆天数: 35天 / 673天
等级: 130
石头: 3013
呼符: 14
体力: 30.730000000000004 / 138
友情点: 0 / 420770`
_2024-06-27 04:36:59_
--------
*ad2ba66ee90fff361e63ca47dfb5747d*
`登陆天数: 35天 / 673天
等级: 130
石头: 1668
呼符: 14
体力: 30.703333333333333 / 138
友情点: 0 / 478730`
_2024-06-27 04:37:06_
--------
*65250a9a990f0d7ed4990127bb0d41d7*
`登陆天数: 35天 / 672天
等级: 130
石头: 4084
呼符: 243
体力: 30.673333333333332 / 138
友情点: 0 / 360950`
_2024-06-27 04:37:14_
--------
*8b8be115d7782194e1244a833cc650a3*
`登陆天数: 35天 / 673天
等级: 130
石头: 2184
呼符: 14
体力: 30.64 / 138
友情点: 0 / 478225`
_2024-06-27 04:37:22_
--------
*f01ffcc9af352d2b15d794c0892908d6*
`登陆天数: 35天 / 673天
等级: 130
石头: 3689
呼符: 14
体力: 30.61 / 138
友情点: 0 / 411910`
_2024-06-27 04:37:29_
--------
*227f88ee49a278300463381f63f3c724*
`登陆天数: 35天 / 673天
等级: 130
石头: 3975
呼符: 14
体力: 30.58 / 138
友情点: 0 / 401865`
_2024-06-27 04:37:37_
--------
*94f3b7e552d36542e785c8e44467be89*
`登陆天数: 35天 / 673天
等级: 130
石头: 3987
呼符: 14
体力: 30.549999999999997 / 138
友情点: 0 / 394475`
_2024-06-27 04:37:44_
--------
*d8b6704358386dfe3015f85f59b64b79*
`登陆天数: 35天 / 673天
等级: 130
石头: 3926
呼符: 14
体力: 30.523333333333326 / 138
友情点: 0 / 406500`
_2024-06-27 04:37:52_
--------
*4269a16316ffc1ac21364239ba5b87fe*
`登陆天数: 35天 / 673天
等级: 130
石头: 2756
呼符: 14
体力: 30.49333333333334 / 138
友情点: 0 / 455075`
_2024-06-27 04:38:00_
--------
*c72d8558cefa89a1175654c976c0beab*
`登陆天数: 35天 / 672天
等级: 130
石头: 3566
呼符: 14
体力: 30.459999999999994 / 138
友情点: 0 / 400650`
_2024-06-27 04:38:08_
--------
*bdc8d657256a9e1fd00b040f193b38b9*
`登陆天数: 35天 / 672天
等级: 130
石头: 3774
呼符: 14
体力: 30.430000000000007 / 138
友情点: 0 / 406805`
_2024-06-27 04:38:16_
--------
*48ffd29b98fccb573baef20885d2b97e*
`登陆天数: 35天 / 672天
等级: 130
石头: 2786
呼符: 14
体力: 30.400000000000006 / 138
友情点: 0 / 462700`
_2024-06-27 04:38:23_
--------
*c83224bb597c8cba26239f94419c4589*
`登陆天数: 35天 / 672天
等级: 130
石头: 2729
呼符: 14
体力: 30.370000000000005 / 138
友情点: 0 / 444700`
_2024-06-27 04:38:31_
--------
*c04df84328839272606d25d6f9159ab2*
`登陆天数: 35天 / 672天
等级: 130
石头: 3114
呼符: 14
体力: 30.340000000000003 / 138
友情点: 0 / 448310`
_2024-06-27 04:38:38_
--------
*e40304d9e9ffbf6e25ccd578ba9e1259*
`登陆天数: 35天 / 672天
等级: 130
石头: 3115
呼符: 14
体力: 30.310000000000002 / 138
友情点: 0 / 439380`
_2024-06-27 04:38:46_
--------
*defd823107815253ee48f31d320dd260*
`登陆天数: 35天 / 673天
等级: 130
石头: 1828
呼符: 14
体力: 30.28 / 138
友情点: 0 / 480395`
_2024-06-27 04:38:54_
--------
*7ca422e311c6d57765d39683e587572b*
`登陆天数: 35天 / 673天
等级: 130
石头: 1771
呼符: 14
体力: 30.25333333333333 / 138
友情点: 0 / 478195`
_2024-06-27 04:39:02_
--------
*fe7bf40c722af72f68fc2a802e3cb54f*
`登陆天数: 35天 / 672天
等级: 130
石头: 3838
呼符: 14
体力: 30.22333333333333 / 138
友情点: 0 / 400750`
_2024-06-27 04:39:09_
--------
*67354c23977de1368fdc3b47a763f868*
`登陆天数: 35天 / 672天
等级: 130
石头: 2825
呼符: 14
体力: 30.193333333333328 / 138
友情点: 0 / 445655`
_2024-06-27 04:39:17_
--------
*688813225857caa674d793db47c94a5e*
`登陆天数: 35天 / 673天
等级: 130
石头: 3715
呼符: 14
体力: 30.16666666666667 / 138
友情点: 0 / 416235`
_2024-06-27 04:39:24_
--------
*3c5947cbb209c8d2b920f60ff7af7afc*
`登陆天数: 35天 / 672天
等级: 130
石头: 3573
呼符: 14
体力: 30.13333333333334 / 138
友情点: 0 / 404435`
_2024-06-27 04:39:32_
--------
*0b1d16a6123aa7c3005cb4f4b5b6d63c*
`登陆天数: 35天 / 673天
等级: 130
石头: 2575
呼符: 14
体力: 30.10333333333334 / 138
友情点: 0 / 467740`
_2024-06-27 04:39:40_
--------
*cb4cf2a0cb65dd6feafa50673c1f65d6*
`登陆天数: 35天 / 672天
等级: 130
石头: 4076
呼符: 85
体力: 30.073333333333338 / 138
友情点: 0 / 372435`
_2024-06-27 04:39:47_
--------
*645957db5ef305d8ad175331ff9c3d50*
`登陆天数: 35天 / 673天
等级: 130
石头: 1767
呼符: 14
体力: 30.043333333333337 / 138
友情点: 0 / 477960`
_2024-06-27 04:39:55_
--------
*8edae1fe51bdc94d09878095d23412a7*
`登陆天数: 35天 / 672天
等级: 130
石头: 3209
呼符: 14
体力: 30.010000000000005 / 138
友情点: 0 / 436445`
_2024-06-27 04:40:03_
--------
*f845edc0e0a95e38a300e03bbc2c235a*
`登陆天数: 35天 / 673天
等级: 130
石头: 2781
呼符: 14
体力: 29.983333333333334 / 138
友情点: 0 / 461770`
_2024-06-27 04:40:10_
--------
*62c0e225a3ef4996956b0f299bc4a62c*
`登陆天数: 35天 / 672天
等级: 130
石头: 4017
呼符: 14
体力: 29.953333333333333 / 138
友情点: 0 / 372045`
_2024-06-27 04:40:18_
--------
*d7f5342037a7a823a785dbd64a88b3e0*
`登陆天数: 35天 / 673天
等级: 130
石头: 3353
呼符: 14
体力: 29.91666666666667 / 138
友情点: 0 / 425590`
_2024-06-27 04:40:26_
--------
*7acddab98e5d6e1bb0e134866c37863c*
`登陆天数: 35天 / 672天
等级: 130
石头: 4084
呼符: 156
体力: 29.89 / 138
友情点: 0 / 369405`
_2024-06-27 04:40:34_
--------
*dce381eb9407fea2f6744beafff7f243*
`登陆天数: 35天 / 672天
等级: 130
石头: 3570
呼符: 14
体力: 29.86333333333333 / 138
友情点: 0 / 395090`
_2024-06-27 04:40:42_
--------
*208f7c6cd17d052a03d63a2de15989d8*
`登陆天数: 35天 / 673天
等级: 130
石头: 657
呼符: 14
体力: 29.836666666666673 / 138
友情点: 0 / 478615`
_2024-06-27 04:40:49_
--------
*9ca6d2f2132e23f6761aec34e53b845b*
`登陆天数: 35天 / 672天
等级: 130
石头: 3208
呼符: 14
体力: 29.806666666666672 / 138
友情点: 0 / 440360`
_2024-06-27 04:40:57_
--------
*1c160346ee0ca603e7c742fd92dafce9*
`登陆天数: 35天 / 673天
等级: 130
石头: 2519
呼符: 14
体力: 29.77666666666667 / 138
友情点: 0 / 477950`
_2024-06-27 04:41:05_
--------
*c84509cfb4ad377c450bd3960a49a3c4*
`登陆天数: 35天 / 673天
等级: 130
石头: 2100
呼符: 14
体力: 29.74666666666667 / 138
友情点: 0 / 478225`
_2024-06-27 04:41:12_
--------
*52405f19031fac8559b666a148f775b3*
`登陆天数: 35天 / 672天
等级: 130
石头: 2575
呼符: 14
体力: 29.72 / 138
友情点: 0 / 472465`
_2024-06-27 04:41:20_
--------
*7518a642d74f8ba62456ff7d91fbe4c0*
`登陆天数: 35天 / 673天
等级: 130
石头: 3553
呼符: 14
体力: 29.693333333333328 / 138
友情点: 0 / 410545`
_2024-06-27 04:41:28_
--------
*369a580e4c636db740cc45cd14125989*
`登陆天数: 35天 / 673天
等级: 130
石头: 1975
呼符: 14
体力: 29.663333333333327 / 138
友情点: 0 / 479280`
_2024-06-27 04:41:36_
--------
