【登录信息】
*3d5a228f1082bc550818e18f7971fe57*
`登陆天数: 37天 / 675天
等级: 130
石头: 2271
呼符: 0
体力: 22512.19 / 138
友情点: 0 / 467010`
_2024-06-29 04:09:34_
--------
*6abaffb5ee5ceaf2dd7ed98b206d749f*
`登陆天数: 37天 / 675天
等级: 130
石头: 2624
呼符: 14
体力: 25.626666666666665 / 138
友情点: 0 / 458815`
_2024-06-29 04:09:42_
--------
*f63a615d55b52038a51b0dc3bdadc06a*
`登陆天数: 37天 / 674天
等级: 130
石头: 3947
呼符: 14
体力: 25.596666666666664 / 138
友情点: 0 / 407020`
_2024-06-29 04:09:51_
--------
*0e40a25d9b7cd5711e7a2b10d87c238d*
`登陆天数: 37天 / 675天
等级: 130
石头: 4004
呼符: 14
体力: 25.573333333333338 / 138
友情点: 0 / 404065`
_2024-06-29 04:09:59_
--------
*e18b1c081f46994f811a7d72800eebb5*
`登陆天数: 37天 / 675天
等级: 130
石头: 3854
呼符: 14
体力: 25.543333333333337 / 138
友情点: 0 / 408850`
_2024-06-29 04:10:07_
--------
*d3890b0a09fce4b3116374f3a0132ada*
`登陆天数: 37天 / 675天
等级: 130
石头: 101
呼符: 14
体力: 25.513333333333335 / 138
友情点: 0 / 480570`
_2024-06-29 04:10:15_
--------
*90b0a38d5c1e9caee255c7f85b3abd13*
`登陆天数: 37天 / 675天
等级: 130
石头: 3854
呼符: 14
体力: 25.483333333333334 / 138
友情点: 0 / 414190`
_2024-06-29 04:10:24_
--------
*84a4a9cb3346931358bf9edf442d9c87*
`登陆天数: 37天 / 674天
等级: 130
石头: 3106
呼符: 14
体力: 25.453333333333333 / 138
友情点: 0 / 432720`
_2024-06-29 04:10:32_
--------
*aae09810e10318643494f04886d652d3*
`登陆天数: 37天 / 674天
等级: 130
石头: 3079
呼符: 14
体力: 25.430000000000007 / 138
友情点: 0 / 421855`
_2024-06-29 04:10:40_
--------
*2855350f3242d93bfb042a798b27bda8*
`登陆天数: 38天 / 675天
等级: 130
石头: 3813
呼符: 14
体力: 25.400000000000006 / 138
友情点: 0 / 394345`
_2024-06-29 04:10:48_
--------
*ea44e352ac37eb1bae023ef86b3b62bd*
`登陆天数: 37天 / 674天
等级: 130
石头: 3226
呼符: 14
体力: 25.373333333333335 / 138
友情点: 0 / 414290`
_2024-06-29 04:10:56_
--------
*6b40f136ba3d65a84594e41ebc56b6a3*
`登陆天数: 37天 / 675天
等级: 130
石头: 3725
呼符: 14
体力: 25.346666666666664 / 138
友情点: 0 / 408920`
_2024-06-29 04:11:04_
--------
*d1d58f7c0158360f3b797dfd119e9051*
`登陆天数: 37天 / 674天
等级: 130
石头: 3514
呼符: 14
体力: 25.319999999999993 / 138
友情点: 0 / 431775`
_2024-06-29 04:11:12_
--------
*e7b4738e053dd651b9e278fc07dabc2f*
`登陆天数: 37天 / 675天
等级: 130
石头: 3033
呼符: 14
体力: 25.290000000000006 / 138
友情点: 0 / 422770`
_2024-06-29 04:11:21_
--------
*ad2ba66ee90fff361e63ca47dfb5747d*
`登陆天数: 37天 / 675天
等级: 130
石头: 1688
呼符: 14
体力: 25.263333333333335 / 138
友情点: 0 / 480730`
_2024-06-29 04:11:29_
--------
*65250a9a990f0d7ed4990127bb0d41d7*
`登陆天数: 37天 / 674天
等级: 130
石头: 4104
呼符: 243
体力: 25.239999999999995 / 138
友情点: 0 / 350950`
_2024-06-29 04:11:37_
--------
*8b8be115d7782194e1244a833cc650a3*
`登陆天数: 37天 / 675天
等级: 130
石头: 2204
呼符: 14
体力: 25.209999999999994 / 138
友情点: 0 / 480225`
_2024-06-29 04:11:48_
--------
*f01ffcc9af352d2b15d794c0892908d6*
`登陆天数: 37天 / 675天
等级: 130
石头: 3709
呼符: 14
体力: 25.183333333333337 / 138
友情点: 0 / 413910`
_2024-06-29 04:11:56_
--------
*227f88ee49a278300463381f63f3c724*
`登陆天数: 37天 / 675天
等级: 130
石头: 3995
呼符: 14
体力: 25.150000000000006 / 138
友情点: 0 / 403865`
_2024-06-29 04:12:04_
--------
*94f3b7e552d36542e785c8e44467be89*
`登陆天数: 37天 / 675天
等级: 130
石头: 4007
呼符: 14
体力: 25.123333333333335 / 138
友情点: 0 / 396475`
_2024-06-29 04:12:12_
--------
*d8b6704358386dfe3015f85f59b64b79*
`登陆天数: 37天 / 675天
等级: 130
石头: 3946
呼符: 14
体力: 25.093333333333334 / 138
友情点: 0 / 408500`
_2024-06-29 04:12:20_
--------
*4269a16316ffc1ac21364239ba5b87fe*
`登陆天数: 37天 / 675天
等级: 130
石头: 2776
呼符: 14
体力: 25.066666666666663 / 138
友情点: 0 / 457075`
_2024-06-29 04:12:29_
--------
*c72d8558cefa89a1175654c976c0beab*
`登陆天数: 37天 / 674天
等级: 130
石头: 3586
呼符: 14
体力: 25.040000000000006 / 138
友情点: 0 / 402650`
_2024-06-29 04:12:36_
--------
*bdc8d657256a9e1fd00b040f193b38b9*
`登陆天数: 37天 / 674天
等级: 130
石头: 3794
呼符: 14
体力: 25.010000000000005 / 138
友情点: 0 / 408805`
_2024-06-29 04:12:44_
--------
*48ffd29b98fccb573baef20885d2b97e*
`登陆天数: 37天 / 674天
等级: 130
石头: 2806
呼符: 14
体力: 24.983333333333334 / 138
友情点: 0 / 464700`
_2024-06-29 04:12:52_
--------
*c83224bb597c8cba26239f94419c4589*
`登陆天数: 37天 / 674天
等级: 130
石头: 2749
呼符: 14
体力: 24.953333333333333 / 138
友情点: 0 / 446700`
_2024-06-29 04:13:00_
--------
*c04df84328839272606d25d6f9159ab2*
`登陆天数: 37天 / 674天
等级: 130
石头: 3134
呼符: 14
体力: 24.926666666666662 / 138
友情点: 0 / 450310`
_2024-06-29 04:13:09_
--------
*e40304d9e9ffbf6e25ccd578ba9e1259*
`登陆天数: 37天 / 674天
等级: 130
石头: 3135
呼符: 14
体力: 24.89666666666666 / 138
友情点: 0 / 441380`
_2024-06-29 04:13:17_
--------
*defd823107815253ee48f31d320dd260*
`登陆天数: 37天 / 675天
等级: 130
石头: 1848
呼符: 14
体力: 24.870000000000005 / 138
友情点: 0 / 482395`
_2024-06-29 04:13:24_
--------
*7ca422e311c6d57765d39683e587572b*
`登陆天数: 37天 / 675天
等级: 130
石头: 1791
呼符: 14
体力: 24.840000000000003 / 138
友情点: 0 / 480195`
_2024-06-29 04:13:32_
--------
*fe7bf40c722af72f68fc2a802e3cb54f*
`登陆天数: 37天 / 674天
等级: 130
石头: 3858
呼符: 14
体力: 24.813333333333333 / 138
友情点: 0 / 402750`
_2024-06-29 04:13:41_
--------
*67354c23977de1368fdc3b47a763f868*
`登陆天数: 37天 / 674天
等级: 130
石头: 2845
呼符: 14
体力: 24.790000000000006 / 138
友情点: 0 / 447655`
_2024-06-29 04:13:49_
--------
*688813225857caa674d793db47c94a5e*
`登陆天数: 37天 / 675天
等级: 130
石头: 3735
呼符: 14
体力: 24.763333333333335 / 138
友情点: 0 / 418235`
_2024-06-29 04:13:57_
--------
*3c5947cbb209c8d2b920f60ff7af7afc*
`登陆天数: 37天 / 674天
等级: 130
石头: 3593
呼符: 14
体力: 24.733333333333334 / 138
友情点: 0 / 406435`
_2024-06-29 04:14:05_
--------
*0b1d16a6123aa7c3005cb4f4b5b6d63c*
`登陆天数: 37天 / 675天
等级: 130
石头: 2595
呼符: 14
体力: 24.706666666666663 / 138
友情点: 0 / 469740`
_2024-06-29 04:14:13_
--------
*cb4cf2a0cb65dd6feafa50673c1f65d6*
`登陆天数: 37天 / 674天
等级: 130
石头: 4096
呼符: 85
体力: 24.680000000000007 / 138
友情点: 0 / 374435`
_2024-06-29 04:14:21_
--------
*645957db5ef305d8ad175331ff9c3d50*
`登陆天数: 37天 / 675天
等级: 130
石头: 1787
呼符: 14
体力: 24.653333333333336 / 138
友情点: 0 / 479960`
_2024-06-29 04:14:29_
--------
*8edae1fe51bdc94d09878095d23412a7*
`登陆天数: 37天 / 674天
等级: 130
石头: 3229
呼符: 14
体力: 24.629999999999995 / 138
友情点: 0 / 438445`
_2024-06-29 04:14:38_
--------
*f845edc0e0a95e38a300e03bbc2c235a*
`登陆天数: 37天 / 675天
等级: 130
石头: 2801
呼符: 14
体力: 24.61333333333333 / 138
友情点: 0 / 463770`
_2024-06-29 04:14:46_
--------
*62c0e225a3ef4996956b0f299bc4a62c*
`登陆天数: 37天 / 674天
等级: 130
石头: 4037
呼符: 14
体力: 24.586666666666673 / 138
友情点: 0 / 374045`
_2024-06-29 04:14:55_
--------
*d7f5342037a7a823a785dbd64a88b3e0*
`登陆天数: 37天 / 675天
等级: 130
石头: 3373
呼符: 14
体力: 24.556666666666672 / 138
友情点: 0 / 427590`
_2024-06-29 04:15:03_
--------
*7acddab98e5d6e1bb0e134866c37863c*
`登陆天数: 37天 / 674天
等级: 130
石头: 4104
呼符: 156
体力: 24.53 / 138
友情点: 0 / 371405`
_2024-06-29 04:15:11_
--------
*dce381eb9407fea2f6744beafff7f243*
`登陆天数: 37天 / 674天
等级: 130
石头: 3590
呼符: 14
体力: 24.50333333333333 / 138
友情点: 0 / 397090`
_2024-06-29 04:15:19_
--------
*208f7c6cd17d052a03d63a2de15989d8*
`登陆天数: 37天 / 675天
等级: 130
石头: 677
呼符: 14
体力: 24.476666666666674 / 138
友情点: 0 / 480615`
_2024-06-29 04:15:27_
--------
*9ca6d2f2132e23f6761aec34e53b845b*
`登陆天数: 37天 / 674天
等级: 130
石头: 3228
呼符: 14
体力: 24.450000000000003 / 138
友情点: 0 / 442360`
_2024-06-29 04:15:35_
--------
*1c160346ee0ca603e7c742fd92dafce9*
`登陆天数: 37天 / 675天
等级: 130
石头: 2539
呼符: 14
体力: 24.423333333333332 / 138
友情点: 0 / 479950`
_2024-06-29 04:15:43_
--------
*c84509cfb4ad377c450bd3960a49a3c4*
`登陆天数: 37天 / 675天
等级: 130
石头: 2120
呼符: 14
体力: 24.39666666666666 / 138
友情点: 0 / 480225`
_2024-06-29 04:15:51_
--------
*52405f19031fac8559b666a148f775b3*
`登陆天数: 37天 / 674天
等级: 130
石头: 2595
呼符: 14
体力: 24.36666666666666 / 138
友情点: 0 / 474465`
_2024-06-29 04:16:00_
--------
*7518a642d74f8ba62456ff7d91fbe4c0*
`登陆天数: 37天 / 675天
等级: 130
石头: 3573
呼符: 14
体力: 24.343333333333334 / 138
友情点: 0 / 412545`
_2024-06-29 04:16:08_
--------
*369a580e4c636db740cc45cd14125989*
`登陆天数: 37天 / 675天
等级: 130
石头: 1995
呼符: 14
体力: 24.313333333333333 / 138
友情点: 0 / 481280`
_2024-06-29 04:16:16_
--------
